#
# There is insufficient memory for the Java Runtime Environment to continue.
# Native memory allocation (malloc) failed to allocate 1009936 bytes for Chunk::new
# Possible reasons:
#   The system is out of physical RAM or swap space
#   The process is running with CompressedOops enabled, and the Java Heap may be blocking the growth of the native heap
# Possible solutions:
#   Reduce memory load on the system
#   Increase physical memory or swap space
#   Check if swap backing store is full
#   Decrease Java heap size (-Xmx/-Xms)
#   Decrease number of Java threads
#   Decrease Java thread stack sizes (-Xss)
#   Set larger code cache with -XX:ReservedCodeCacheSize=
#   JVM is running with Unscaled Compressed Oops mode in which the Java heap is
#     placed in the first 4GB address space. The Java Heap base address is the
#     maximum limit for the native heap growth. Please use -XX:HeapBaseMinAddress
#     to set the Java Heap base and to place the Java Heap above 4GB virtual address.
# This output file may be truncated or incomplete.
#
#  Out of Memory Error (arena.cpp:197), pid=12724, tid=6152
#
# JRE version: OpenJDK Runtime Environment Corretto-11.0.19.7.1 (11.0.19+7) (build 11.0.19+7-LTS)
# Java VM: OpenJDK 64-Bit Server VM Corretto-11.0.19.7.1 (11.0.19+7-LTS, mixed mode, tiered, compressed oops, g1 gc, windows-amd64)
# No core dump will be written. Minidumps are not enabled by default on client versions of Windows
#

---------------  S U M M A R Y ------------

Command Line: -XX:MaxMetaspaceSize=256m -XX:+HeapDumpOnOutOfMemoryError --add-opens=java.base/java.util=ALL-UNNAMED --add-opens=java.base/java.lang=ALL-UNNAMED --add-opens=java.base/java.lang.invoke=ALL-UNNAMED --add-opens=java.base/java.util=ALL-UNNAMED --add-opens=java.prefs/java.util.prefs=ALL-UNNAMED --add-opens=java.prefs/java.util.prefs=ALL-UNNAMED --add-opens=java.base/java.nio.charset=ALL-UNNAMED --add-opens=java.base/java.net=ALL-UNNAMED --add-opens=java.base/java.util.concurrent.atomic=ALL-UNNAMED -Xms256m -Xmx512m -Dfile.encoding=windows-1252 -Duser.country=US -Duser.language=en -Duser.variant org.gradle.launcher.daemon.bootstrap.GradleDaemon 7.5

Host: Intel(R) Core(TM) i5-5300U CPU @ 2.30GHz, 4 cores, 7G,  Windows 10 , 64 bit Build 19041 (10.0.19041.2913)
Time: Tue May  2 17:19:05 2023 India Standard Time elapsed time: 22.115905 seconds (0d 0h 0m 22s)

---------------  T H R E A D  ---------------

Current thread (0x000002b85b527800):  JavaThread "C2 CompilerThread0" daemon [_thread_in_native, id=6152, stack(0x000000f86db00000,0x000000f86dc00000)]


Current CompileTask:
C2:  22116 6144       4       org.objectweb.asm.Frame::execute (2318 bytes)

Stack: [0x000000f86db00000,0x000000f86dc00000]
Native frames: (J=compiled Java code, j=interpreted, Vv=VM code, C=native code)
V  [jvm.dll+0x6235aa]
V  [jvm.dll+0x7b0f89]
V  [jvm.dll+0x7b2678]
V  [jvm.dll+0x7b2d53]
V  [jvm.dll+0x24fe38]
V  [jvm.dll+0xc264c]
V  [jvm.dll+0xc2c0c]
V  [jvm.dll+0x2c3dd4]
V  [jvm.dll+0x53215c]
V  [jvm.dll+0x21136b]
V  [jvm.dll+0x20b0d4]
V  [jvm.dll+0x2082eb]
V  [jvm.dll+0x18a3c1]
V  [jvm.dll+0x217ab4]
V  [jvm.dll+0x215cfb]
V  [jvm.dll+0x773a90]
V  [jvm.dll+0x76c9c4]
V  [jvm.dll+0x622415]
C  [ucrtbase.dll+0x21bb2]
C  [KERNEL32.DLL+0x17614]
C  [ntdll.dll+0x526a1]


---------------  P R O C E S S  ---------------

Threads class SMR info:
_java_thread_list=0x000002b85ce3f8f0, length=79, elements={
0x000002b83fe5a800, 0x000002b85b510800, 0x000002b85b507000, 0x000002b85b523000,
0x000002b85b523800, 0x000002b85b524800, 0x000002b85b527800, 0x000002b85b528800,
0x000002b85b537800, 0x000002b85bfdf800, 0x000002b85dcd3800, 0x000002b85f259800,
0x000002b85cff1800, 0x000002b85dd40800, 0x000002b85c58d800, 0x000002b85f150800,
0x000002b85c48e800, 0x000002b85e517800, 0x000002b85d755000, 0x000002b85c450800,
0x000002b85e7b0000, 0x000002b85e7ad800, 0x000002b85e7aa000, 0x000002b85e7ac000,
0x000002b85e7af000, 0x000002b85e7b0800, 0x000002b85e7ac800, 0x000002b85e7ae000,
0x000002b85e7ab000, 0x000002b85f7a8000, 0x000002b85f7a6800, 0x000002b85f7a9000,
0x000002b85f7a3000, 0x000002b85f7a9800, 0x000002b85f7a4000, 0x000002b85f7ab800,
0x000002b85f7a5800, 0x000002b85f7b2000, 0x000002b85f7b0800, 0x000002b85f7ad000,
0x000002b85f7ac000, 0x000002b85f7b1000, 0x000002b85f7ae000, 0x000002b85f7ae800,
0x000002b85f7af800, 0x000002b85fc2a000, 0x000002b85fc2c800, 0x000002b85fc2d800,
0x000002b85fc2e000, 0x000002b85fc29000, 0x000002b85fc2b000, 0x000002b85fc2b800,
0x000002b85fc28800, 0x000002b85fc2f000, 0x000002b85fc33000, 0x000002b85fc34000,
0x000002b85fc34800, 0x000002b85fc35800, 0x000002b85fc31800, 0x000002b85fc30000,
0x000002b85fc30800, 0x000002b85fc32000, 0x000002b85fc37000, 0x000002b85fc36800,
0x000002b85d133000, 0x000002b85d130800, 0x000002b85d134800, 0x000002b85d134000,
0x000002b85d135800, 0x000002b85d136800, 0x000002b85d137000, 0x000002b85d131800,
0x000002b85d132000, 0x000002b85d13c000, 0x000002b85d13d000, 0x000002b85d139000,
0x000002b85d13d800, 0x000002b85f6cb800, 0x000002b85d139800
}

Java Threads: ( => current thread )
  0x000002b83fe5a800 JavaThread "main" [_thread_blocked, id=4044, stack(0x000000f86ce00000,0x000000f86cf00000)]
  0x000002b85b510800 JavaThread "Reference Handler" daemon [_thread_blocked, id=15292, stack(0x000000f86d600000,0x000000f86d700000)]
  0x000002b85b507000 JavaThread "Finalizer" daemon [_thread_blocked, id=4844, stack(0x000000f86d700000,0x000000f86d800000)]
  0x000002b85b523000 JavaThread "Signal Dispatcher" daemon [_thread_blocked, id=12252, stack(0x000000f86d800000,0x000000f86d900000)]
  0x000002b85b523800 JavaThread "Attach Listener" daemon [_thread_blocked, id=14588, stack(0x000000f86d900000,0x000000f86da00000)]
  0x000002b85b524800 JavaThread "Service Thread" daemon [_thread_blocked, id=14316, stack(0x000000f86da00000,0x000000f86db00000)]
=>0x000002b85b527800 JavaThread "C2 CompilerThread0" daemon [_thread_in_native, id=6152, stack(0x000000f86db00000,0x000000f86dc00000)]
  0x000002b85b528800 JavaThread "C1 CompilerThread0" daemon [_thread_blocked, id=13416, stack(0x000000f86dc00000,0x000000f86dd00000)]
  0x000002b85b537800 JavaThread "Sweeper thread" daemon [_thread_blocked, id=8564, stack(0x000000f86dd00000,0x000000f86de00000)]
  0x000002b85bfdf800 JavaThread "Common-Cleaner" daemon [_thread_blocked, id=15140, stack(0x000000f86de00000,0x000000f86df00000)]
  0x000002b85dcd3800 JavaThread "Daemon health stats" [_thread_blocked, id=15984, stack(0x000000f86e400000,0x000000f86e500000)]
  0x000002b85f259800 JavaThread "Incoming local TCP Connector on port 54160" [_thread_in_native, id=16120, stack(0x000000f86e000000,0x000000f86e100000)]
  0x000002b85cff1800 JavaThread "Daemon periodic checks" [_thread_blocked, id=1328, stack(0x000000f86e500000,0x000000f86e600000)]
  0x000002b85dd40800 JavaThread "Daemon" [_thread_blocked, id=9444, stack(0x000000f86e600000,0x000000f86e700000)]
  0x000002b85c58d800 JavaThread "Handler for socket connection from /127.0.0.1:54160 to /127.0.0.1:54161" [_thread_in_native, id=15588, stack(0x000000f86e700000,0x000000f86e800000)]
  0x000002b85f150800 JavaThread "Cancel handler" [_thread_blocked, id=14184, stack(0x000000f86e800000,0x000000f86e900000)]
  0x000002b85c48e800 JavaThread "Daemon worker" [_thread_in_vm, id=7824, stack(0x000000f86e900000,0x000000f86ea00000)]
  0x000002b85e517800 JavaThread "Asynchronous log dispatcher for DefaultDaemonConnection: socket connection from /127.0.0.1:54160 to /127.0.0.1:54161" [_thread_blocked, id=9636, stack(0x000000f86ea00000,0x000000f86eb00000)]
  0x000002b85d755000 JavaThread "Stdin handler" [_thread_blocked, id=9568, stack(0x000000f86eb00000,0x000000f86ec00000)]
  0x000002b85c450800 JavaThread "Daemon client event forwarder" [_thread_blocked, id=12916, stack(0x000000f86ec00000,0x000000f86ed00000)]
  0x000002b85e7b0000 JavaThread "Cache worker for journal cache (C:\Users\CCI\.gradle\caches\journal-1)" [_thread_blocked, id=14464, stack(0x000000f86ed00000,0x000000f86ee00000)]
  0x000002b85e7ad800 JavaThread "File lock request listener" [_thread_in_native, id=13056, stack(0x000000f86ee00000,0x000000f86ef00000)]
  0x000002b85e7aa000 JavaThread "Cache worker for file hash cache (C:\Users\CCI\.gradle\caches\7.5\fileHashes)" [_thread_blocked, id=14192, stack(0x000000f86ef00000,0x000000f86f000000)]
  0x000002b85e7ac000 JavaThread "File watcher server" daemon [_thread_in_native, id=15536, stack(0x000000f86f100000,0x000000f86f200000)]
  0x000002b85e7af000 JavaThread "File watcher consumer" daemon [_thread_blocked, id=12608, stack(0x000000f86f200000,0x000000f86f300000)]
  0x000002b85e7b0800 JavaThread "jar transforms" [_thread_blocked, id=11144, stack(0x000000f86f300000,0x000000f86f400000)]
  0x000002b85e7ac800 JavaThread "jar transforms Thread 2" [_thread_blocked, id=14644, stack(0x000000f86f400000,0x000000f86f500000)]
  0x000002b85e7ae000 JavaThread "jar transforms Thread 3" [_thread_blocked, id=14772, stack(0x000000f86f500000,0x000000f86f600000)]
  0x000002b85e7ab000 JavaThread "jar transforms Thread 4" [_thread_blocked, id=10268, stack(0x000000f86f600000,0x000000f86f700000)]
  0x000002b85f7a8000 JavaThread "Cache worker for checksums cache (C:\Users\CCI\Mcura\QueueManagement\.gradle\7.5\checksums)" [_thread_blocked, id=15848, stack(0x000000f86f700000,0x000000f86f800000)]
  0x000002b85f7a6800 JavaThread "Cache worker for cache directory md-rule (C:\Users\CCI\.gradle\caches\7.5\md-rule)" [_thread_blocked, id=13084, stack(0x000000f86f800000,0x000000f86f900000)]
  0x000002b85f7a9000 JavaThread "Cache worker for file content cache (C:\Users\CCI\.gradle\caches\7.5\fileContent)" [_thread_blocked, id=4120, stack(0x000000f86f900000,0x000000f86fa00000)]
  0x000002b85f7a3000 JavaThread "Cache worker for file hash cache (C:\Users\CCI\Mcura\QueueManagement\.gradle\7.5\fileHashes)" [_thread_blocked, id=13088, stack(0x000000f86fa00000,0x000000f86fb00000)]
  0x000002b85f7a9800 JavaThread "Cache worker for cache directory md-supplier (C:\Users\CCI\.gradle\caches\7.5\md-supplier)" [_thread_blocked, id=15672, stack(0x000000f86fb00000,0x000000f86fc00000)]
  0x000002b85f7a4000 JavaThread "Cache worker for execution history cache (C:\Users\CCI\.gradle\caches\7.5\executionHistory)" [_thread_blocked, id=11948, stack(0x000000f86fc00000,0x000000f86fd00000)]
  0x000002b85f7ab800 JavaThread "Cache worker for dependencies-accessors (C:\Users\CCI\Mcura\QueueManagement\.gradle\7.5\dependencies-accessors)" [_thread_blocked, id=13836, stack(0x000000f86fd00000,0x000000f86fe00000)]
  0x000002b85f7a5800 JavaThread "Cache worker for Build Output Cleanup Cache (C:\Users\CCI\Mcura\QueueManagement\.gradle\buildOutputCleanup)" [_thread_blocked, id=15808, stack(0x000000f86fe00000,0x000000f86ff00000)]
  0x000002b85f7b2000 JavaThread "Unconstrained build operations" [_thread_blocked, id=12080, stack(0x000000f86ff00000,0x000000f870000000)]
  0x000002b85f7b0800 JavaThread "Unconstrained build operations Thread 2" [_thread_blocked, id=4676, stack(0x000000f870000000,0x000000f870100000)]
  0x000002b85f7ad000 JavaThread "Unconstrained build operations Thread 3" [_thread_blocked, id=10796, stack(0x000000f870100000,0x000000f870200000)]
  0x000002b85f7ac000 JavaThread "Unconstrained build operations Thread 4" [_thread_blocked, id=2124, stack(0x000000f870200000,0x000000f870300000)]
  0x000002b85f7b1000 JavaThread "Unconstrained build operations Thread 5" [_thread_blocked, id=14828, stack(0x000000f870300000,0x000000f870400000)]
  0x000002b85f7ae000 JavaThread "Unconstrained build operations Thread 6" [_thread_blocked, id=8676, stack(0x000000f870400000,0x000000f870500000)]
  0x000002b85f7ae800 JavaThread "Unconstrained build operations Thread 7" [_thread_blocked, id=13868, stack(0x000000f870500000,0x000000f870600000)]
  0x000002b85f7af800 JavaThread "Unconstrained build operations Thread 8" [_thread_blocked, id=11108, stack(0x000000f870600000,0x000000f870700000)]
  0x000002b85fc2a000 JavaThread "Unconstrained build operations Thread 9" [_thread_blocked, id=8352, stack(0x000000f870700000,0x000000f870800000)]
  0x000002b85fc2c800 JavaThread "Unconstrained build operations Thread 10" [_thread_blocked, id=316, stack(0x000000f870800000,0x000000f870900000)]
  0x000002b85fc2d800 JavaThread "Unconstrained build operations Thread 11" [_thread_blocked, id=3460, stack(0x000000f870900000,0x000000f870a00000)]
  0x000002b85fc2e000 JavaThread "Unconstrained build operations Thread 12" [_thread_blocked, id=13512, stack(0x000000f870a00000,0x000000f870b00000)]
  0x000002b85fc29000 JavaThread "Unconstrained build operations Thread 13" [_thread_blocked, id=1672, stack(0x000000f870b00000,0x000000f870c00000)]
  0x000002b85fc2b000 JavaThread "Unconstrained build operations Thread 14" [_thread_blocked, id=12644, stack(0x000000f870c00000,0x000000f870d00000)]
  0x000002b85fc2b800 JavaThread "Unconstrained build operations Thread 15" [_thread_blocked, id=5256, stack(0x000000f870d00000,0x000000f870e00000)]
  0x000002b85fc28800 JavaThread "Unconstrained build operations Thread 16" [_thread_blocked, id=16172, stack(0x000000f870e00000,0x000000f870f00000)]
  0x000002b85fc2f000 JavaThread "Unconstrained build operations Thread 17" [_thread_blocked, id=11556, stack(0x000000f870f00000,0x000000f871000000)]
  0x000002b85fc33000 JavaThread "Unconstrained build operations Thread 18" [_thread_blocked, id=15776, stack(0x000000f871000000,0x000000f871100000)]
  0x000002b85fc34000 JavaThread "Unconstrained build operations Thread 19" [_thread_blocked, id=8484, stack(0x000000f871100000,0x000000f871200000)]
  0x000002b85fc34800 JavaThread "Unconstrained build operations Thread 20" [_thread_blocked, id=6212, stack(0x000000f871200000,0x000000f871300000)]
  0x000002b85fc35800 JavaThread "Unconstrained build operations Thread 21" [_thread_blocked, id=9496, stack(0x000000f871300000,0x000000f871400000)]
  0x000002b85fc31800 JavaThread "Unconstrained build operations Thread 22" [_thread_blocked, id=400, stack(0x000000f871400000,0x000000f871500000)]
  0x000002b85fc30000 JavaThread "Unconstrained build operations Thread 23" [_thread_blocked, id=2580, stack(0x000000f871500000,0x000000f871600000)]
  0x000002b85fc30800 JavaThread "Unconstrained build operations Thread 24" [_thread_blocked, id=9680, stack(0x000000f871600000,0x000000f871700000)]
  0x000002b85fc32000 JavaThread "Unconstrained build operations Thread 25" [_thread_blocked, id=5740, stack(0x000000f871700000,0x000000f871800000)]
  0x000002b85fc37000 JavaThread "Unconstrained build operations Thread 26" [_thread_blocked, id=12632, stack(0x000000f871800000,0x000000f871900000)]
  0x000002b85fc36800 JavaThread "Unconstrained build operations Thread 27" [_thread_blocked, id=10732, stack(0x000000f871900000,0x000000f871a00000)]
  0x000002b85d133000 JavaThread "Unconstrained build operations Thread 28" [_thread_blocked, id=10836, stack(0x000000f871a00000,0x000000f871b00000)]
  0x000002b85d130800 JavaThread "Unconstrained build operations Thread 29" [_thread_blocked, id=13228, stack(0x000000f871b00000,0x000000f871c00000)]
  0x000002b85d134800 JavaThread "Unconstrained build operations Thread 30" [_thread_blocked, id=15852, stack(0x000000f871c00000,0x000000f871d00000)]
  0x000002b85d134000 JavaThread "Unconstrained build operations Thread 31" [_thread_blocked, id=13456, stack(0x000000f871d00000,0x000000f871e00000)]
  0x000002b85d135800 JavaThread "Unconstrained build operations Thread 32" [_thread_blocked, id=1584, stack(0x000000f871e00000,0x000000f871f00000)]
  0x000002b85d136800 JavaThread "Unconstrained build operations Thread 33" [_thread_blocked, id=14760, stack(0x000000f871f00000,0x000000f872000000)]
  0x000002b85d137000 JavaThread "Unconstrained build operations Thread 34" [_thread_blocked, id=2464, stack(0x000000f872000000,0x000000f872100000)]
  0x000002b85d131800 JavaThread "Unconstrained build operations Thread 35" [_thread_blocked, id=15412, stack(0x000000f872100000,0x000000f872200000)]
  0x000002b85d132000 JavaThread "Unconstrained build operations Thread 36" [_thread_blocked, id=2412, stack(0x000000f872200000,0x000000f872300000)]
  0x000002b85d13c000 JavaThread "Unconstrained build operations Thread 37" [_thread_blocked, id=12180, stack(0x000000f872300000,0x000000f872400000)]
  0x000002b85d13d000 JavaThread "Unconstrained build operations Thread 38" [_thread_blocked, id=11480, stack(0x000000f872400000,0x000000f872500000)]
  0x000002b85d139000 JavaThread "Unconstrained build operations Thread 39" [_thread_blocked, id=15056, stack(0x000000f872500000,0x000000f872600000)]
  0x000002b85d13d800 JavaThread "Unconstrained build operations Thread 40" [_thread_blocked, id=8912, stack(0x000000f872600000,0x000000f872700000)]
  0x000002b85f6cb800 JavaThread "C2 CompilerThread1" daemon [_thread_in_native, id=14924, stack(0x000000f86f000000,0x000000f86f100000)]
  0x000002b85d139800 JavaThread "Memory manager" [_thread_blocked, id=5868, stack(0x000000f872700000,0x000000f872800000)]

Other Threads:
  0x000002b85b4fd800 VMThread "VM Thread" [stack: 0x000000f86d500000,0x000000f86d600000] [id=9532]
  0x000002b85c004800 WatcherThread [stack: 0x000000f86df00000,0x000000f86e000000] [id=12072]
  0x000002b83fe74800 GCTaskThread "GC Thread#0" [stack: 0x000000f86d000000,0x000000f86d100000] [id=9600]
  0x000002b85c469800 GCTaskThread "GC Thread#1" [stack: 0x000000f86e100000,0x000000f86e200000] [id=14180]
  0x000002b85c969000 GCTaskThread "GC Thread#2" [stack: 0x000000f86e200000,0x000000f86e300000] [id=9780]
  0x000002b85c1da800 GCTaskThread "GC Thread#3" [stack: 0x000000f86e300000,0x000000f86e400000] [id=15396]
  0x000002b83fe84800 ConcurrentGCThread "G1 Main Marker" [stack: 0x000000f86d100000,0x000000f86d200000] [id=8552]
  0x000002b83fe86000 ConcurrentGCThread "G1 Conc#0" [stack: 0x000000f86d200000,0x000000f86d300000] [id=15040]
  0x000002b85b376800 ConcurrentGCThread "G1 Refine#0" [stack: 0x000000f86d300000,0x000000f86d400000] [id=16000]
  0x000002b85b377800 ConcurrentGCThread "G1 Young RemSet Sampling" [stack: 0x000000f86d400000,0x000000f86d500000] [id=11340]

Threads with active compile tasks:
C2 CompilerThread0    22207 6144       4       org.objectweb.asm.Frame::execute (2318 bytes)
C2 CompilerThread1    22208 6190       4       java.util.regex.Pattern::compile (498 bytes)

VM state:not at safepoint (normal execution)

VM Mutex/Monitor currently owned by a thread: None

Heap address: 0x00000000e0000000, size: 512 MB, Compressed Oops mode: 32-bit
Narrow klass base: 0x0000000000000000, Narrow klass shift: 3
Compressed class space size: 260046848 Address: 0x0000000100000000

Heap:
 garbage-first heap   total 262144K, used 148311K [0x00000000e0000000, 0x0000000100000000)
  region size 1024K, 37 young (37888K), 2 survivors (2048K)
 Metaspace       used 63190K, capacity 65147K, committed 65316K, reserved 311296K
  class space    used 8025K, capacity 8789K, committed 8908K, reserved 253952K
Heap Regions: E=young(eden), S=young(survivor), O=old, HS=humongous(starts), HC=humongous(continues), CS=collection set, F=free, A=archive, TAMS=top-at-mark-start (previous, next)
|   0|0x00000000e0000000, 0x00000000e0100000, 0x00000000e0100000|100%|HS|  |TAMS 0x00000000e0100000, 0x00000000e0000000| Complete 
|   1|0x00000000e0100000, 0x00000000e0200000, 0x00000000e0200000|100%|HC|  |TAMS 0x00000000e0200000, 0x00000000e0100000| Complete 
|   2|0x00000000e0200000, 0x00000000e0300000, 0x00000000e0300000|100%|HC|  |TAMS 0x00000000e0300000, 0x00000000e0200000| Complete 
|   3|0x00000000e0300000, 0x00000000e0400000, 0x00000000e0400000|100%| O|  |TAMS 0x00000000e0400000, 0x00000000e0300000| Untracked 
|   4|0x00000000e0400000, 0x00000000e0500000, 0x00000000e0500000|100%| O|  |TAMS 0x00000000e0500000, 0x00000000e0400000| Untracked 
|   5|0x00000000e0500000, 0x00000000e0600000, 0x00000000e0600000|100%| O|  |TAMS 0x00000000e0600000, 0x00000000e0500000| Untracked 
|   6|0x00000000e0600000, 0x00000000e0700000, 0x00000000e0700000|100%| O|  |TAMS 0x00000000e0700000, 0x00000000e0600000| Untracked 
|   7|0x00000000e0700000, 0x00000000e0800000, 0x00000000e0800000|100%| O|  |TAMS 0x00000000e0800000, 0x00000000e0700000| Untracked 
|   8|0x00000000e0800000, 0x00000000e0900000, 0x00000000e0900000|100%| O|  |TAMS 0x00000000e0900000, 0x00000000e0800000| Untracked 
|   9|0x00000000e0900000, 0x00000000e0a00000, 0x00000000e0a00000|100%| O|  |TAMS 0x00000000e0a00000, 0x00000000e0900000| Untracked 
|  10|0x00000000e0a00000, 0x00000000e0b00000, 0x00000000e0b00000|100%| O|  |TAMS 0x00000000e0b00000, 0x00000000e0a00000| Untracked 
|  11|0x00000000e0b00000, 0x00000000e0c00000, 0x00000000e0c00000|100%| O|  |TAMS 0x00000000e0c00000, 0x00000000e0b00000| Untracked 
|  12|0x00000000e0c00000, 0x00000000e0d00000, 0x00000000e0d00000|100%| O|  |TAMS 0x00000000e0d00000, 0x00000000e0c00000| Untracked 
|  13|0x00000000e0d00000, 0x00000000e0e00000, 0x00000000e0e00000|100%| O|  |TAMS 0x00000000e0e00000, 0x00000000e0d00000| Untracked 
|  14|0x00000000e0e00000, 0x00000000e0f00000, 0x00000000e0f00000|100%| O|  |TAMS 0x00000000e0f00000, 0x00000000e0e00000| Untracked 
|  15|0x00000000e0f00000, 0x00000000e1000000, 0x00000000e1000000|100%| O|  |TAMS 0x00000000e1000000, 0x00000000e0f00000| Untracked 
|  16|0x00000000e1000000, 0x00000000e1100000, 0x00000000e1100000|100%| O|  |TAMS 0x00000000e1100000, 0x00000000e1000000| Untracked 
|  17|0x00000000e1100000, 0x00000000e1200000, 0x00000000e1200000|100%|HS|  |TAMS 0x00000000e1200000, 0x00000000e1100000| Complete 
|  18|0x00000000e1200000, 0x00000000e1300000, 0x00000000e1300000|100%|HC|  |TAMS 0x00000000e1300000, 0x00000000e1200000| Complete 
|  19|0x00000000e1300000, 0x00000000e1400000, 0x00000000e1400000|100%|HS|  |TAMS 0x00000000e1400000, 0x00000000e1300000| Complete 
|  20|0x00000000e1400000, 0x00000000e1500000, 0x00000000e1500000|100%|HC|  |TAMS 0x00000000e1500000, 0x00000000e1400000| Complete 
|  21|0x00000000e1500000, 0x00000000e1600000, 0x00000000e1600000|100%|HC|  |TAMS 0x00000000e1600000, 0x00000000e1500000| Complete 
|  22|0x00000000e1600000, 0x00000000e1700000, 0x00000000e1700000|100%|HS|  |TAMS 0x00000000e1700000, 0x00000000e1600000| Complete 
|  23|0x00000000e1700000, 0x00000000e1800000, 0x00000000e1800000|100%|HC|  |TAMS 0x00000000e1800000, 0x00000000e1700000| Complete 
|  24|0x00000000e1800000, 0x00000000e1900000, 0x00000000e1900000|100%|HC|  |TAMS 0x00000000e1900000, 0x00000000e1800000| Complete 
|  25|0x00000000e1900000, 0x00000000e1a00000, 0x00000000e1a00000|100%|HS|  |TAMS 0x00000000e1a00000, 0x00000000e1900000| Complete 
|  26|0x00000000e1a00000, 0x00000000e1b00000, 0x00000000e1b00000|100%|HC|  |TAMS 0x00000000e1b00000, 0x00000000e1a00000| Complete 
|  27|0x00000000e1b00000, 0x00000000e1c00000, 0x00000000e1c00000|100%|HS|  |TAMS 0x00000000e1c00000, 0x00000000e1b00000| Complete 
|  28|0x00000000e1c00000, 0x00000000e1d00000, 0x00000000e1d00000|100%|HC|  |TAMS 0x00000000e1d00000, 0x00000000e1c00000| Complete 
|  29|0x00000000e1d00000, 0x00000000e1e00000, 0x00000000e1e00000|100%|HC|  |TAMS 0x00000000e1e00000, 0x00000000e1d00000| Complete 
|  30|0x00000000e1e00000, 0x00000000e1f00000, 0x00000000e1f00000|100%|HC|  |TAMS 0x00000000e1f00000, 0x00000000e1e00000| Complete 
|  31|0x00000000e1f00000, 0x00000000e2000000, 0x00000000e2000000|100%|HC|  |TAMS 0x00000000e2000000, 0x00000000e1f00000| Complete 
|  32|0x00000000e2000000, 0x00000000e2100000, 0x00000000e2100000|100%|HC|  |TAMS 0x00000000e2100000, 0x00000000e2000000| Complete 
|  33|0x00000000e2100000, 0x00000000e2200000, 0x00000000e2200000|100%|HC|  |TAMS 0x00000000e2200000, 0x00000000e2100000| Complete 
|  34|0x00000000e2200000, 0x00000000e2300000, 0x00000000e2300000|100%|HC|  |TAMS 0x00000000e2300000, 0x00000000e2200000| Complete 
|  35|0x00000000e2300000, 0x00000000e2400000, 0x00000000e2400000|100%|HC|  |TAMS 0x00000000e2400000, 0x00000000e2300000| Complete 
|  36|0x00000000e2400000, 0x00000000e2500000, 0x00000000e2500000|100%|HC|  |TAMS 0x00000000e2500000, 0x00000000e2400000| Complete 
|  37|0x00000000e2500000, 0x00000000e2600000, 0x00000000e2600000|100%|HS|  |TAMS 0x00000000e2600000, 0x00000000e2500000| Complete 
|  38|0x00000000e2600000, 0x00000000e2700000, 0x00000000e2700000|100%|HC|  |TAMS 0x00000000e2700000, 0x00000000e2600000| Complete 
|  39|0x00000000e2700000, 0x00000000e2800000, 0x00000000e2800000|100%|HS|  |TAMS 0x00000000e2800000, 0x00000000e2700000| Complete 
|  40|0x00000000e2800000, 0x00000000e2900000, 0x00000000e2900000|100%|HC|  |TAMS 0x00000000e2900000, 0x00000000e2800000| Complete 
|  41|0x00000000e2900000, 0x00000000e2a00000, 0x00000000e2a00000|100%|HC|  |TAMS 0x00000000e2a00000, 0x00000000e2900000| Complete 
|  42|0x00000000e2a00000, 0x00000000e2b00000, 0x00000000e2b00000|100%|HC|  |TAMS 0x00000000e2b00000, 0x00000000e2a00000| Complete 
|  43|0x00000000e2b00000, 0x00000000e2c00000, 0x00000000e2c00000|100%|HC|  |TAMS 0x00000000e2c00000, 0x00000000e2b00000| Complete 
|  44|0x00000000e2c00000, 0x00000000e2d00000, 0x00000000e2d00000|100%|HC|  |TAMS 0x00000000e2d00000, 0x00000000e2c00000| Complete 
|  45|0x00000000e2d00000, 0x00000000e2e00000, 0x00000000e2e00000|100%|HS|  |TAMS 0x00000000e2e00000, 0x00000000e2d00000| Complete 
|  46|0x00000000e2e00000, 0x00000000e2f00000, 0x00000000e2f00000|100%| O|  |TAMS 0x00000000e2f00000, 0x00000000e2e00000| Untracked 
|  47|0x00000000e2f00000, 0x00000000e3000000, 0x00000000e3000000|100%| O|  |TAMS 0x00000000e3000000, 0x00000000e2f00000| Untracked 
|  48|0x00000000e3000000, 0x00000000e3100000, 0x00000000e3100000|100%| O|  |TAMS 0x00000000e3100000, 0x00000000e3000000| Untracked 
|  49|0x00000000e3100000, 0x00000000e3200000, 0x00000000e3200000|100%| O|  |TAMS 0x00000000e3200000, 0x00000000e3100000| Untracked 
|  50|0x00000000e3200000, 0x00000000e3300000, 0x00000000e3300000|100%| O|  |TAMS 0x00000000e3300000, 0x00000000e3200000| Untracked 
|  51|0x00000000e3300000, 0x00000000e3400000, 0x00000000e3400000|100%| O|  |TAMS 0x00000000e3400000, 0x00000000e3300000| Untracked 
|  52|0x00000000e3400000, 0x00000000e3500000, 0x00000000e3500000|100%| O|  |TAMS 0x00000000e3500000, 0x00000000e3400000| Untracked 
|  53|0x00000000e3500000, 0x00000000e3600000, 0x00000000e3600000|100%| O|  |TAMS 0x00000000e3600000, 0x00000000e3500000| Untracked 
|  54|0x00000000e3600000, 0x00000000e3700000, 0x00000000e3700000|100%|HS|  |TAMS 0x00000000e3700000, 0x00000000e3600000| Complete 
|  55|0x00000000e3700000, 0x00000000e3800000, 0x00000000e3800000|100%|HC|  |TAMS 0x00000000e3800000, 0x00000000e3700000| Complete 
|  56|0x00000000e3800000, 0x00000000e3900000, 0x00000000e3900000|100%|HC|  |TAMS 0x00000000e3900000, 0x00000000e3800000| Complete 
|  57|0x00000000e3900000, 0x00000000e3a00000, 0x00000000e3a00000|100%|HC|  |TAMS 0x00000000e3a00000, 0x00000000e3900000| Complete 
|  58|0x00000000e3a00000, 0x00000000e3b00000, 0x00000000e3b00000|100%|HC|  |TAMS 0x00000000e3b00000, 0x00000000e3a00000| Complete 
|  59|0x00000000e3b00000, 0x00000000e3c00000, 0x00000000e3c00000|100%|HC|  |TAMS 0x00000000e3c00000, 0x00000000e3b00000| Complete 
|  60|0x00000000e3c00000, 0x00000000e3d00000, 0x00000000e3d00000|100%|HC|  |TAMS 0x00000000e3d00000, 0x00000000e3c00000| Complete 
|  61|0x00000000e3d00000, 0x00000000e3e00000, 0x00000000e3e00000|100%|HC|  |TAMS 0x00000000e3e00000, 0x00000000e3d00000| Complete 
|  62|0x00000000e3e00000, 0x00000000e3f00000, 0x00000000e3f00000|100%|HC|  |TAMS 0x00000000e3f00000, 0x00000000e3e00000| Complete 
|  63|0x00000000e3f00000, 0x00000000e4000000, 0x00000000e4000000|100%|HC|  |TAMS 0x00000000e4000000, 0x00000000e3f00000| Complete 
|  64|0x00000000e4000000, 0x00000000e4100000, 0x00000000e4100000|100%|HC|  |TAMS 0x00000000e4100000, 0x00000000e4000000| Complete 
|  65|0x00000000e4100000, 0x00000000e4200000, 0x00000000e4200000|100%|HS|  |TAMS 0x00000000e4200000, 0x00000000e4100000| Complete 
|  66|0x00000000e4200000, 0x00000000e4300000, 0x00000000e4300000|100%|HC|  |TAMS 0x00000000e4300000, 0x00000000e4200000| Complete 
|  67|0x00000000e4300000, 0x00000000e4400000, 0x00000000e4400000|100%|HS|  |TAMS 0x00000000e4400000, 0x00000000e4300000| Complete 
|  68|0x00000000e4400000, 0x00000000e4500000, 0x00000000e4500000|100%|HC|  |TAMS 0x00000000e4500000, 0x00000000e4400000| Complete 
|  69|0x00000000e4500000, 0x00000000e4600000, 0x00000000e4600000|100%|HC|  |TAMS 0x00000000e4600000, 0x00000000e4500000| Complete 
|  70|0x00000000e4600000, 0x00000000e4700000, 0x00000000e4700000|100%|HS|  |TAMS 0x00000000e4700000, 0x00000000e4600000| Complete 
|  71|0x00000000e4700000, 0x00000000e4800000, 0x00000000e4800000|100%|HC|  |TAMS 0x00000000e4800000, 0x00000000e4700000| Complete 
|  72|0x00000000e4800000, 0x00000000e4900000, 0x00000000e4900000|100%|HS|  |TAMS 0x00000000e4900000, 0x00000000e4800000| Complete 
|  73|0x00000000e4900000, 0x00000000e4a00000, 0x00000000e4a00000|100%|HC|  |TAMS 0x00000000e4a00000, 0x00000000e4900000| Complete 
|  74|0x00000000e4a00000, 0x00000000e4b00000, 0x00000000e4b00000|100%|HC|  |TAMS 0x00000000e4b00000, 0x00000000e4a00000| Complete 
|  75|0x00000000e4b00000, 0x00000000e4c00000, 0x00000000e4c00000|100%|HS|  |TAMS 0x00000000e4c00000, 0x00000000e4b00000| Complete 
|  76|0x00000000e4c00000, 0x00000000e4d00000, 0x00000000e4d00000|100%|HS|  |TAMS 0x00000000e4d00000, 0x00000000e4c00000| Complete 
|  77|0x00000000e4d00000, 0x00000000e4e00000, 0x00000000e4e00000|100%|HC|  |TAMS 0x00000000e4e00000, 0x00000000e4d00000| Complete 
|  78|0x00000000e4e00000, 0x00000000e4f00000, 0x00000000e4f00000|100%|HC|  |TAMS 0x00000000e4f00000, 0x00000000e4e00000| Complete 
|  79|0x00000000e4f00000, 0x00000000e5000000, 0x00000000e5000000|100%|HC|  |TAMS 0x00000000e5000000, 0x00000000e4f00000| Complete 
|  80|0x00000000e5000000, 0x00000000e5100000, 0x00000000e5100000|100%|HC|  |TAMS 0x00000000e5100000, 0x00000000e5000000| Complete 
|  81|0x00000000e5100000, 0x00000000e5200000, 0x00000000e5200000|100%|HC|  |TAMS 0x00000000e5200000, 0x00000000e5100000| Complete 
|  82|0x00000000e5200000, 0x00000000e5300000, 0x00000000e5300000|100%|HS|  |TAMS 0x00000000e5300000, 0x00000000e5200000| Complete 
|  83|0x00000000e5300000, 0x00000000e5400000, 0x00000000e5400000|100%| O|  |TAMS 0x00000000e5400000, 0x00000000e5300000| Untracked 
|  84|0x00000000e5400000, 0x00000000e5500000, 0x00000000e5500000|100%| O|  |TAMS 0x00000000e5500000, 0x00000000e5400000| Untracked 
|  85|0x00000000e5500000, 0x00000000e5600000, 0x00000000e5600000|100%| O|  |TAMS 0x00000000e5600000, 0x00000000e5500000| Untracked 
|  86|0x00000000e5600000, 0x00000000e5700000, 0x00000000e5700000|100%| O|  |TAMS 0x00000000e5700000, 0x00000000e5600000| Untracked 
|  87|0x00000000e5700000, 0x00000000e5800000, 0x00000000e5800000|100%| O|  |TAMS 0x00000000e5800000, 0x00000000e5700000| Untracked 
|  88|0x00000000e5800000, 0x00000000e5900000, 0x00000000e5900000|100%| O|  |TAMS 0x00000000e5900000, 0x00000000e5800000| Untracked 
|  89|0x00000000e5900000, 0x00000000e5a00000, 0x00000000e5a00000|100%| O|  |TAMS 0x00000000e5a00000, 0x00000000e5900000| Untracked 
|  90|0x00000000e5a00000, 0x00000000e5b00000, 0x00000000e5b00000|100%|HS|  |TAMS 0x00000000e5b00000, 0x00000000e5a00000| Complete 
|  91|0x00000000e5b00000, 0x00000000e5c00000, 0x00000000e5c00000|100%| O|  |TAMS 0x00000000e5c00000, 0x00000000e5b00000| Untracked 
|  92|0x00000000e5c00000, 0x00000000e5d00000, 0x00000000e5d00000|100%| O|  |TAMS 0x00000000e5d00000, 0x00000000e5c00000| Untracked 
|  93|0x00000000e5d00000, 0x00000000e5e00000, 0x00000000e5e00000|100%| O|  |TAMS 0x00000000e5e00000, 0x00000000e5d00000| Untracked 
|  94|0x00000000e5e00000, 0x00000000e5f00000, 0x00000000e5f00000|100%| O|  |TAMS 0x00000000e5f00000, 0x00000000e5e00000| Untracked 
|  95|0x00000000e5f00000, 0x00000000e6000000, 0x00000000e6000000|100%| O|  |TAMS 0x00000000e6000000, 0x00000000e5f00000| Untracked 
|  96|0x00000000e6000000, 0x00000000e6100000, 0x00000000e6100000|100%| O|  |TAMS 0x00000000e6100000, 0x00000000e6000000| Untracked 
|  97|0x00000000e6100000, 0x00000000e6200000, 0x00000000e6200000|100%| O|  |TAMS 0x00000000e6200000, 0x00000000e6100000| Untracked 
|  98|0x00000000e6200000, 0x00000000e6300000, 0x00000000e6300000|100%| O|  |TAMS 0x00000000e6300000, 0x00000000e6200000| Untracked 
|  99|0x00000000e6300000, 0x00000000e6400000, 0x00000000e6400000|100%| O|  |TAMS 0x00000000e6400000, 0x00000000e6300000| Untracked 
| 100|0x00000000e6400000, 0x00000000e6500000, 0x00000000e6500000|100%| O|  |TAMS 0x00000000e6500000, 0x00000000e6400000| Untracked 
| 101|0x00000000e6500000, 0x00000000e6600000, 0x00000000e6600000|100%| O|  |TAMS 0x00000000e6600000, 0x00000000e6500000| Untracked 
| 102|0x00000000e6600000, 0x00000000e6700000, 0x00000000e6700000|100%| O|  |TAMS 0x00000000e6700000, 0x00000000e6600000| Untracked 
| 103|0x00000000e6700000, 0x00000000e6800000, 0x00000000e6800000|100%| O|  |TAMS 0x00000000e6800000, 0x00000000e6700000| Untracked 
| 104|0x00000000e6800000, 0x00000000e6900000, 0x00000000e6900000|100%| O|  |TAMS 0x00000000e6900000, 0x00000000e6800000| Untracked 
| 105|0x00000000e6900000, 0x00000000e6a00000, 0x00000000e6a00000|100%| O|  |TAMS 0x00000000e6a00000, 0x00000000e6900000| Untracked 
| 106|0x00000000e6a00000, 0x00000000e6b00000, 0x00000000e6b00000|100%| O|  |TAMS 0x00000000e6b00000, 0x00000000e6a00000| Untracked 
| 107|0x00000000e6b00000, 0x00000000e6c00000, 0x00000000e6c00000|100%| O|  |TAMS 0x00000000e6c00000, 0x00000000e6b00000| Untracked 
| 108|0x00000000e6c00000, 0x00000000e6cdb800, 0x00000000e6d00000| 85%| O|  |TAMS 0x00000000e6cdb800, 0x00000000e6c00000| Untracked 
| 109|0x00000000e6d00000, 0x00000000e6d00000, 0x00000000e6e00000|  0%| F|  |TAMS 0x00000000e6d00000, 0x00000000e6d00000| Untracked 
| 110|0x00000000e6e00000, 0x00000000e6e00000, 0x00000000e6f00000|  0%| F|  |TAMS 0x00000000e6e00000, 0x00000000e6e00000| Untracked 
| 111|0x00000000e6f00000, 0x00000000e6f00000, 0x00000000e7000000|  0%| F|  |TAMS 0x00000000e6f00000, 0x00000000e6f00000| Untracked 
| 112|0x00000000e7000000, 0x00000000e7000000, 0x00000000e7100000|  0%| F|  |TAMS 0x00000000e7000000, 0x00000000e7000000| Untracked 
| 113|0x00000000e7100000, 0x00000000e7100000, 0x00000000e7200000|  0%| F|  |TAMS 0x00000000e7100000, 0x00000000e7100000| Untracked 
| 114|0x00000000e7200000, 0x00000000e7200000, 0x00000000e7300000|  0%| F|  |TAMS 0x00000000e7200000, 0x00000000e7200000| Untracked 
| 115|0x00000000e7300000, 0x00000000e7300000, 0x00000000e7400000|  0%| F|  |TAMS 0x00000000e7300000, 0x00000000e7300000| Untracked 
| 116|0x00000000e7400000, 0x00000000e7400000, 0x00000000e7500000|  0%| F|  |TAMS 0x00000000e7400000, 0x00000000e7400000| Untracked 
| 117|0x00000000e7500000, 0x00000000e7500000, 0x00000000e7600000|  0%| F|  |TAMS 0x00000000e7500000, 0x00000000e7500000| Untracked 
| 118|0x00000000e7600000, 0x00000000e7600000, 0x00000000e7700000|  0%| F|  |TAMS 0x00000000e7600000, 0x00000000e7600000| Untracked 
| 119|0x00000000e7700000, 0x00000000e7700000, 0x00000000e7800000|  0%| F|  |TAMS 0x00000000e7700000, 0x00000000e7700000| Untracked 
| 120|0x00000000e7800000, 0x00000000e7800000, 0x00000000e7900000|  0%| F|  |TAMS 0x00000000e7800000, 0x00000000e7800000| Untracked 
| 121|0x00000000e7900000, 0x00000000e7900000, 0x00000000e7a00000|  0%| F|  |TAMS 0x00000000e7900000, 0x00000000e7900000| Untracked 
| 122|0x00000000e7a00000, 0x00000000e7a00000, 0x00000000e7b00000|  0%| F|  |TAMS 0x00000000e7a00000, 0x00000000e7a00000| Untracked 
| 123|0x00000000e7b00000, 0x00000000e7b00000, 0x00000000e7c00000|  0%| F|  |TAMS 0x00000000e7b00000, 0x00000000e7b00000| Untracked 
| 124|0x00000000e7c00000, 0x00000000e7c00000, 0x00000000e7d00000|  0%| F|  |TAMS 0x00000000e7c00000, 0x00000000e7c00000| Untracked 
| 125|0x00000000e7d00000, 0x00000000e7d00000, 0x00000000e7e00000|  0%| F|  |TAMS 0x00000000e7d00000, 0x00000000e7d00000| Untracked 
| 126|0x00000000e7e00000, 0x00000000e7e00000, 0x00000000e7f00000|  0%| F|  |TAMS 0x00000000e7e00000, 0x00000000e7e00000| Untracked 
| 127|0x00000000e7f00000, 0x00000000e7f00000, 0x00000000e8000000|  0%| F|  |TAMS 0x00000000e7f00000, 0x00000000e7f00000| Untracked 
| 128|0x00000000e8000000, 0x00000000e8000000, 0x00000000e8100000|  0%| F|  |TAMS 0x00000000e8000000, 0x00000000e8000000| Untracked 
| 129|0x00000000e8100000, 0x00000000e8100000, 0x00000000e8200000|  0%| F|  |TAMS 0x00000000e8100000, 0x00000000e8100000| Untracked 
| 130|0x00000000e8200000, 0x00000000e8200000, 0x00000000e8300000|  0%| F|  |TAMS 0x00000000e8200000, 0x00000000e8200000| Untracked 
| 131|0x00000000e8300000, 0x00000000e8300000, 0x00000000e8400000|  0%| F|  |TAMS 0x00000000e8300000, 0x00000000e8300000| Untracked 
| 132|0x00000000e8400000, 0x00000000e8400000, 0x00000000e8500000|  0%| F|  |TAMS 0x00000000e8400000, 0x00000000e8400000| Untracked 
| 133|0x00000000e8500000, 0x00000000e8500000, 0x00000000e8600000|  0%| F|  |TAMS 0x00000000e8500000, 0x00000000e8500000| Untracked 
| 134|0x00000000e8600000, 0x00000000e8600000, 0x00000000e8700000|  0%| F|  |TAMS 0x00000000e8600000, 0x00000000e8600000| Untracked 
| 135|0x00000000e8700000, 0x00000000e8700000, 0x00000000e8800000|  0%| F|  |TAMS 0x00000000e8700000, 0x00000000e8700000| Untracked 
| 136|0x00000000e8800000, 0x00000000e8800000, 0x00000000e8900000|  0%| F|  |TAMS 0x00000000e8800000, 0x00000000e8800000| Untracked 
| 137|0x00000000e8900000, 0x00000000e8900000, 0x00000000e8a00000|  0%| F|  |TAMS 0x00000000e8900000, 0x00000000e8900000| Untracked 
| 138|0x00000000e8a00000, 0x00000000e8a00000, 0x00000000e8b00000|  0%| F|  |TAMS 0x00000000e8a00000, 0x00000000e8a00000| Untracked 
| 139|0x00000000e8b00000, 0x00000000e8b00000, 0x00000000e8c00000|  0%| F|  |TAMS 0x00000000e8b00000, 0x00000000e8b00000| Untracked 
| 140|0x00000000e8c00000, 0x00000000e8c00000, 0x00000000e8d00000|  0%| F|  |TAMS 0x00000000e8c00000, 0x00000000e8c00000| Untracked 
| 141|0x00000000e8d00000, 0x00000000e8d00000, 0x00000000e8e00000|  0%| F|  |TAMS 0x00000000e8d00000, 0x00000000e8d00000| Untracked 
| 142|0x00000000e8e00000, 0x00000000e8e00000, 0x00000000e8f00000|  0%| F|  |TAMS 0x00000000e8e00000, 0x00000000e8e00000| Untracked 
| 143|0x00000000e8f00000, 0x00000000e8f00000, 0x00000000e9000000|  0%| F|  |TAMS 0x00000000e8f00000, 0x00000000e8f00000| Untracked 
| 144|0x00000000e9000000, 0x00000000e9000000, 0x00000000e9100000|  0%| F|  |TAMS 0x00000000e9000000, 0x00000000e9000000| Untracked 
| 145|0x00000000e9100000, 0x00000000e9100000, 0x00000000e9200000|  0%| F|  |TAMS 0x00000000e9100000, 0x00000000e9100000| Untracked 
| 146|0x00000000e9200000, 0x00000000e9200000, 0x00000000e9300000|  0%| F|  |TAMS 0x00000000e9200000, 0x00000000e9200000| Untracked 
| 147|0x00000000e9300000, 0x00000000e9300000, 0x00000000e9400000|  0%| F|  |TAMS 0x00000000e9300000, 0x00000000e9300000| Untracked 
| 148|0x00000000e9400000, 0x00000000e9400000, 0x00000000e9500000|  0%| F|  |TAMS 0x00000000e9400000, 0x00000000e9400000| Untracked 
| 149|0x00000000e9500000, 0x00000000e9500000, 0x00000000e9600000|  0%| F|  |TAMS 0x00000000e9500000, 0x00000000e9500000| Untracked 
| 150|0x00000000e9600000, 0x00000000e9600000, 0x00000000e9700000|  0%| F|  |TAMS 0x00000000e9600000, 0x00000000e9600000| Untracked 
| 151|0x00000000e9700000, 0x00000000e9700000, 0x00000000e9800000|  0%| F|  |TAMS 0x00000000e9700000, 0x00000000e9700000| Untracked 
| 152|0x00000000e9800000, 0x00000000e9800000, 0x00000000e9900000|  0%| F|  |TAMS 0x00000000e9800000, 0x00000000e9800000| Untracked 
| 153|0x00000000e9900000, 0x00000000e9900000, 0x00000000e9a00000|  0%| F|  |TAMS 0x00000000e9900000, 0x00000000e9900000| Untracked 
| 154|0x00000000e9a00000, 0x00000000e9a00000, 0x00000000e9b00000|  0%| F|  |TAMS 0x00000000e9a00000, 0x00000000e9a00000| Untracked 
| 155|0x00000000e9b00000, 0x00000000e9b00000, 0x00000000e9c00000|  0%| F|  |TAMS 0x00000000e9b00000, 0x00000000e9b00000| Untracked 
| 156|0x00000000e9c00000, 0x00000000e9c00000, 0x00000000e9d00000|  0%| F|  |TAMS 0x00000000e9c00000, 0x00000000e9c00000| Untracked 
| 157|0x00000000e9d00000, 0x00000000e9d00000, 0x00000000e9e00000|  0%| F|  |TAMS 0x00000000e9d00000, 0x00000000e9d00000| Untracked 
| 158|0x00000000e9e00000, 0x00000000e9e00000, 0x00000000e9f00000|  0%| F|  |TAMS 0x00000000e9e00000, 0x00000000e9e00000| Untracked 
| 159|0x00000000e9f00000, 0x00000000e9f00000, 0x00000000ea000000|  0%| F|  |TAMS 0x00000000e9f00000, 0x00000000e9f00000| Untracked 
| 160|0x00000000ea000000, 0x00000000ea000000, 0x00000000ea100000|  0%| F|  |TAMS 0x00000000ea000000, 0x00000000ea000000| Untracked 
| 161|0x00000000ea100000, 0x00000000ea100000, 0x00000000ea200000|  0%| F|  |TAMS 0x00000000ea100000, 0x00000000ea100000| Untracked 
| 162|0x00000000ea200000, 0x00000000ea200000, 0x00000000ea300000|  0%| F|  |TAMS 0x00000000ea200000, 0x00000000ea200000| Untracked 
| 163|0x00000000ea300000, 0x00000000ea300000, 0x00000000ea400000|  0%| F|  |TAMS 0x00000000ea300000, 0x00000000ea300000| Untracked 
| 164|0x00000000ea400000, 0x00000000ea400000, 0x00000000ea500000|  0%| F|  |TAMS 0x00000000ea400000, 0x00000000ea400000| Untracked 
| 165|0x00000000ea500000, 0x00000000ea500000, 0x00000000ea600000|  0%| F|  |TAMS 0x00000000ea500000, 0x00000000ea500000| Untracked 
| 166|0x00000000ea600000, 0x00000000ea600000, 0x00000000ea700000|  0%| F|  |TAMS 0x00000000ea600000, 0x00000000ea600000| Untracked 
| 167|0x00000000ea700000, 0x00000000ea700000, 0x00000000ea800000|  0%| F|  |TAMS 0x00000000ea700000, 0x00000000ea700000| Untracked 
| 168|0x00000000ea800000, 0x00000000ea800000, 0x00000000ea900000|  0%| F|  |TAMS 0x00000000ea800000, 0x00000000ea800000| Untracked 
| 169|0x00000000ea900000, 0x00000000ea900000, 0x00000000eaa00000|  0%| F|  |TAMS 0x00000000ea900000, 0x00000000ea900000| Untracked 
| 170|0x00000000eaa00000, 0x00000000eaa00000, 0x00000000eab00000|  0%| F|  |TAMS 0x00000000eaa00000, 0x00000000eaa00000| Untracked 
| 171|0x00000000eab00000, 0x00000000eab00000, 0x00000000eac00000|  0%| F|  |TAMS 0x00000000eab00000, 0x00000000eab00000| Untracked 
| 172|0x00000000eac00000, 0x00000000eac00000, 0x00000000ead00000|  0%| F|  |TAMS 0x00000000eac00000, 0x00000000eac00000| Untracked 
| 173|0x00000000ead00000, 0x00000000ead00000, 0x00000000eae00000|  0%| F|  |TAMS 0x00000000ead00000, 0x00000000ead00000| Untracked 
| 174|0x00000000eae00000, 0x00000000eae00000, 0x00000000eaf00000|  0%| F|  |TAMS 0x00000000eae00000, 0x00000000eae00000| Untracked 
| 175|0x00000000eaf00000, 0x00000000eaf00000, 0x00000000eb000000|  0%| F|  |TAMS 0x00000000eaf00000, 0x00000000eaf00000| Untracked 
| 176|0x00000000eb000000, 0x00000000eb000000, 0x00000000eb100000|  0%| F|  |TAMS 0x00000000eb000000, 0x00000000eb000000| Untracked 
| 177|0x00000000eb100000, 0x00000000eb100000, 0x00000000eb200000|  0%| F|  |TAMS 0x00000000eb100000, 0x00000000eb100000| Untracked 
| 178|0x00000000eb200000, 0x00000000eb200000, 0x00000000eb300000|  0%| F|  |TAMS 0x00000000eb200000, 0x00000000eb200000| Untracked 
| 179|0x00000000eb300000, 0x00000000eb300000, 0x00000000eb400000|  0%| F|  |TAMS 0x00000000eb300000, 0x00000000eb300000| Untracked 
| 180|0x00000000eb400000, 0x00000000eb400000, 0x00000000eb500000|  0%| F|  |TAMS 0x00000000eb400000, 0x00000000eb400000| Untracked 
| 181|0x00000000eb500000, 0x00000000eb500000, 0x00000000eb600000|  0%| F|  |TAMS 0x00000000eb500000, 0x00000000eb500000| Untracked 
| 182|0x00000000eb600000, 0x00000000eb600000, 0x00000000eb700000|  0%| F|  |TAMS 0x00000000eb600000, 0x00000000eb600000| Untracked 
| 183|0x00000000eb700000, 0x00000000eb700000, 0x00000000eb800000|  0%| F|  |TAMS 0x00000000eb700000, 0x00000000eb700000| Untracked 
| 184|0x00000000eb800000, 0x00000000eb800000, 0x00000000eb900000|  0%| F|  |TAMS 0x00000000eb800000, 0x00000000eb800000| Untracked 
| 185|0x00000000eb900000, 0x00000000eb900000, 0x00000000eba00000|  0%| F|  |TAMS 0x00000000eb900000, 0x00000000eb900000| Untracked 
| 186|0x00000000eba00000, 0x00000000eba00000, 0x00000000ebb00000|  0%| F|  |TAMS 0x00000000eba00000, 0x00000000eba00000| Untracked 
| 187|0x00000000ebb00000, 0x00000000ebb00000, 0x00000000ebc00000|  0%| F|  |TAMS 0x00000000ebb00000, 0x00000000ebb00000| Untracked 
| 188|0x00000000ebc00000, 0x00000000ebc00000, 0x00000000ebd00000|  0%| F|  |TAMS 0x00000000ebc00000, 0x00000000ebc00000| Untracked 
| 189|0x00000000ebd00000, 0x00000000ebd00000, 0x00000000ebe00000|  0%| F|  |TAMS 0x00000000ebd00000, 0x00000000ebd00000| Untracked 
| 190|0x00000000ebe00000, 0x00000000ebe00000, 0x00000000ebf00000|  0%| F|  |TAMS 0x00000000ebe00000, 0x00000000ebe00000| Untracked 
| 191|0x00000000ebf00000, 0x00000000ebf00000, 0x00000000ec000000|  0%| F|  |TAMS 0x00000000ebf00000, 0x00000000ebf00000| Untracked 
| 192|0x00000000ec000000, 0x00000000ec000000, 0x00000000ec100000|  0%| F|  |TAMS 0x00000000ec000000, 0x00000000ec000000| Untracked 
| 193|0x00000000ec100000, 0x00000000ec100000, 0x00000000ec200000|  0%| F|  |TAMS 0x00000000ec100000, 0x00000000ec100000| Untracked 
| 194|0x00000000ec200000, 0x00000000ec200000, 0x00000000ec300000|  0%| F|  |TAMS 0x00000000ec200000, 0x00000000ec200000| Untracked 
| 195|0x00000000ec300000, 0x00000000ec300000, 0x00000000ec400000|  0%| F|  |TAMS 0x00000000ec300000, 0x00000000ec300000| Untracked 
| 196|0x00000000ec400000, 0x00000000ec400000, 0x00000000ec500000|  0%| F|  |TAMS 0x00000000ec400000, 0x00000000ec400000| Untracked 
| 197|0x00000000ec500000, 0x00000000ec500000, 0x00000000ec600000|  0%| F|  |TAMS 0x00000000ec500000, 0x00000000ec500000| Untracked 
| 198|0x00000000ec600000, 0x00000000ec600000, 0x00000000ec700000|  0%| F|  |TAMS 0x00000000ec600000, 0x00000000ec600000| Untracked 
| 199|0x00000000ec700000, 0x00000000ec700000, 0x00000000ec800000|  0%| F|  |TAMS 0x00000000ec700000, 0x00000000ec700000| Untracked 
| 200|0x00000000ec800000, 0x00000000ec800000, 0x00000000ec900000|  0%| F|  |TAMS 0x00000000ec800000, 0x00000000ec800000| Untracked 
| 201|0x00000000ec900000, 0x00000000ec900000, 0x00000000eca00000|  0%| F|  |TAMS 0x00000000ec900000, 0x00000000ec900000| Untracked 
| 202|0x00000000eca00000, 0x00000000eca00000, 0x00000000ecb00000|  0%| F|  |TAMS 0x00000000eca00000, 0x00000000eca00000| Untracked 
| 203|0x00000000ecb00000, 0x00000000ecb00000, 0x00000000ecc00000|  0%| F|  |TAMS 0x00000000ecb00000, 0x00000000ecb00000| Untracked 
| 204|0x00000000ecc00000, 0x00000000ecc00000, 0x00000000ecd00000|  0%| F|  |TAMS 0x00000000ecc00000, 0x00000000ecc00000| Untracked 
| 205|0x00000000ecd00000, 0x00000000ecd00000, 0x00000000ece00000|  0%| F|  |TAMS 0x00000000ecd00000, 0x00000000ecd00000| Untracked 
| 206|0x00000000ece00000, 0x00000000ece00000, 0x00000000ecf00000|  0%| F|  |TAMS 0x00000000ece00000, 0x00000000ece00000| Untracked 
| 207|0x00000000ecf00000, 0x00000000ecf00000, 0x00000000ed000000|  0%| F|  |TAMS 0x00000000ecf00000, 0x00000000ecf00000| Untracked 
| 208|0x00000000ed000000, 0x00000000ed000000, 0x00000000ed100000|  0%| F|  |TAMS 0x00000000ed000000, 0x00000000ed000000| Untracked 
| 209|0x00000000ed100000, 0x00000000ed100000, 0x00000000ed200000|  0%| F|  |TAMS 0x00000000ed100000, 0x00000000ed100000| Untracked 
| 210|0x00000000ed200000, 0x00000000ed200000, 0x00000000ed300000|  0%| F|  |TAMS 0x00000000ed200000, 0x00000000ed200000| Untracked 
| 211|0x00000000ed300000, 0x00000000ed3fa548, 0x00000000ed400000| 97%| S|CS|TAMS 0x00000000ed300000, 0x00000000ed300000| Complete 
| 212|0x00000000ed400000, 0x00000000ed500000, 0x00000000ed500000|100%| S|CS|TAMS 0x00000000ed400000, 0x00000000ed400000| Complete 
| 213|0x00000000ed500000, 0x00000000ed500000, 0x00000000ed600000|  0%| F|  |TAMS 0x00000000ed500000, 0x00000000ed500000| Untracked 
| 214|0x00000000ed600000, 0x00000000ed600000, 0x00000000ed700000|  0%| F|  |TAMS 0x00000000ed600000, 0x00000000ed600000| Untracked 
| 215|0x00000000ed700000, 0x00000000ed700000, 0x00000000ed800000|  0%| F|  |TAMS 0x00000000ed700000, 0x00000000ed700000| Untracked 
| 216|0x00000000ed800000, 0x00000000ed800000, 0x00000000ed900000|  0%| F|  |TAMS 0x00000000ed800000, 0x00000000ed800000| Untracked 
| 217|0x00000000ed900000, 0x00000000ed900000, 0x00000000eda00000|  0%| F|  |TAMS 0x00000000ed900000, 0x00000000ed900000| Untracked 
| 218|0x00000000eda00000, 0x00000000eda00000, 0x00000000edb00000|  0%| F|  |TAMS 0x00000000eda00000, 0x00000000eda00000| Untracked 
| 219|0x00000000edb00000, 0x00000000edb00000, 0x00000000edc00000|  0%| F|  |TAMS 0x00000000edb00000, 0x00000000edb00000| Untracked 
| 220|0x00000000edc00000, 0x00000000edc00000, 0x00000000edd00000|  0%| F|  |TAMS 0x00000000edc00000, 0x00000000edc00000| Untracked 
| 221|0x00000000edd00000, 0x00000000edd80800, 0x00000000ede00000| 50%| E|  |TAMS 0x00000000edd00000, 0x00000000edd00000| Complete 
| 222|0x00000000ede00000, 0x00000000edf00000, 0x00000000edf00000|100%| E|CS|TAMS 0x00000000ede00000, 0x00000000ede00000| Complete 
| 223|0x00000000edf00000, 0x00000000ee000000, 0x00000000ee000000|100%| E|CS|TAMS 0x00000000edf00000, 0x00000000edf00000| Complete 
| 224|0x00000000ee000000, 0x00000000ee100000, 0x00000000ee100000|100%| E|CS|TAMS 0x00000000ee000000, 0x00000000ee000000| Complete 
| 225|0x00000000ee100000, 0x00000000ee200000, 0x00000000ee200000|100%| E|CS|TAMS 0x00000000ee100000, 0x00000000ee100000| Complete 
| 226|0x00000000ee200000, 0x00000000ee300000, 0x00000000ee300000|100%| E|CS|TAMS 0x00000000ee200000, 0x00000000ee200000| Complete 
| 227|0x00000000ee300000, 0x00000000ee400000, 0x00000000ee400000|100%| E|CS|TAMS 0x00000000ee300000, 0x00000000ee300000| Complete 
| 228|0x00000000ee400000, 0x00000000ee500000, 0x00000000ee500000|100%| E|CS|TAMS 0x00000000ee400000, 0x00000000ee400000| Complete 
| 229|0x00000000ee500000, 0x00000000ee600000, 0x00000000ee600000|100%| E|CS|TAMS 0x00000000ee500000, 0x00000000ee500000| Complete 
| 230|0x00000000ee600000, 0x00000000ee700000, 0x00000000ee700000|100%| E|CS|TAMS 0x00000000ee600000, 0x00000000ee600000| Complete 
| 231|0x00000000ee700000, 0x00000000ee800000, 0x00000000ee800000|100%| E|CS|TAMS 0x00000000ee700000, 0x00000000ee700000| Complete 
| 232|0x00000000ee800000, 0x00000000ee900000, 0x00000000ee900000|100%| E|CS|TAMS 0x00000000ee800000, 0x00000000ee800000| Complete 
| 233|0x00000000ee900000, 0x00000000eea00000, 0x00000000eea00000|100%| E|CS|TAMS 0x00000000ee900000, 0x00000000ee900000| Complete 
| 234|0x00000000eea00000, 0x00000000eeb00000, 0x00000000eeb00000|100%| E|CS|TAMS 0x00000000eea00000, 0x00000000eea00000| Complete 
| 235|0x00000000eeb00000, 0x00000000eec00000, 0x00000000eec00000|100%| E|CS|TAMS 0x00000000eeb00000, 0x00000000eeb00000| Complete 
| 236|0x00000000eec00000, 0x00000000eed00000, 0x00000000eed00000|100%| E|CS|TAMS 0x00000000eec00000, 0x00000000eec00000| Complete 
| 237|0x00000000eed00000, 0x00000000eee00000, 0x00000000eee00000|100%| E|CS|TAMS 0x00000000eed00000, 0x00000000eed00000| Complete 
| 238|0x00000000eee00000, 0x00000000eef00000, 0x00000000eef00000|100%| E|CS|TAMS 0x00000000eee00000, 0x00000000eee00000| Complete 
| 239|0x00000000eef00000, 0x00000000ef000000, 0x00000000ef000000|100%| E|CS|TAMS 0x00000000eef00000, 0x00000000eef00000| Complete 
| 240|0x00000000ef000000, 0x00000000ef100000, 0x00000000ef100000|100%| E|CS|TAMS 0x00000000ef000000, 0x00000000ef000000| Complete 
| 241|0x00000000ef100000, 0x00000000ef200000, 0x00000000ef200000|100%| E|CS|TAMS 0x00000000ef100000, 0x00000000ef100000| Complete 
| 242|0x00000000ef200000, 0x00000000ef300000, 0x00000000ef300000|100%| E|CS|TAMS 0x00000000ef200000, 0x00000000ef200000| Complete 
| 243|0x00000000ef300000, 0x00000000ef400000, 0x00000000ef400000|100%| E|CS|TAMS 0x00000000ef300000, 0x00000000ef300000| Complete 
| 244|0x00000000ef400000, 0x00000000ef500000, 0x00000000ef500000|100%| E|CS|TAMS 0x00000000ef400000, 0x00000000ef400000| Complete 
| 245|0x00000000ef500000, 0x00000000ef600000, 0x00000000ef600000|100%| E|CS|TAMS 0x00000000ef500000, 0x00000000ef500000| Complete 
| 246|0x00000000ef600000, 0x00000000ef700000, 0x00000000ef700000|100%| E|CS|TAMS 0x00000000ef600000, 0x00000000ef600000| Complete 
| 247|0x00000000ef700000, 0x00000000ef800000, 0x00000000ef800000|100%| E|CS|TAMS 0x00000000ef700000, 0x00000000ef700000| Complete 
| 248|0x00000000ef800000, 0x00000000ef900000, 0x00000000ef900000|100%| E|CS|TAMS 0x00000000ef800000, 0x00000000ef800000| Complete 
| 249|0x00000000ef900000, 0x00000000efa00000, 0x00000000efa00000|100%| E|CS|TAMS 0x00000000ef900000, 0x00000000ef900000| Complete 
| 250|0x00000000efa00000, 0x00000000efb00000, 0x00000000efb00000|100%| E|CS|TAMS 0x00000000efa00000, 0x00000000efa00000| Complete 
| 251|0x00000000efb00000, 0x00000000efc00000, 0x00000000efc00000|100%| E|CS|TAMS 0x00000000efb00000, 0x00000000efb00000| Complete 
| 252|0x00000000efc00000, 0x00000000efd00000, 0x00000000efd00000|100%| E|CS|TAMS 0x00000000efc00000, 0x00000000efc00000| Complete 
| 253|0x00000000efd00000, 0x00000000efe00000, 0x00000000efe00000|100%| E|CS|TAMS 0x00000000efd00000, 0x00000000efd00000| Complete 
| 254|0x00000000efe00000, 0x00000000eff00000, 0x00000000eff00000|100%| E|CS|TAMS 0x00000000efe00000, 0x00000000efe00000| Complete 
| 255|0x00000000eff00000, 0x00000000f0000000, 0x00000000f0000000|100%| E|CS|TAMS 0x00000000eff00000, 0x00000000eff00000| Complete 

Card table byte_map: [0x000002b857d00000,0x000002b857e00000] _byte_map_base: 0x000002b857600000

Marking Bits (Prev, Next): (CMBitMap*) 0x000002b83fe81de0, (CMBitMap*) 0x000002b83fe81da8
 Prev Bits: [0x000002b858700000, 0x000002b858f00000)
 Next Bits: [0x000002b857f00000, 0x000002b858700000)

Polling page: 0x000002b83e5c0000

Metaspace:

Usage:
  Non-class:     55.04 MB capacity,    53.87 MB ( 98%) used,  1009.95 KB (  2%) free+waste,   182.25 KB ( <1%) overhead. 
      Class:      8.58 MB capacity,     7.84 MB ( 91%) used,   675.47 KB (  8%) free+waste,    88.31 KB (  1%) overhead. 
       Both:     63.62 MB capacity,    61.71 MB ( 97%) used,     1.65 MB (  3%) free+waste,   270.56 KB ( <1%) overhead. 

Virtual space:
  Non-class space:       56.00 MB reserved,      55.09 MB ( 98%) committed 
      Class space:      248.00 MB reserved,       8.70 MB (  4%) committed 
             Both:      304.00 MB reserved,      63.79 MB ( 21%) committed 

Chunk freelists:
   Non-Class:  50.00 KB
       Class:  11.00 KB
        Both:  61.00 KB

MaxMetaspaceSize: 256.00 MB
CompressedClassSpaceSize: 248.00 MB
Initial GC threshold: 20.80 MB
Current GC threshold: 98.60 MB
CDS: off

CodeHeap 'non-profiled nmethods': size=120064Kb used=3500Kb max_used=3500Kb free=116564Kb
 bounds [0x000002b8500a0000, 0x000002b850410000, 0x000002b8575e0000]
CodeHeap 'profiled nmethods': size=120000Kb used=12932Kb max_used=12932Kb free=107067Kb
 bounds [0x000002b848b70000, 0x000002b849820000, 0x000002b8500a0000]
CodeHeap 'non-nmethods': size=5696Kb used=2352Kb max_used=2382Kb free=3343Kb
 bounds [0x000002b8485e0000, 0x000002b848850000, 0x000002b848b70000]
 total_blobs=7048 nmethods=6179 adapters=781
 compilation: enabled
              stopped_count=0, restarted_count=0
 full_count=0

Compilation events (20 events):
Event: 22.049 Thread 0x000002b85b528800 6173       3       java.lang.Class::getConstructor (31 bytes)
Event: 22.050 Thread 0x000002b85b528800 nmethod 6173 0x000002b849804110 code [0x000002b849804380, 0x000002b849804ba8]
Event: 22.055 Thread 0x000002b85f6cb800 6174       4       java.util.regex.Pattern::append (39 bytes)
Event: 22.057 Thread 0x000002b85b528800 6175       3       java.lang.StringLatin1::compareToCI (108 bytes)
Event: 22.058 Thread 0x000002b85b528800 nmethod 6175 0x000002b849804e90 code [0x000002b849805100, 0x000002b849805998]
Event: 22.058 Thread 0x000002b85b528800 6176       3       java.lang.String$CaseInsensitiveComparator::compare (13 bytes)
Event: 22.059 Thread 0x000002b85b528800 nmethod 6176 0x000002b849805d90 code [0x000002b849805f60, 0x000002b849806268]
Event: 22.059 Thread 0x000002b85b528800 6177       3       java.lang.String$CaseInsensitiveComparator::compare (68 bytes)
Event: 22.060 Thread 0x000002b85b528800 nmethod 6177 0x000002b849806390 code [0x000002b8498065c0, 0x000002b849806b98]
Event: 22.065 Thread 0x000002b85f6cb800 nmethod 6174 0x000002b850407d90 code [0x000002b850407f40, 0x000002b8504082f8]
Event: 22.067 Thread 0x000002b85f6cb800 6178       4       java.lang.Integer::parseInt (259 bytes)
Event: 22.069 Thread 0x000002b85b528800 6180       3       java.math.BigInteger::destructiveMulAdd (150 bytes)
Event: 22.069 Thread 0x000002b85b528800 nmethod 6180 0x000002b849806d90 code [0x000002b849806f60, 0x000002b849807298]
Event: 22.083 Thread 0x000002b85f6cb800 nmethod 6178 0x000002b850408490 code [0x000002b850408640, 0x000002b850408a58]
Event: 22.083 Thread 0x000002b85f6cb800 6179       4       java.lang.CharacterDataLatin1::digit (32 bytes)
Event: 22.085 Thread 0x000002b85f6cb800 nmethod 6179 0x000002b850408f10 code [0x000002b8504090a0, 0x000002b850409178]
Event: 22.087 Thread 0x000002b85f6cb800 6181       4       java.lang.Character::digit (6 bytes)
Event: 22.089 Thread 0x000002b85f6cb800 nmethod 6181 0x000002b850409290 code [0x000002b850409420, 0x000002b8504094f8]
Event: 22.090 Thread 0x000002b85f6cb800 6182       4       java.util.regex.Matcher::search (154 bytes)
Event: 22.103 Thread 0x000002b85b528800 6183       3       java.math.BigInteger::<init> (404 bytes)

GC Heap History (18 events):
Event: 1.849 GC heap before
{Heap before GC invocations=0 (full 0):
 garbage-first heap   total 262144K, used 16384K [0x00000000e0000000, 0x0000000100000000)
  region size 1024K, 14 young (14336K), 0 survivors (0K)
 Metaspace       used 6766K, capacity 6987K, committed 7168K, reserved 262144K
  class space    used 572K, capacity 649K, committed 768K, reserved 253952K
}
Event: 1.861 GC heap after
{Heap after GC invocations=1 (full 0):
 garbage-first heap   total 262144K, used 4511K [0x00000000e0000000, 0x0000000100000000)
  region size 1024K, 2 young (2048K), 2 survivors (2048K)
 Metaspace       used 6766K, capacity 6987K, committed 7168K, reserved 262144K
  class space    used 572K, capacity 649K, committed 768K, reserved 253952K
}
Event: 7.529 GC heap before
{Heap before GC invocations=1 (full 0):
 garbage-first heap   total 262144K, used 111007K [0x00000000e0000000, 0x0000000100000000)
  region size 1024K, 104 young (106496K), 2 survivors (2048K)
 Metaspace       used 20771K, capacity 21213K, committed 21296K, reserved 274432K
  class space    used 2507K, capacity 2663K, committed 2688K, reserved 253952K
}
Event: 7.547 GC heap after
{Heap after GC invocations=2 (full 0):
 garbage-first heap   total 262144K, used 17689K [0x00000000e0000000, 0x0000000100000000)
  region size 1024K, 12 young (12288K), 12 survivors (12288K)
 Metaspace       used 20771K, capacity 21213K, committed 21296K, reserved 274432K
  class space    used 2507K, capacity 2663K, committed 2688K, reserved 253952K
}
Event: 8.457 GC heap before
{Heap before GC invocations=3 (full 0):
 garbage-first heap   total 262144K, used 57625K [0x00000000e0000000, 0x0000000100000000)
  region size 1024K, 51 young (52224K), 12 survivors (12288K)
 Metaspace       used 24613K, capacity 25206K, committed 25392K, reserved 276480K
  class space    used 3140K, capacity 3363K, committed 3456K, reserved 253952K
}
Event: 8.476 GC heap after
{Heap after GC invocations=4 (full 0):
 garbage-first heap   total 262144K, used 18850K [0x00000000e0000000, 0x0000000100000000)
  region size 1024K, 2 young (2048K), 2 survivors (2048K)
 Metaspace       used 24613K, capacity 25206K, committed 25392K, reserved 276480K
  class space    used 3140K, capacity 3363K, committed 3456K, reserved 253952K
}
Event: 10.419 GC heap before
{Heap before GC invocations=4 (full 0):
 garbage-first heap   total 262144K, used 109986K [0x00000000e0000000, 0x0000000100000000)
  region size 1024K, 63 young (64512K), 2 survivors (2048K)
 Metaspace       used 30292K, capacity 31182K, committed 31408K, reserved 282624K
  class space    used 4026K, capacity 4352K, committed 4352K, reserved 253952K
}
Event: 10.428 GC heap after
{Heap after GC invocations=5 (full 0):
 garbage-first heap   total 262144K, used 55296K [0x00000000e0000000, 0x0000000100000000)
  region size 1024K, 8 young (8192K), 8 survivors (8192K)
 Metaspace       used 30292K, capacity 31182K, committed 31408K, reserved 282624K
  class space    used 4026K, capacity 4352K, committed 4352K, reserved 253952K
}
Event: 11.462 GC heap before
{Heap before GC invocations=5 (full 0):
 garbage-first heap   total 262144K, used 90112K [0x00000000e0000000, 0x0000000100000000)
  region size 1024K, 43 young (44032K), 8 survivors (8192K)
 Metaspace       used 34599K, capacity 35618K, committed 35708K, reserved 284672K
  class space    used 4648K, capacity 5024K, committed 5068K, reserved 253952K
}
Event: 11.479 GC heap after
{Heap after GC invocations=6 (full 0):
 garbage-first heap   total 262144K, used 56815K [0x00000000e0000000, 0x0000000100000000)
  region size 1024K, 2 young (2048K), 2 survivors (2048K)
 Metaspace       used 34599K, capacity 35618K, committed 35708K, reserved 284672K
  class space    used 4648K, capacity 5024K, committed 5068K, reserved 253952K
}
Event: 13.920 GC heap before
{Heap before GC invocations=7 (full 0):
 garbage-first heap   total 262144K, used 131567K [0x00000000e0000000, 0x0000000100000000)
  region size 1024K, 72 young (73728K), 2 survivors (2048K)
 Metaspace       used 43362K, capacity 44516K, committed 44796K, reserved 292864K
  class space    used 5525K, capacity 5937K, committed 5964K, reserved 253952K
}
Event: 13.938 GC heap after
{Heap after GC invocations=8 (full 0):
 garbage-first heap   total 262144K, used 62947K [0x00000000e0000000, 0x0000000100000000)
  region size 1024K, 8 young (8192K), 8 survivors (8192K)
 Metaspace       used 43362K, capacity 44516K, committed 44796K, reserved 292864K
  class space    used 5525K, capacity 5937K, committed 5964K, reserved 253952K
}
Event: 16.383 GC heap before
{Heap before GC invocations=8 (full 0):
 garbage-first heap   total 262144K, used 173539K [0x00000000e0000000, 0x0000000100000000)
  region size 1024K, 88 young (90112K), 8 survivors (8192K)
 Metaspace       used 49199K, capacity 50578K, committed 50812K, reserved 299008K
  class space    used 6274K, capacity 6819K, committed 6860K, reserved 253952K
}
Event: 16.412 GC heap after
{Heap after GC invocations=9 (full 0):
 garbage-first heap   total 262144K, used 98685K [0x00000000e0000000, 0x0000000100000000)
  region size 1024K, 8 young (8192K), 8 survivors (8192K)
 Metaspace       used 49199K, capacity 50578K, committed 50812K, reserved 299008K
  class space    used 6274K, capacity 6819K, committed 6860K, reserved 253952K
}
Event: 19.550 GC heap before
{Heap before GC invocations=9 (full 0):
 garbage-first heap   total 262144K, used 181629K [0x00000000e0000000, 0x0000000100000000)
  region size 1024K, 87 young (89088K), 8 survivors (8192K)
 Metaspace       used 52457K, capacity 54199K, committed 54524K, reserved 301056K
  class space    used 6709K, capacity 7375K, committed 7500K, reserved 253952K
}
Event: 19.571 GC heap after
{Heap after GC invocations=10 (full 0):
 garbage-first heap   total 262144K, used 111450K [0x00000000e0000000, 0x0000000100000000)
  region size 1024K, 11 young (11264K), 11 survivors (11264K)
 Metaspace       used 52457K, capacity 54199K, committed 54524K, reserved 301056K
  class space    used 6709K, capacity 7375K, committed 7500K, reserved 253952K
}
Event: 20.629 GC heap before
{Heap before GC invocations=10 (full 0):
 garbage-first heap   total 262144K, used 154458K [0x00000000e0000000, 0x0000000100000000)
  region size 1024K, 54 young (55296K), 11 survivors (11264K)
 Metaspace       used 57998K, capacity 59841K, committed 59940K, reserved 307200K
  class space    used 7379K, capacity 8103K, committed 8140K, reserved 253952K
}
Event: 20.651 GC heap after
{Heap after GC invocations=11 (full 0):
 garbage-first heap   total 262144K, used 113495K [0x00000000e0000000, 0x0000000100000000)
  region size 1024K, 2 young (2048K), 2 survivors (2048K)
 Metaspace       used 57998K, capacity 59841K, committed 59940K, reserved 307200K
  class space    used 7379K, capacity 8103K, committed 8140K, reserved 253952K
}

Deoptimization events (20 events):
Event: 22.057 Thread 0x000002b85c48e800 Uncommon trap: trap_request=0xffffff4d fr.pc=0x000002b850100348 relative=0x0000000000000488
Event: 22.057 Thread 0x000002b85c48e800 Uncommon trap: reason=unstable_if action=reinterpret pc=0x000002b850100348 method=java.lang.StringLatin1.compareToCI([B[B)I @ 68 c2
Event: 22.057 Thread 0x000002b85c48e800 DEOPT PACKING pc=0x000002b850100348 sp=0x000000f86e9f1010
Event: 22.057 Thread 0x000002b85c48e800 DEOPT UNPACKING pc=0x000002b84862a1af sp=0x000000f86e9f0f98 mode 2
Event: 22.067 Thread 0x000002b85c48e800 Uncommon trap: trap_request=0xffffffc6 fr.pc=0x000002b85029c648 relative=0x0000000000000728
Event: 22.067 Thread 0x000002b85c48e800 Uncommon trap: reason=bimorphic_or_optimized_type_check action=maybe_recompile pc=0x000002b85029c648 method=java.util.regex.Pattern$Start.match(Ljava/util/regex/Matcher;ILjava/lang/CharSequence;)Z @ 44 c2
Event: 22.067 Thread 0x000002b85c48e800 DEOPT PACKING pc=0x000002b85029c648 sp=0x000000f86e9f0460
Event: 22.067 Thread 0x000002b85c48e800 DEOPT UNPACKING pc=0x000002b84862a1af sp=0x000000f86e9f03b0 mode 2
Event: 22.067 Thread 0x000002b85c48e800 Uncommon trap: trap_request=0xffffffc6 fr.pc=0x000002b85029c648 relative=0x0000000000000728
Event: 22.067 Thread 0x000002b85c48e800 Uncommon trap: reason=bimorphic_or_optimized_type_check action=maybe_recompile pc=0x000002b85029c648 method=java.util.regex.Pattern$Start.match(Ljava/util/regex/Matcher;ILjava/lang/CharSequence;)Z @ 44 c2
Event: 22.067 Thread 0x000002b85c48e800 DEOPT PACKING pc=0x000002b85029c648 sp=0x000000f86e9f0460
Event: 22.067 Thread 0x000002b85c48e800 DEOPT UNPACKING pc=0x000002b84862a1af sp=0x000000f86e9f03b0 mode 2
Event: 22.067 Thread 0x000002b85c48e800 Uncommon trap: trap_request=0xffffffc6 fr.pc=0x000002b85029c648 relative=0x0000000000000728
Event: 22.067 Thread 0x000002b85c48e800 Uncommon trap: reason=bimorphic_or_optimized_type_check action=maybe_recompile pc=0x000002b85029c648 method=java.util.regex.Pattern$Start.match(Ljava/util/regex/Matcher;ILjava/lang/CharSequence;)Z @ 44 c2
Event: 22.067 Thread 0x000002b85c48e800 DEOPT PACKING pc=0x000002b85029c648 sp=0x000000f86e9f0460
Event: 22.067 Thread 0x000002b85c48e800 DEOPT UNPACKING pc=0x000002b84862a1af sp=0x000000f86e9f03b0 mode 2
Event: 22.068 Thread 0x000002b85c48e800 Uncommon trap: trap_request=0xffffffc6 fr.pc=0x000002b85029c648 relative=0x0000000000000728
Event: 22.068 Thread 0x000002b85c48e800 Uncommon trap: reason=bimorphic_or_optimized_type_check action=maybe_recompile pc=0x000002b85029c648 method=java.util.regex.Pattern$Start.match(Ljava/util/regex/Matcher;ILjava/lang/CharSequence;)Z @ 44 c2
Event: 22.068 Thread 0x000002b85c48e800 DEOPT PACKING pc=0x000002b85029c648 sp=0x000000f86e9f0460
Event: 22.068 Thread 0x000002b85c48e800 DEOPT UNPACKING pc=0x000002b84862a1af sp=0x000000f86e9f03b0 mode 2

Classes redefined (0 events):
No events

Internal exceptions (20 events):
Event: 19.899 Thread 0x000002b85c48e800 Exception <a 'java/lang/NoSuchMethodError'{0x00000000ef3fbf10}: 'java.lang.Object java.lang.invoke.Invokers$Holder.linkToTargetMethod(java.lang.Object, java.lang.Object, java.lang.Object, int, java.lang.Object)'> (0x00000000ef3fbf10) thrown at [s\src\hotspot\share\interpreter\linkResolver.cpp, line 773]
Event: 19.918 Thread 0x000002b85c48e800 Exception <a 'java/lang/NoSuchMethodError'{0x00000000ef2c8e68}: 'java.lang.Object java.lang.invoke.Invokers$Holder.linkToTargetMethod(java.lang.Object, int, int, java.lang.Object)'> (0x00000000ef2c8e68) thrown at [s\src\hotspot\share\interpreter\linkResolver.cpp, line 773]
Event: 19.920 Thread 0x000002b85c48e800 Exception <a 'java/lang/NoSuchMethodError'{0x00000000ef2e10b0}: 'java.lang.Object java.lang.invoke.DirectMethodHandle$Holder.invokeStatic(java.lang.Object, java.lang.Object, int, int, java.lang.Object, java.lang.Object)'> (0x00000000ef2e10b0) thrown at [s\src\hotspot\share\interpreter\linkResolver.cpp, line 773]
Event: 20.306 Thread 0x000002b85c48e800 Exception <a 'java/lang/NoSuchMethodError'{0x00000000ee275348}: 'java.lang.Object java.lang.invoke.DirectMethodHandle$Holder.invokeStatic(java.lang.Object, java.lang.Object, java.lang.Object, java.lang.Object, java.lang.Object, java.lang.Object, java.lang.Object, java.lang.Object, java.lang.Object, java.lang.Object, java.lang.Object, java.lang.Object, java.lang.Object, int)'> (0x00000000ee275348) thrown at [s\src\hotspot\share\interpreter\linkResolver.cpp, line 773]
Event: 20.307 Thread 0x000002b85c48e800 Exception <a 'java/lang/NoSuchMethodError'{0x00000000ee282d30}: 'java.lang.Object java.lang.invoke.DirectMethodHandle$Holder.invokeStatic(java.lang.Object, java.lang.Object, java.lang.Object, java.lang.Object, java.lang.Object, java.lang.Object, java.lang.Object, java.lang.Object, java.lang.Object, java.lang.Object, java.lang.Object, java.lang.Object, java.lang.Object, int, int)'> (0x00000000ee282d30) thrown at [s\src\hotspot\share\interpreter\linkResolver.cpp, line 773]
Event: 20.382 Thread 0x000002b85c48e800 Exception <a 'java/lang/NoSuchMethodError'{0x00000000ee0e6518}: 'int java.lang.invoke.DirectMethodHandle$Holder.invokeInterface(java.lang.Object, java.lang.Object, java.lang.Object, java.lang.Object)'> (0x00000000ee0e6518) thrown at [s\src\hotspot\share\interpreter\linkResolver.cpp, line 773]
Event: 21.330 Thread 0x000002b85c48e800 Exception <a 'java/lang/NoSuchMethodError'{0x00000000ef1141a0}: 'java.lang.Object java.lang.invoke.DirectMethodHandle$Holder.invokeSpecial(java.lang.Object, java.lang.Object, int, int, int, java.lang.Object, java.lang.Object, java.lang.Object, java.lang.Object)'> (0x00000000ef1141a0) thrown at [s\src\hotspot\share\interpreter\linkResolver.cpp, line 773]
Event: 21.330 Thread 0x000002b85c48e800 Exception <a 'java/lang/NoSuchMethodError'{0x00000000ef118bf0}: 'java.lang.Object java.lang.invoke.DelegatingMethodHandle$Holder.reinvoke_L(java.lang.Object, int, int, int, java.lang.Object, java.lang.Object, java.lang.Object, java.lang.Object)'> (0x00000000ef118bf0) thrown at [s\src\hotspot\share\interpreter\linkResolver.cpp, line 773]
Event: 21.332 Thread 0x000002b85c48e800 Exception <a 'java/lang/NoSuchMethodError'{0x00000000ef1215f8}: 'java.lang.Object java.lang.invoke.DirectMethodHandle$Holder.invokeStatic(java.lang.Object, java.lang.Object, java.lang.Object, java.lang.Object, java.lang.Object, int)'> (0x00000000ef1215f8) thrown at [s\src\hotspot\share\interpreter\linkResolver.cpp, line 773]
Event: 21.546 Thread 0x000002b85c48e800 Exception <a 'java/lang/NoSuchMethodError'{0x00000000ee97ef08}: 'java.lang.Object java.lang.invoke.DirectMethodHandle$Holder.invokeSpecial(java.lang.Object, java.lang.Object, int, int, java.lang.Object, java.lang.Object, java.lang.Object)'> (0x00000000ee97ef08) thrown at [s\src\hotspot\share\interpreter\linkResolver.cpp, line 773]
Event: 21.547 Thread 0x000002b85c48e800 Exception <a 'java/lang/NoSuchMethodError'{0x00000000ee9878c8}: 'java.lang.Object java.lang.invoke.DelegatingMethodHandle$Holder.reinvoke_L(java.lang.Object, int, int, java.lang.Object, java.lang.Object, java.lang.Object)'> (0x00000000ee9878c8) thrown at [s\src\hotspot\share\interpreter\linkResolver.cpp, line 773]
Event: 21.550 Thread 0x000002b85c48e800 Exception <a 'java/lang/NoSuchMethodError'{0x00000000ee99e440}: 'java.lang.Object java.lang.invoke.DirectMethodHandle$Holder.invokeStatic(java.lang.Object, java.lang.Object, java.lang.Object, java.lang.Object, int, int)'> (0x00000000ee99e440) thrown at [s\src\hotspot\share\interpreter\linkResolver.cpp, line 773]
Event: 21.553 Thread 0x000002b85c48e800 Exception <a 'java/lang/NoSuchMethodError'{0x00000000ee9b4d60}: 'java.lang.Object java.lang.invoke.DirectMethodHandle$Holder.invokeStatic(java.lang.Object, java.lang.Object, java.lang.Object, java.lang.Object, int, int, java.lang.Object)'> (0x00000000ee9b4d60) thrown at [s\src\hotspot\share\interpreter\linkResolver.cpp, line 773]
Event: 21.556 Thread 0x000002b85c48e800 Exception <a 'java/lang/NoSuchMethodError'{0x00000000ee9ccff8}: 'java.lang.Object java.lang.invoke.DirectMethodHandle$Holder.invokeStatic(java.lang.Object, java.lang.Object, java.lang.Object, java.lang.Object, int, int, java.lang.Object, java.lang.Object)'> (0x00000000ee9ccff8) thrown at [s\src\hotspot\share\interpreter\linkResolver.cpp, line 773]
Event: 21.558 Thread 0x000002b85c48e800 Exception <a 'java/lang/NoSuchMethodError'{0x00000000ee9e6878}: 'java.lang.Object java.lang.invoke.DirectMethodHandle$Holder.invokeStatic(java.lang.Object, java.lang.Object, java.lang.Object, java.lang.Object, int, int, java.lang.Object, java.lang.Object, java.lang.Object)'> (0x00000000ee9e6878) thrown at [s\src\hotspot\share\interpreter\linkResolver.cpp, line 773]
Event: 21.636 Thread 0x000002b85c48e800 Exception <a 'java/lang/IncompatibleClassChangeError'{0x00000000ee7152c0}: Found class java.lang.Object, but interface was expected> (0x00000000ee7152c0) thrown at [s\src\hotspot\share\interpreter\linkResolver.cpp, line 839]
Event: 21.741 Thread 0x000002b85c48e800 Implicit null exception at 0x000002b8503fb959 to 0x000002b8503fbb30
Event: 21.786 Thread 0x000002b85c48e800 Implicit null exception at 0x000002b8503ba054 to 0x000002b8503ba1d0
Event: 21.786 Thread 0x000002b85c48e800 Implicit null exception at 0x000002b850325d2c to 0x000002b850327a14
Event: 21.988 Thread 0x000002b85c48e800 Implicit null exception at 0x000002b85017198b to 0x000002b850171a68

Events (20 events):
Event: 22.061 loading class sun/security/util/CurveDB
Event: 22.064 loading class sun/security/util/CurveDB done
Event: 22.065 loading class sun/security/util/CurveDB$Holder
Event: 22.065 loading class sun/security/util/CurveDB$Holder done
Event: 22.065 loading class java/security/spec/ECFieldFp
Event: 22.065 loading class java/security/spec/ECField
Event: 22.065 loading class java/security/spec/ECField done
Event: 22.066 loading class java/security/spec/ECFieldFp done
Event: 22.066 loading class java/security/spec/EllipticCurve
Event: 22.066 loading class java/security/spec/EllipticCurve done
Event: 22.066 loading class java/security/spec/ECPoint
Event: 22.066 loading class java/security/spec/ECPoint done
Event: 22.066 loading class sun/security/util/NamedCurve
Event: 22.066 loading class java/security/spec/ECParameterSpec
Event: 22.067 loading class java/security/spec/AlgorithmParameterSpec
Event: 22.067 loading class java/security/spec/AlgorithmParameterSpec done
Event: 22.067 loading class java/security/spec/ECParameterSpec done
Event: 22.067 loading class sun/security/util/NamedCurve done
Event: 22.082 loading class java/security/spec/ECFieldF2m
Event: 22.085 loading class java/security/spec/ECFieldF2m done


Dynamic libraries:
0x00007ff7a4780000 - 0x00007ff7a478d000 	C:\Users\CCI\.jdks\corretto-11.0.19\bin\java.exe
0x00007ffb74570000 - 0x00007ffb74768000 	C:\Windows\SYSTEM32\ntdll.dll
0x00007ffb72770000 - 0x00007ffb7282f000 	C:\Windows\System32\KERNEL32.DLL
0x00007ffb71c50000 - 0x00007ffb71f46000 	C:\Windows\System32\KERNELBASE.dll
0x00007ffb722f0000 - 0x00007ffb723f0000 	C:\Windows\System32\ucrtbase.dll
0x00007ffb69060000 - 0x00007ffb69077000 	C:\Users\CCI\.jdks\corretto-11.0.19\bin\jli.dll
0x00007ffb742f0000 - 0x00007ffb7448d000 	C:\Windows\System32\USER32.dll
0x00007ffb71f50000 - 0x00007ffb71f72000 	C:\Windows\System32\win32u.dll
0x00007ffb728a0000 - 0x00007ffb728cc000 	C:\Windows\System32\GDI32.dll
0x00007ffb71f80000 - 0x00007ffb72095000 	C:\Windows\System32\gdi32full.dll
0x00007ffb72250000 - 0x00007ffb722ed000 	C:\Windows\System32\msvcp_win.dll
0x00007ffb69040000 - 0x00007ffb69059000 	C:\Users\CCI\.jdks\corretto-11.0.19\bin\VCRUNTIME140.dll
0x00007ffb67000000 - 0x00007ffb6729a000 	C:\Windows\WinSxS\amd64_microsoft.windows.common-controls_6595b64144ccf1df_6.0.19041.1110_none_60b5254171f9507e\COMCTL32.dll
0x00007ffb74490000 - 0x00007ffb7452e000 	C:\Windows\System32\msvcrt.dll
0x00007ffb73ff0000 - 0x00007ffb74020000 	C:\Windows\System32\IMM32.DLL
0x00007ffb4a5e0000 - 0x00007ffb4a67b000 	C:\Users\CCI\.jdks\corretto-11.0.19\bin\msvcp140.dll
0x00007ffb35650000 - 0x00007ffb361da000 	C:\Users\CCI\.jdks\corretto-11.0.19\bin\server\jvm.dll
0x00007ffb72c30000 - 0x00007ffb72cdf000 	C:\Windows\System32\ADVAPI32.dll
0x00007ffb741d0000 - 0x00007ffb7426c000 	C:\Windows\System32\sechost.dll
0x00007ffb731c0000 - 0x00007ffb732e6000 	C:\Windows\System32\RPCRT4.dll
0x00007ffb732f0000 - 0x00007ffb732f8000 	C:\Windows\System32\PSAPI.DLL
0x00007ffb6c940000 - 0x00007ffb6c949000 	C:\Windows\SYSTEM32\WSOCK32.dll
0x00007ffb72830000 - 0x00007ffb7289b000 	C:\Windows\System32\WS2_32.dll
0x00007ffb67bf0000 - 0x00007ffb67c17000 	C:\Windows\SYSTEM32\WINMM.dll
0x00007ffb68a30000 - 0x00007ffb68a3a000 	C:\Windows\SYSTEM32\VERSION.dll
0x00007ffb6fb20000 - 0x00007ffb6fb32000 	C:\Windows\SYSTEM32\kernel.appcore.dll
0x00007ffb6a040000 - 0x00007ffb6a050000 	C:\Users\CCI\.jdks\corretto-11.0.19\bin\verify.dll
0x00007ffb6a650000 - 0x00007ffb6a834000 	C:\Windows\SYSTEM32\DBGHELP.DLL
0x00007ffb6a2b0000 - 0x00007ffb6a2e4000 	C:\Windows\SYSTEM32\dbgcore.DLL
0x00007ffb720a0000 - 0x00007ffb72122000 	C:\Windows\System32\bcryptPrimitives.dll
0x00007ffb61850000 - 0x00007ffb61878000 	C:\Users\CCI\.jdks\corretto-11.0.19\bin\java.dll
0x00007ffb68fd0000 - 0x00007ffb68fda000 	C:\Users\CCI\.jdks\corretto-11.0.19\bin\jimage.dll
0x00007ffb63f50000 - 0x00007ffb63f68000 	C:\Users\CCI\.jdks\corretto-11.0.19\bin\zip.dll
0x00007ffb736a0000 - 0x00007ffb73de4000 	C:\Windows\System32\SHELL32.dll
0x00007ffb6fcd0000 - 0x00007ffb70463000 	C:\Windows\SYSTEM32\windows.storage.dll
0x00007ffb728d0000 - 0x00007ffb72c24000 	C:\Windows\System32\combase.dll
0x00007ffb714f0000 - 0x00007ffb7151e000 	C:\Windows\SYSTEM32\Wldp.dll
0x00007ffb73560000 - 0x00007ffb7360d000 	C:\Windows\System32\SHCORE.dll
0x00007ffb73500000 - 0x00007ffb73555000 	C:\Windows\System32\shlwapi.dll
0x00007ffb71b90000 - 0x00007ffb71baf000 	C:\Windows\SYSTEM32\profapi.dll
0x00007ffb5a240000 - 0x00007ffb5a259000 	C:\Users\CCI\.jdks\corretto-11.0.19\bin\net.dll
0x00007ffb69b30000 - 0x00007ffb69c3a000 	C:\Windows\SYSTEM32\WINHTTP.dll
0x00007ffb712d0000 - 0x00007ffb7133a000 	C:\Windows\system32\mswsock.dll
0x00007ffb5a220000 - 0x00007ffb5a233000 	C:\Users\CCI\.jdks\corretto-11.0.19\bin\nio.dll
0x00007ffb61810000 - 0x00007ffb61837000 	C:\Users\CCI\.gradle\native\e1d6ef7f7dcc3fd88c89a11ec53ec762bb8ba0a96d01ffa2cd45eb1d1d8dd5c5\windows-amd64\native-platform.dll
0x00007ffb443e0000 - 0x00007ffb44524000 	C:\Users\CCI\.gradle\native\0d407fdbe67a94daf76414ababcb853783967236a71b16ec16e742cd7a986fd3\windows-amd64\native-platform-file-events.dll
0x00007ffb64da0000 - 0x00007ffb64da9000 	C:\Users\CCI\.jdks\corretto-11.0.19\bin\management.dll
0x00007ffb63e60000 - 0x00007ffb63e6b000 	C:\Users\CCI\.jdks\corretto-11.0.19\bin\management_ext.dll
0x00007ffb71870000 - 0x00007ffb71888000 	C:\Windows\SYSTEM32\CRYPTSP.dll
0x00007ffb70c10000 - 0x00007ffb70c44000 	C:\Windows\system32\rsaenh.dll
0x00007ffb723f0000 - 0x00007ffb72417000 	C:\Windows\System32\bcrypt.dll
0x00007ffb71b50000 - 0x00007ffb71b7e000 	C:\Windows\SYSTEM32\USERENV.dll
0x00007ffb71460000 - 0x00007ffb7146c000 	C:\Windows\SYSTEM32\CRYPTBASE.dll
0x00007ffb70fe0000 - 0x00007ffb7101c000 	C:\Windows\SYSTEM32\IPHLPAPI.DLL
0x00007ffb72760000 - 0x00007ffb72768000 	C:\Windows\System32\NSI.dll
0x00007ffb6a390000 - 0x00007ffb6a3a7000 	C:\Windows\SYSTEM32\dhcpcsvc6.DLL
0x00007ffb6aaa0000 - 0x00007ffb6aabd000 	C:\Windows\SYSTEM32\dhcpcsvc.DLL
0x00007ffb71020000 - 0x00007ffb710eb000 	C:\Windows\SYSTEM32\DNSAPI.dll

dbghelp: loaded successfully - version: 4.0.5 - missing functions: none
symbol engine: initialized successfully - sym options: 0x614 - pdb path: .;C:\Users\CCI\.jdks\corretto-11.0.19\bin;C:\Windows\SYSTEM32;C:\Windows\WinSxS\amd64_microsoft.windows.common-controls_6595b64144ccf1df_6.0.19041.1110_none_60b5254171f9507e;C:\Users\CCI\.jdks\corretto-11.0.19\bin\server;C:\Users\CCI\.gradle\native\e1d6ef7f7dcc3fd88c89a11ec53ec762bb8ba0a96d01ffa2cd45eb1d1d8dd5c5\windows-amd64;C:\Users\CCI\.gradle\native\0d407fdbe67a94daf76414ababcb853783967236a71b16ec16e742cd7a986fd3\windows-amd64

VM Arguments:
jvm_args: -XX:MaxMetaspaceSize=256m -XX:+HeapDumpOnOutOfMemoryError --add-opens=java.base/java.util=ALL-UNNAMED --add-opens=java.base/java.lang=ALL-UNNAMED --add-opens=java.base/java.lang.invoke=ALL-UNNAMED --add-opens=java.base/java.util=ALL-UNNAMED --add-opens=java.prefs/java.util.prefs=ALL-UNNAMED --add-opens=java.prefs/java.util.prefs=ALL-UNNAMED --add-opens=java.base/java.nio.charset=ALL-UNNAMED --add-opens=java.base/java.net=ALL-UNNAMED --add-opens=java.base/java.util.concurrent.atomic=ALL-UNNAMED -Xms256m -Xmx512m -Dfile.encoding=windows-1252 -Duser.country=US -Duser.language=en -Duser.variant 
java_command: org.gradle.launcher.daemon.bootstrap.GradleDaemon 7.5
java_class_path (initial): C:\Users\CCI\.gradle\wrapper\dists\gradle-7.5-all\6qsw290k5lz422uaf8jf6m7co\gradle-7.5\lib\gradle-launcher-7.5.jar
Launcher Type: SUN_STANDARD

[Global flags]
     intx CICompilerCount                          = 3                                         {product} {ergonomic}
   size_t CompressedClassSpaceSize                 = 260046848                                 {product} {ergonomic}
     uint ConcGCThreads                            = 1                                         {product} {ergonomic}
     uint G1ConcRefinementThreads                  = 4                                         {product} {ergonomic}
   size_t G1HeapRegionSize                         = 1048576                                   {product} {ergonomic}
    uintx GCDrainStackTargetSize                   = 64                                        {product} {ergonomic}
     bool HeapDumpOnOutOfMemoryError               = true                                   {manageable} {command line}
   size_t InitialHeapSize                          = 268435456                                 {product} {command line}
   size_t MarkStackSize                            = 4194304                                   {product} {ergonomic}
   size_t MaxHeapSize                              = 536870912                                 {product} {command line}
   size_t MaxMetaspaceSize                         = 268435456                                 {product} {command line}
   size_t MaxNewSize                               = 321912832                                 {product} {ergonomic}
   size_t MinHeapDeltaBytes                        = 1048576                                   {product} {ergonomic}
    uintx NonNMethodCodeHeapSize                   = 5830732                                {pd product} {ergonomic}
    uintx NonProfiledCodeHeapSize                  = 122913754                              {pd product} {ergonomic}
    uintx ProfiledCodeHeapSize                     = 122913754                              {pd product} {ergonomic}
    uintx ReservedCodeCacheSize                    = 251658240                              {pd product} {ergonomic}
     bool SegmentedCodeCache                       = true                                      {product} {ergonomic}
     bool UseCompressedClassPointers               = true                                 {lp64_product} {ergonomic}
     bool UseCompressedOops                        = true                                 {lp64_product} {ergonomic}
     bool UseG1GC                                  = true                                      {product} {ergonomic}
     bool UseLargePagesIndividualAllocation        = false                                  {pd product} {ergonomic}

Logging:
Log output configuration:
 #0: stdout all=warning uptime,level,tags
 #1: stderr all=off uptime,level,tags

Environment Variables:
PATH=C:\Program Files\Common Files\Oracle\Java\javapath;C:\Windows\system32;C:\Windows;C:\Windows\System32\Wbem;C:\Windows\System32\WindowsPowerShell\v1.0\;C:\Windows\System32\OpenSSH\;C:\Program Files\Git\cmd;C:\Users\CCI\AppData\Local\Microsoft\WindowsApps;C:\Program Files\Java\jdk-19\bin;
USERNAME=CCI
OS=Windows_NT
PROCESSOR_IDENTIFIER=Intel64 Family 6 Model 61 Stepping 4, GenuineIntel
TMP=C:\Users\CCI\AppData\Local\Temp
TEMP=C:\Users\CCI\AppData\Local\Temp



---------------  S Y S T E M  ---------------

OS: Windows 10 , 64 bit Build 19041 (10.0.19041.2913)
OS uptime: 4 days 2:30 hours
Hyper-V role detected

CPU:total 4 (initial active 4) (2 cores per cpu, 2 threads per core) family 6 model 61 stepping 4 microcode 0x2d, cmov, cx8, fxsr, mmx, sse, sse2, sse3, ssse3, sse4.1, sse4.2, popcnt, avx, avx2, aes, clmul, erms, rtm, 3dnowpref, lzcnt, ht, tsc, tscinvbit, bmi1, bmi2, adx, fma

Memory: 4k page, system-wide physical 8067M (454M free)
TotalPageFile size 12163M (AvailPageFile size 36M)
current process WorkingSet (physical memory assigned to process): 411M, peak: 411M
current process commit charge ("private bytes"): 491M, peak: 493M

vm_info: OpenJDK 64-Bit Server VM (11.0.19+7-LTS) for windows-amd64 JRE (11.0.19+7-LTS), built on Apr 13 2023 22:56:25 by "Administrator" with MS VC++ 15.9 (VS2017)

END.
