#
# There is insufficient memory for the Java Runtime Environment to continue.
# Native memory allocation (malloc) failed to allocate 32744 bytes for ChunkPool::allocate
# Possible reasons:
#   The system is out of physical RAM or swap space
#   The process is running with CompressedOops enabled, and the Java Heap may be blocking the growth of the native heap
# Possible solutions:
#   Reduce memory load on the system
#   Increase physical memory or swap space
#   Check if swap backing store is full
#   Decrease Java heap size (-Xmx/-Xms)
#   Decrease number of Java threads
#   Decrease Java thread stack sizes (-Xss)
#   Set larger code cache with -XX:ReservedCodeCacheSize=
#   JVM is running with Unscaled Compressed Oops mode in which the Java heap is
#     placed in the first 4GB address space. The Java Heap base address is the
#     maximum limit for the native heap growth. Please use -XX:HeapBaseMinAddress
#     to set the Java Heap base and to place the Java Heap above 4GB virtual address.
# This output file may be truncated or incomplete.
#
#  Out of Memory Error (arena.cpp:78), pid=6312, tid=15604
#
# JRE version: OpenJDK Runtime Environment (17.0.6) (build 17.0.6+0-b2043.56-9586694)
# Java VM: OpenJDK 64-Bit Server VM (17.0.6+0-b2043.56-9586694, mixed mode, tiered, compressed oops, compressed class ptrs, g1 gc, windows-amd64)
# No core dump will be written. Minidumps are not enabled by default on client versions of Windows
#

---------------  S U M M A R Y ------------

Command Line: -XX:MaxMetaspaceSize=256m -XX:+HeapDumpOnOutOfMemoryError -javaagent:C:\Program Files\Android\Android Studio\plugins\android\resources\trace_agent.jar=C:\Users\CCI\AppData\Local\Temp\sync.trace.profile --add-opens=java.base/java.util=ALL-UNNAMED --add-opens=java.base/java.lang=ALL-UNNAMED --add-opens=java.base/java.lang.invoke=ALL-UNNAMED --add-opens=java.base/java.util=ALL-UNNAMED --add-opens=java.prefs/java.util.prefs=ALL-UNNAMED --add-opens=java.prefs/java.util.prefs=ALL-UNNAMED --add-opens=java.base/java.nio.charset=ALL-UNNAMED --add-opens=java.base/java.net=ALL-UNNAMED --add-opens=java.base/java.util.concurrent.atomic=ALL-UNNAMED -Xms256m -Xmx512m -Dfile.encoding=windows-1252 -Duser.country=US -Duser.language=en -Duser.variant org.gradle.launcher.daemon.bootstrap.GradleDaemon 7.5

Host: Intel(R) Core(TM) i5-5300U CPU @ 2.30GHz, 4 cores, 7G,  Windows 10 , 64 bit Build 19041 (10.0.19041.2913)
Time: Tue May  2 17:39:16 2023 India Standard Time elapsed time: 140.846701 seconds (0d 0h 2m 20s)

---------------  T H R E A D  ---------------

Current thread (0x0000024cb549ebb0):  JavaThread "C1 CompilerThread0" daemon [_thread_in_native, id=15604, stack(0x000000f71b300000,0x000000f71b400000)]


Current CompileTask:
C1: 140846 6207   !   3       org.gradle.api.internal.artifacts.ivyservice.ivyresolve.ErrorHandlingModuleComponentRepository$ErrorHandlingModuleComponentRepositoryAccess::tryResolveAndMaybeBlacklist (231 bytes)

Stack: [0x000000f71b300000,0x000000f71b400000]
Native frames: (J=compiled Java code, j=interpreted, Vv=VM code, C=native code)
V  [jvm.dll+0x683b4a]
V  [jvm.dll+0x842654]
V  [jvm.dll+0x843dfe]
V  [jvm.dll+0x844463]
V  [jvm.dll+0x249b75]
V  [jvm.dll+0xabecc]
V  [jvm.dll+0xac27c]
V  [jvm.dll+0x6464e2]
V  [jvm.dll+0x645f22]
V  [jvm.dll+0x1cd0ed]
V  [jvm.dll+0x145599]
V  [jvm.dll+0x139608]
V  [jvm.dll+0x1450a8]
V  [jvm.dll+0x148329]
V  [jvm.dll+0x147d45]
V  [jvm.dll+0x13f58e]
V  [jvm.dll+0x141b45]
V  [jvm.dll+0x13fd2c]
V  [jvm.dll+0x14881d]
V  [jvm.dll+0x147d45]
V  [jvm.dll+0x13f58e]
V  [jvm.dll+0x141b45]
V  [jvm.dll+0x13fe24]
V  [jvm.dll+0x14881d]
V  [jvm.dll+0x147d45]
V  [jvm.dll+0x13f58e]
V  [jvm.dll+0x141b45]
V  [jvm.dll+0x13fe24]
V  [jvm.dll+0x139d9f]
V  [jvm.dll+0x1499a6]
V  [jvm.dll+0x135490]
V  [jvm.dll+0x1357f0]
V  [jvm.dll+0x135ab6]
V  [jvm.dll+0x134f4a]
V  [jvm.dll+0x136c11]
V  [jvm.dll+0x22b098]
V  [jvm.dll+0x229159]
V  [jvm.dll+0x7f809c]
V  [jvm.dll+0x7f25fa]
V  [jvm.dll+0x682985]
C  [ucrtbase.dll+0x21bb2]
C  [KERNEL32.DLL+0x17614]
C  [ntdll.dll+0x526a1]


---------------  P R O C E S S  ---------------

Threads class SMR info:
_java_thread_list=0x0000024cb5becb70, length=79, elements={
0x0000024c9ec9ac20, 0x0000024cb5413620, 0x0000024cb4966dd0, 0x0000024cb499c420,
0x0000024cb499e2f0, 0x0000024cb49a0bc0, 0x0000024cb49a1480, 0x0000024cb49a4130,
0x0000024cb549ebb0, 0x0000024cb54a3880, 0x0000024cb490a820, 0x0000024cb62bcc70,
0x0000024cb801aab0, 0x0000024cb9b6c2c0, 0x0000024cb7da66f0, 0x0000024cb97d1080,
0x0000024cb97d1550, 0x0000024cb97d1a20, 0x0000024cb6dbe150, 0x0000024cb6db9920,
0x0000024cb6dbce10, 0x0000024cb6dbf490, 0x0000024cb6dbc470, 0x0000024cb6dbf960,
0x0000024cb6db9450, 0x0000024cb6db9df0, 0x0000024cb6dba2c0, 0x0000024cb6dbc940,
0x0000024cb6dba790, 0x0000024cb6dbefc0, 0x0000024cb6dbd2e0, 0x0000024cb6dc07d0,
0x0000024cb6dbac60, 0x0000024cb6dbb130, 0x0000024cb6dbb600, 0x0000024cb97d1ef0,
0x0000024cb97d23c0, 0x0000024cb9b1beb0, 0x0000024cb9b1b510, 0x0000024cb9b19d00,
0x0000024cb9b1a6a0, 0x0000024cb9b1db90, 0x0000024cb9b1fd40, 0x0000024cb9b1ab70,
0x0000024cb9b1ea00, 0x0000024cb9b1e060, 0x0000024cb9b1b040, 0x0000024cb9b1d1f0,
0x0000024cb9b20210, 0x0000024cb9b1c850, 0x0000024cb9b1eed0, 0x0000024cb9b1e530,
0x0000024cb9b1b9e0, 0x0000024cb9b1c380, 0x0000024cb9b1f3a0, 0x0000024cb9b1d6c0,
0x0000024cb9b1f870, 0x0000024cb9b206e0, 0x0000024cb9b20bb0, 0x0000024cb9b19360,
0x0000024cb9b19830, 0x0000024cb9b1a1d0, 0x0000024cbbc9bcd0, 0x0000024cbbc99650,
0x0000024cbbc974a0, 0x0000024cbbc96630, 0x0000024cbbc9cb40, 0x0000024cbbc98310,
0x0000024cbbc9ae60, 0x0000024cbbc99180, 0x0000024cbbc9b330, 0x0000024cbbc9c670,
0x0000024cbbc9d010, 0x0000024cbbc9a4c0, 0x0000024cbbc99b20, 0x0000024cbbc97e40,
0x0000024cbbc9b800, 0x0000024cbbc96fd0, 0x0000024cbbc9c1a0
}

Java Threads: ( => current thread )
  0x0000024c9ec9ac20 JavaThread "main" [_thread_blocked, id=8944, stack(0x000000f71a500000,0x000000f71a600000)]
  0x0000024cb5413620 JavaThread "Reference Handler" daemon [_thread_blocked, id=13552, stack(0x000000f71ac00000,0x000000f71ad00000)]
  0x0000024cb4966dd0 JavaThread "Finalizer" daemon [_thread_blocked, id=12916, stack(0x000000f71ad00000,0x000000f71ae00000)]
  0x0000024cb499c420 JavaThread "Signal Dispatcher" daemon [_thread_blocked, id=15760, stack(0x000000f71ae00000,0x000000f71af00000)]
  0x0000024cb499e2f0 JavaThread "Attach Listener" daemon [_thread_blocked, id=14588, stack(0x000000f71af00000,0x000000f71b000000)]
  0x0000024cb49a0bc0 JavaThread "Service Thread" daemon [_thread_blocked, id=3176, stack(0x000000f71b000000,0x000000f71b100000)]
  0x0000024cb49a1480 JavaThread "Monitor Deflation Thread" daemon [_thread_blocked, id=11188, stack(0x000000f71b100000,0x000000f71b200000)]
  0x0000024cb49a4130 JavaThread "C2 CompilerThread0" daemon [_thread_in_native, id=13628, stack(0x000000f71b200000,0x000000f71b300000)]
=>0x0000024cb549ebb0 JavaThread "C1 CompilerThread0" daemon [_thread_in_native, id=15604, stack(0x000000f71b300000,0x000000f71b400000)]
  0x0000024cb54a3880 JavaThread "Sweeper thread" daemon [_thread_blocked, id=10752, stack(0x000000f71b400000,0x000000f71b500000)]
  0x0000024cb490a820 JavaThread "Common-Cleaner" daemon [_thread_blocked, id=3404, stack(0x000000f71b500000,0x000000f71b600000)]
  0x0000024cb62bcc70 JavaThread "Notification Thread" daemon [_thread_blocked, id=7756, stack(0x000000f71b700000,0x000000f71b800000)]
  0x0000024cb801aab0 JavaThread "Daemon health stats" [_thread_blocked, id=7548, stack(0x000000f71b600000,0x000000f71b700000)]
  0x0000024cb9b6c2c0 JavaThread "Incoming local TCP Connector on port 54923" [_thread_in_native, id=5728, stack(0x000000f71bc00000,0x000000f71bd00000)]
  0x0000024cb7da66f0 JavaThread "Daemon periodic checks" [_thread_blocked, id=6784, stack(0x000000f71be00000,0x000000f71bf00000)]
  0x0000024cb97d1080 JavaThread "Cache worker for journal cache (C:\Users\CCI\.gradle\caches\journal-1)" [_thread_blocked, id=1584, stack(0x000000f71c500000,0x000000f71c600000)]
  0x0000024cb97d1550 JavaThread "File lock request listener" [_thread_in_native, id=4504, stack(0x000000f71c600000,0x000000f71c700000)]
  0x0000024cb97d1a20 JavaThread "Cache worker for file hash cache (C:\Users\CCI\.gradle\caches\7.5\fileHashes)" [_thread_blocked, id=7004, stack(0x000000f71a400000,0x000000f71a500000)]
  0x0000024cb6dbe150 JavaThread "File watcher server" daemon [_thread_in_native, id=11964, stack(0x000000f71c900000,0x000000f71ca00000)]
  0x0000024cb6db9920 JavaThread "File watcher consumer" daemon [_thread_blocked, id=1008, stack(0x000000f71ca00000,0x000000f71cb00000)]
  0x0000024cb6dbce10 JavaThread "Cache worker for file content cache (C:\Users\CCI\.gradle\caches\7.5\fileContent)" [_thread_blocked, id=5296, stack(0x000000f71cd00000,0x000000f71ce00000)]
  0x0000024cb6dbf490 JavaThread "Cache worker for execution history cache (C:\Users\CCI\.gradle\caches\7.5\executionHistory)" [_thread_blocked, id=6848, stack(0x000000f71d000000,0x000000f71d100000)]
  0x0000024cb6dbc470 JavaThread "jar transforms" [_thread_blocked, id=12888, stack(0x000000f71d100000,0x000000f71d200000)]
  0x0000024cb6dbf960 JavaThread "jar transforms Thread 2" [_thread_blocked, id=11068, stack(0x000000f71d200000,0x000000f71d300000)]
  0x0000024cb6db9450 JavaThread "jar transforms Thread 3" [_thread_blocked, id=9760, stack(0x000000f71d300000,0x000000f71d400000)]
  0x0000024cb6db9df0 JavaThread "jar transforms Thread 4" [_thread_blocked, id=6812, stack(0x000000f71d400000,0x000000f71d500000)]
  0x0000024cb6dba2c0 JavaThread "Daemon Thread 2" [_thread_blocked, id=10368, stack(0x000000f71a200000,0x000000f71a300000)]
  0x0000024cb6dbc940 JavaThread "Handler for socket connection from /127.0.0.1:54923 to /127.0.0.1:55026" [_thread_in_native, id=12344, stack(0x000000f71a300000,0x000000f71a400000)]
  0x0000024cb6dba790 JavaThread "Cancel handler" [_thread_blocked, id=14072, stack(0x000000f71bd00000,0x000000f71be00000)]
  0x0000024cb6dbefc0 JavaThread "Daemon worker Thread 2" [_thread_blocked, id=8568, stack(0x000000f71bf00000,0x000000f71c000000)]
  0x0000024cb6dbd2e0 JavaThread "Asynchronous log dispatcher for DefaultDaemonConnection: socket connection from /127.0.0.1:54923 to /127.0.0.1:55026" [_thread_blocked, id=4624, stack(0x000000f71c000000,0x000000f71c100000)]
  0x0000024cb6dc07d0 JavaThread "Stdin handler" [_thread_blocked, id=13244, stack(0x000000f71c100000,0x000000f71c200000)]
  0x0000024cb6dbac60 JavaThread "Daemon client event forwarder" [_thread_blocked, id=15744, stack(0x000000f71c300000,0x000000f71c400000)]
  0x0000024cb6dbb130 JavaThread "Cache worker for checksums cache (C:\Users\CCI\Mcura\QueueManagement\.gradle\7.5\checksums)" [_thread_blocked, id=5556, stack(0x000000f71c400000,0x000000f71c500000)]
  0x0000024cb6dbb600 JavaThread "Cache worker for cache directory md-rule (C:\Users\CCI\.gradle\caches\7.5\md-rule)" [_thread_blocked, id=3652, stack(0x000000f71c700000,0x000000f71c800000)]
  0x0000024cb97d1ef0 JavaThread "Cache worker for file hash cache (C:\Users\CCI\Mcura\QueueManagement\.gradle\7.5\fileHashes)" [_thread_blocked, id=14204, stack(0x000000f71cb00000,0x000000f71cc00000)]
  0x0000024cb97d23c0 JavaThread "Cache worker for cache directory md-supplier (C:\Users\CCI\.gradle\caches\7.5\md-supplier)" [_thread_blocked, id=6212, stack(0x000000f71cc00000,0x000000f71cd00000)]
  0x0000024cb9b1beb0 JavaThread "Cache worker for dependencies-accessors (C:\Users\CCI\Mcura\QueueManagement\.gradle\7.5\dependencies-accessors)" [_thread_blocked, id=15096, stack(0x000000f71ce00000,0x000000f71cf00000)]
  0x0000024cb9b1b510 JavaThread "Cache worker for Build Output Cleanup Cache (C:\Users\CCI\Mcura\QueueManagement\.gradle\buildOutputCleanup)" [_thread_blocked, id=14904, stack(0x000000f71cf00000,0x000000f71d000000)]
  0x0000024cb9b19d00 JavaThread "Unconstrained build operations" [_thread_blocked, id=6340, stack(0x000000f71c200000,0x000000f71c300000)]
  0x0000024cb9b1a6a0 JavaThread "Unconstrained build operations Thread 2" [_thread_blocked, id=9028, stack(0x000000f71c800000,0x000000f71c900000)]
  0x0000024cb9b1db90 JavaThread "Unconstrained build operations Thread 3" [_thread_blocked, id=16356, stack(0x000000f71d500000,0x000000f71d600000)]
  0x0000024cb9b1fd40 JavaThread "Unconstrained build operations Thread 4" [_thread_blocked, id=400, stack(0x000000f71d600000,0x000000f71d700000)]
  0x0000024cb9b1ab70 JavaThread "Unconstrained build operations Thread 5" [_thread_blocked, id=12624, stack(0x000000f71d700000,0x000000f71d800000)]
  0x0000024cb9b1ea00 JavaThread "Unconstrained build operations Thread 6" [_thread_blocked, id=10796, stack(0x000000f71d800000,0x000000f71d900000)]
  0x0000024cb9b1e060 JavaThread "Unconstrained build operations Thread 7" [_thread_blocked, id=4528, stack(0x000000f71d900000,0x000000f71da00000)]
  0x0000024cb9b1b040 JavaThread "Unconstrained build operations Thread 8" [_thread_blocked, id=12804, stack(0x000000f71da00000,0x000000f71db00000)]
  0x0000024cb9b1d1f0 JavaThread "Unconstrained build operations Thread 9" [_thread_blocked, id=9640, stack(0x000000f71db00000,0x000000f71dc00000)]
  0x0000024cb9b20210 JavaThread "Unconstrained build operations Thread 10" [_thread_blocked, id=1648, stack(0x000000f71dc00000,0x000000f71dd00000)]
  0x0000024cb9b1c850 JavaThread "Unconstrained build operations Thread 11" [_thread_blocked, id=736, stack(0x000000f71dd00000,0x000000f71de00000)]
  0x0000024cb9b1eed0 JavaThread "Unconstrained build operations Thread 12" [_thread_blocked, id=9496, stack(0x000000f71de00000,0x000000f71df00000)]
  0x0000024cb9b1e530 JavaThread "Unconstrained build operations Thread 13" [_thread_blocked, id=16364, stack(0x000000f71df00000,0x000000f71e000000)]
  0x0000024cb9b1b9e0 JavaThread "Unconstrained build operations Thread 14" [_thread_blocked, id=12912, stack(0x000000f71e000000,0x000000f71e100000)]
  0x0000024cb9b1c380 JavaThread "Unconstrained build operations Thread 15" [_thread_blocked, id=7940, stack(0x000000f71e100000,0x000000f71e200000)]
  0x0000024cb9b1f3a0 JavaThread "Unconstrained build operations Thread 16" [_thread_blocked, id=12124, stack(0x000000f71e200000,0x000000f71e300000)]
  0x0000024cb9b1d6c0 JavaThread "Unconstrained build operations Thread 17" [_thread_blocked, id=15656, stack(0x000000f71e300000,0x000000f71e400000)]
  0x0000024cb9b1f870 JavaThread "Unconstrained build operations Thread 18" [_thread_blocked, id=7600, stack(0x000000f71e400000,0x000000f71e500000)]
  0x0000024cb9b206e0 JavaThread "Unconstrained build operations Thread 19" [_thread_blocked, id=13316, stack(0x000000f71e500000,0x000000f71e600000)]
  0x0000024cb9b20bb0 JavaThread "Unconstrained build operations Thread 20" [_thread_blocked, id=15708, stack(0x000000f71e600000,0x000000f71e700000)]
  0x0000024cb9b19360 JavaThread "Unconstrained build operations Thread 21" [_thread_blocked, id=8472, stack(0x000000f71e700000,0x000000f71e800000)]
  0x0000024cb9b19830 JavaThread "Unconstrained build operations Thread 22" [_thread_blocked, id=6228, stack(0x000000f71e800000,0x000000f71e900000)]
  0x0000024cb9b1a1d0 JavaThread "Unconstrained build operations Thread 23" [_thread_blocked, id=15056, stack(0x000000f71e900000,0x000000f71ea00000)]
  0x0000024cbbc9bcd0 JavaThread "Unconstrained build operations Thread 24" [_thread_blocked, id=6532, stack(0x000000f71ea00000,0x000000f71eb00000)]
  0x0000024cbbc99650 JavaThread "Unconstrained build operations Thread 25" [_thread_blocked, id=14368, stack(0x000000f71eb00000,0x000000f71ec00000)]
  0x0000024cbbc974a0 JavaThread "Unconstrained build operations Thread 26" [_thread_blocked, id=9508, stack(0x000000f71ec00000,0x000000f71ed00000)]
  0x0000024cbbc96630 JavaThread "Unconstrained build operations Thread 27" [_thread_blocked, id=13868, stack(0x000000f71ed00000,0x000000f71ee00000)]
  0x0000024cbbc9cb40 JavaThread "Unconstrained build operations Thread 28" [_thread_blocked, id=4148, stack(0x000000f71ee00000,0x000000f71ef00000)]
  0x0000024cbbc98310 JavaThread "Unconstrained build operations Thread 29" [_thread_blocked, id=4004, stack(0x000000f71ef00000,0x000000f71f000000)]
  0x0000024cbbc9ae60 JavaThread "Unconstrained build operations Thread 30" [_thread_blocked, id=15504, stack(0x000000f71f000000,0x000000f71f100000)]
  0x0000024cbbc99180 JavaThread "Unconstrained build operations Thread 31" [_thread_blocked, id=14716, stack(0x000000f71f100000,0x000000f71f200000)]
  0x0000024cbbc9b330 JavaThread "Unconstrained build operations Thread 32" [_thread_blocked, id=9852, stack(0x000000f71f200000,0x000000f71f300000)]
  0x0000024cbbc9c670 JavaThread "Unconstrained build operations Thread 33" [_thread_blocked, id=3048, stack(0x000000f71f300000,0x000000f71f400000)]
  0x0000024cbbc9d010 JavaThread "Unconstrained build operations Thread 34" [_thread_blocked, id=8264, stack(0x000000f71f400000,0x000000f71f500000)]
  0x0000024cbbc9a4c0 JavaThread "Unconstrained build operations Thread 35" [_thread_blocked, id=13004, stack(0x000000f71f500000,0x000000f71f600000)]
  0x0000024cbbc99b20 JavaThread "Unconstrained build operations Thread 36" [_thread_blocked, id=15256, stack(0x000000f71f600000,0x000000f71f700000)]
  0x0000024cbbc97e40 JavaThread "Unconstrained build operations Thread 37" [_thread_blocked, id=5316, stack(0x000000f71f700000,0x000000f71f800000)]
  0x0000024cbbc9b800 JavaThread "Unconstrained build operations Thread 38" [_thread_blocked, id=12356, stack(0x000000f71f800000,0x000000f71f900000)]
  0x0000024cbbc96fd0 JavaThread "Unconstrained build operations Thread 39" [_thread_blocked, id=6160, stack(0x000000f71f900000,0x000000f71fa00000)]
  0x0000024cbbc9c1a0 JavaThread "Unconstrained build operations Thread 40" [_thread_blocked, id=8752, stack(0x000000f71fa00000,0x000000f71fb00000)]

Other Threads:
  0x0000024cb49642a0 VMThread "VM Thread" [stack: 0x000000f71ab00000,0x000000f71ac00000] [id=12752]
  0x0000024cb5ff6800 WatcherThread [stack: 0x000000f71b800000,0x000000f71b900000] [id=12904]
  0x0000024c9ecc9220 GCTaskThread "GC Thread#0" [stack: 0x000000f71a600000,0x000000f71a700000] [id=15616]
  0x0000024cb747eab0 GCTaskThread "GC Thread#1" [stack: 0x000000f71b900000,0x000000f71ba00000] [id=4212]
  0x0000024cb66025f0 GCTaskThread "GC Thread#2" [stack: 0x000000f71ba00000,0x000000f71bb00000] [id=3600]
  0x0000024cb67f9d90 GCTaskThread "GC Thread#3" [stack: 0x000000f71bb00000,0x000000f71bc00000] [id=6376]
  0x0000024c9ecce070 ConcurrentGCThread "G1 Main Marker" [stack: 0x000000f71a700000,0x000000f71a800000] [id=6356]
  0x0000024c9ecd0140 ConcurrentGCThread "G1 Conc#0" [stack: 0x000000f71a800000,0x000000f71a900000] [id=13304]
  0x0000024cb47e20c0 ConcurrentGCThread "G1 Refine#0" [stack: 0x000000f71a900000,0x000000f71aa00000] [id=13092]
  0x0000024cb47e3a00 ConcurrentGCThread "G1 Service" [stack: 0x000000f71aa00000,0x000000f71ab00000] [id=12736]

Threads with active compile tasks:
C2 CompilerThread0   140986 6081       4       com.android.tools.tracer.agent.objectweb.asm.ClassReader::readMethod (1066 bytes)
C1 CompilerThread0   140986 6207   !   3       org.gradle.api.internal.artifacts.ivyservice.ivyresolve.ErrorHandlingModuleComponentRepository$ErrorHandlingModuleComponentRepositoryAccess::tryResolveAndMaybeBlacklist (231 bytes)

VM state: not at safepoint (normal execution)

VM Mutex/Monitor currently owned by a thread: None

Heap address: 0x00000000e0000000, size: 512 MB, Compressed Oops mode: 32-bit

CDS archive(s) not mapped
Compressed class space mapped at: 0x0000000100000000-0x000000010d000000, reserved size: 218103808
Narrow klass base: 0x0000000000000000, Narrow klass shift: 3, Narrow klass range: 0x10d000000

GC Precious Log:
 CPUs: 4 total, 4 available
 Memory: 8067M
 Large Page Support: Disabled
 NUMA Support: Disabled
 Compressed Oops: Enabled (32-bit)
 Heap Region Size: 1M
 Heap Min Capacity: 256M
 Heap Initial Capacity: 256M
 Heap Max Capacity: 512M
 Pre-touch: Disabled
 Parallel Workers: 4
 Concurrent Workers: 1
 Concurrent Refinement Workers: 4
 Periodic GC: Disabled

Heap:
 garbage-first heap   total 262144K, used 97345K [0x00000000e0000000, 0x0000000100000000)
  region size 1024K, 80 young (81920K), 14 survivors (14336K)
 Metaspace       used 51861K, committed 52288K, reserved 262144K
  class space    used 6778K, committed 6912K, reserved 212992K

Heap Regions: E=young(eden), S=young(survivor), O=old, HS=humongous(starts), HC=humongous(continues), CS=collection set, F=free, OA=open archive, CA=closed archive, TAMS=top-at-mark-start (previous, next)
|   0|0x00000000e0000000, 0x00000000e0100000, 0x00000000e0100000|100%|HS|  |TAMS 0x00000000e0100000, 0x00000000e0000000| Complete 
|   1|0x00000000e0100000, 0x00000000e0200000, 0x00000000e0200000|100%|HC|  |TAMS 0x00000000e0200000, 0x00000000e0100000| Complete 
|   2|0x00000000e0200000, 0x00000000e0300000, 0x00000000e0300000|100%|HC|  |TAMS 0x00000000e0300000, 0x00000000e0200000| Complete 
|   3|0x00000000e0300000, 0x00000000e0400000, 0x00000000e0400000|100%| O|  |TAMS 0x00000000e0400000, 0x00000000e0300000| Untracked 
|   4|0x00000000e0400000, 0x00000000e0500000, 0x00000000e0500000|100%| O|  |TAMS 0x00000000e0500000, 0x00000000e0400000| Untracked 
|   5|0x00000000e0500000, 0x00000000e0600000, 0x00000000e0600000|100%| O|  |TAMS 0x00000000e0600000, 0x00000000e0500000| Untracked 
|   6|0x00000000e0600000, 0x00000000e0700000, 0x00000000e0700000|100%| O|  |TAMS 0x00000000e0681400, 0x00000000e0600000| Untracked 
|   7|0x00000000e0700000, 0x00000000e0800000, 0x00000000e0800000|100%| O|  |TAMS 0x00000000e0700000, 0x00000000e0700000| Untracked 
|   8|0x00000000e0800000, 0x00000000e0900000, 0x00000000e0900000|100%| O|  |TAMS 0x00000000e0800000, 0x00000000e0800000| Untracked 
|   9|0x00000000e0900000, 0x00000000e0a00000, 0x00000000e0a00000|100%| O|  |TAMS 0x00000000e0900000, 0x00000000e0900000| Untracked 
|  10|0x00000000e0a00000, 0x00000000e0b00000, 0x00000000e0b00000|100%| O|  |TAMS 0x00000000e0a00000, 0x00000000e0a00000| Untracked 
|  11|0x00000000e0b00000, 0x00000000e0c00000, 0x00000000e0c00000|100%| O|  |TAMS 0x00000000e0b00000, 0x00000000e0b00000| Untracked 
|  12|0x00000000e0c00000, 0x00000000e0d00000, 0x00000000e0d00000|100%| O|  |TAMS 0x00000000e0c00000, 0x00000000e0c00000| Untracked 
|  13|0x00000000e0d00000, 0x00000000e0e00000, 0x00000000e0e00000|100%| O|  |TAMS 0x00000000e0d00000, 0x00000000e0d00000| Untracked 
|  14|0x00000000e0e00000, 0x00000000e0f00000, 0x00000000e0f00000|100%| O|  |TAMS 0x00000000e0e00000, 0x00000000e0e00000| Untracked 
|  15|0x00000000e0f00000, 0x00000000e1000000, 0x00000000e1000000|100%| O|  |TAMS 0x00000000e0f00000, 0x00000000e0f00000| Untracked 
|  16|0x00000000e1000000, 0x00000000e1000000, 0x00000000e1100000|  0%| F|  |TAMS 0x00000000e1000000, 0x00000000e1000000| Untracked 
|  17|0x00000000e1100000, 0x00000000e1100000, 0x00000000e1200000|  0%| F|  |TAMS 0x00000000e1100000, 0x00000000e1100000| Untracked 
|  18|0x00000000e1200000, 0x00000000e1200000, 0x00000000e1300000|  0%| F|  |TAMS 0x00000000e1200000, 0x00000000e1200000| Untracked 
|  19|0x00000000e1300000, 0x00000000e131b000, 0x00000000e1400000| 10%| O|  |TAMS 0x00000000e1300000, 0x00000000e1300000| Untracked 
|  20|0x00000000e1400000, 0x00000000e1400000, 0x00000000e1500000|  0%| F|  |TAMS 0x00000000e1400000, 0x00000000e1400000| Untracked 
|  21|0x00000000e1500000, 0x00000000e1500000, 0x00000000e1600000|  0%| F|  |TAMS 0x00000000e1500000, 0x00000000e1500000| Untracked 
|  22|0x00000000e1600000, 0x00000000e1600000, 0x00000000e1700000|  0%| F|  |TAMS 0x00000000e1600000, 0x00000000e1600000| Untracked 
|  23|0x00000000e1700000, 0x00000000e1700000, 0x00000000e1800000|  0%| F|  |TAMS 0x00000000e1700000, 0x00000000e1700000| Untracked 
|  24|0x00000000e1800000, 0x00000000e1800000, 0x00000000e1900000|  0%| F|  |TAMS 0x00000000e1800000, 0x00000000e1800000| Untracked 
|  25|0x00000000e1900000, 0x00000000e1900000, 0x00000000e1a00000|  0%| F|  |TAMS 0x00000000e1900000, 0x00000000e1900000| Untracked 
|  26|0x00000000e1a00000, 0x00000000e1a00000, 0x00000000e1b00000|  0%| F|  |TAMS 0x00000000e1a00000, 0x00000000e1a00000| Untracked 
|  27|0x00000000e1b00000, 0x00000000e1b00000, 0x00000000e1c00000|  0%| F|  |TAMS 0x00000000e1b00000, 0x00000000e1b00000| Untracked 
|  28|0x00000000e1c00000, 0x00000000e1c00000, 0x00000000e1d00000|  0%| F|  |TAMS 0x00000000e1c00000, 0x00000000e1c00000| Untracked 
|  29|0x00000000e1d00000, 0x00000000e1d00000, 0x00000000e1e00000|  0%| F|  |TAMS 0x00000000e1d00000, 0x00000000e1d00000| Untracked 
|  30|0x00000000e1e00000, 0x00000000e1e00000, 0x00000000e1f00000|  0%| F|  |TAMS 0x00000000e1e00000, 0x00000000e1e00000| Untracked 
|  31|0x00000000e1f00000, 0x00000000e1f00000, 0x00000000e2000000|  0%| F|  |TAMS 0x00000000e1f00000, 0x00000000e1f00000| Untracked 
|  32|0x00000000e2000000, 0x00000000e2000000, 0x00000000e2100000|  0%| F|  |TAMS 0x00000000e2000000, 0x00000000e2000000| Untracked 
|  33|0x00000000e2100000, 0x00000000e2100000, 0x00000000e2200000|  0%| F|  |TAMS 0x00000000e2100000, 0x00000000e2100000| Untracked 
|  34|0x00000000e2200000, 0x00000000e2200000, 0x00000000e2300000|  0%| F|  |TAMS 0x00000000e2200000, 0x00000000e2200000| Untracked 
|  35|0x00000000e2300000, 0x00000000e2300000, 0x00000000e2400000|  0%| F|  |TAMS 0x00000000e2300000, 0x00000000e2300000| Untracked 
|  36|0x00000000e2400000, 0x00000000e2400000, 0x00000000e2500000|  0%| F|  |TAMS 0x00000000e2400000, 0x00000000e2400000| Untracked 
|  37|0x00000000e2500000, 0x00000000e2500000, 0x00000000e2600000|  0%| F|  |TAMS 0x00000000e2500000, 0x00000000e2500000| Untracked 
|  38|0x00000000e2600000, 0x00000000e2600000, 0x00000000e2700000|  0%| F|  |TAMS 0x00000000e2600000, 0x00000000e2600000| Untracked 
|  39|0x00000000e2700000, 0x00000000e2700000, 0x00000000e2800000|  0%| F|  |TAMS 0x00000000e2700000, 0x00000000e2700000| Untracked 
|  40|0x00000000e2800000, 0x00000000e2800000, 0x00000000e2900000|  0%| F|  |TAMS 0x00000000e2800000, 0x00000000e2800000| Untracked 
|  41|0x00000000e2900000, 0x00000000e2900000, 0x00000000e2a00000|  0%| F|  |TAMS 0x00000000e2900000, 0x00000000e2900000| Untracked 
|  42|0x00000000e2a00000, 0x00000000e2a00000, 0x00000000e2b00000|  0%| F|  |TAMS 0x00000000e2a00000, 0x00000000e2a00000| Untracked 
|  43|0x00000000e2b00000, 0x00000000e2b00000, 0x00000000e2c00000|  0%| F|  |TAMS 0x00000000e2b00000, 0x00000000e2b00000| Untracked 
|  44|0x00000000e2c00000, 0x00000000e2c00000, 0x00000000e2d00000|  0%| F|  |TAMS 0x00000000e2c00000, 0x00000000e2c00000| Untracked 
|  45|0x00000000e2d00000, 0x00000000e2d00000, 0x00000000e2e00000|  0%| F|  |TAMS 0x00000000e2d00000, 0x00000000e2d00000| Untracked 
|  46|0x00000000e2e00000, 0x00000000e2e00000, 0x00000000e2f00000|  0%| F|  |TAMS 0x00000000e2e00000, 0x00000000e2e00000| Untracked 
|  47|0x00000000e2f00000, 0x00000000e2f00000, 0x00000000e3000000|  0%| F|  |TAMS 0x00000000e2f00000, 0x00000000e2f00000| Untracked 
|  48|0x00000000e3000000, 0x00000000e3000000, 0x00000000e3100000|  0%| F|  |TAMS 0x00000000e3000000, 0x00000000e3000000| Untracked 
|  49|0x00000000e3100000, 0x00000000e3100000, 0x00000000e3200000|  0%| F|  |TAMS 0x00000000e3100000, 0x00000000e3100000| Untracked 
|  50|0x00000000e3200000, 0x00000000e3200000, 0x00000000e3300000|  0%| F|  |TAMS 0x00000000e3200000, 0x00000000e3200000| Untracked 
|  51|0x00000000e3300000, 0x00000000e3300000, 0x00000000e3400000|  0%| F|  |TAMS 0x00000000e3300000, 0x00000000e3300000| Untracked 
|  52|0x00000000e3400000, 0x00000000e3400000, 0x00000000e3500000|  0%| F|  |TAMS 0x00000000e3400000, 0x00000000e3400000| Untracked 
|  53|0x00000000e3500000, 0x00000000e3500000, 0x00000000e3600000|  0%| F|  |TAMS 0x00000000e3500000, 0x00000000e3500000| Untracked 
|  54|0x00000000e3600000, 0x00000000e3600000, 0x00000000e3700000|  0%| F|  |TAMS 0x00000000e3600000, 0x00000000e3600000| Untracked 
|  55|0x00000000e3700000, 0x00000000e3700000, 0x00000000e3800000|  0%| F|  |TAMS 0x00000000e3700000, 0x00000000e3700000| Untracked 
|  56|0x00000000e3800000, 0x00000000e3800000, 0x00000000e3900000|  0%| F|  |TAMS 0x00000000e3800000, 0x00000000e3800000| Untracked 
|  57|0x00000000e3900000, 0x00000000e3900000, 0x00000000e3a00000|  0%| F|  |TAMS 0x00000000e3900000, 0x00000000e3900000| Untracked 
|  58|0x00000000e3a00000, 0x00000000e3a00000, 0x00000000e3b00000|  0%| F|  |TAMS 0x00000000e3a00000, 0x00000000e3a00000| Untracked 
|  59|0x00000000e3b00000, 0x00000000e3b00000, 0x00000000e3c00000|  0%| F|  |TAMS 0x00000000e3b00000, 0x00000000e3b00000| Untracked 
|  60|0x00000000e3c00000, 0x00000000e3c00000, 0x00000000e3d00000|  0%| F|  |TAMS 0x00000000e3c00000, 0x00000000e3c00000| Untracked 
|  61|0x00000000e3d00000, 0x00000000e3d00000, 0x00000000e3e00000|  0%| F|  |TAMS 0x00000000e3d00000, 0x00000000e3d00000| Untracked 
|  62|0x00000000e3e00000, 0x00000000e3e00000, 0x00000000e3f00000|  0%| F|  |TAMS 0x00000000e3e00000, 0x00000000e3e00000| Untracked 
|  63|0x00000000e3f00000, 0x00000000e3f00000, 0x00000000e4000000|  0%| F|  |TAMS 0x00000000e3f00000, 0x00000000e3f00000| Untracked 
|  64|0x00000000e4000000, 0x00000000e4000000, 0x00000000e4100000|  0%| F|  |TAMS 0x00000000e4000000, 0x00000000e4000000| Untracked 
|  65|0x00000000e4100000, 0x00000000e4100000, 0x00000000e4200000|  0%| F|  |TAMS 0x00000000e4100000, 0x00000000e4100000| Untracked 
|  66|0x00000000e4200000, 0x00000000e4200000, 0x00000000e4300000|  0%| F|  |TAMS 0x00000000e4200000, 0x00000000e4200000| Untracked 
|  67|0x00000000e4300000, 0x00000000e4300000, 0x00000000e4400000|  0%| F|  |TAMS 0x00000000e4300000, 0x00000000e4300000| Untracked 
|  68|0x00000000e4400000, 0x00000000e4400000, 0x00000000e4500000|  0%| F|  |TAMS 0x00000000e4400000, 0x00000000e4400000| Untracked 
|  69|0x00000000e4500000, 0x00000000e4500000, 0x00000000e4600000|  0%| F|  |TAMS 0x00000000e4500000, 0x00000000e4500000| Untracked 
|  70|0x00000000e4600000, 0x00000000e4600000, 0x00000000e4700000|  0%| F|  |TAMS 0x00000000e4600000, 0x00000000e4600000| Untracked 
|  71|0x00000000e4700000, 0x00000000e4700000, 0x00000000e4800000|  0%| F|  |TAMS 0x00000000e4700000, 0x00000000e4700000| Untracked 
|  72|0x00000000e4800000, 0x00000000e4800000, 0x00000000e4900000|  0%| F|  |TAMS 0x00000000e4800000, 0x00000000e4800000| Untracked 
|  73|0x00000000e4900000, 0x00000000e4900000, 0x00000000e4a00000|  0%| F|  |TAMS 0x00000000e4900000, 0x00000000e4900000| Untracked 
|  74|0x00000000e4a00000, 0x00000000e4a00000, 0x00000000e4b00000|  0%| F|  |TAMS 0x00000000e4a00000, 0x00000000e4a00000| Untracked 
|  75|0x00000000e4b00000, 0x00000000e4b00000, 0x00000000e4c00000|  0%| F|  |TAMS 0x00000000e4b00000, 0x00000000e4b00000| Untracked 
|  76|0x00000000e4c00000, 0x00000000e4c00000, 0x00000000e4d00000|  0%| F|  |TAMS 0x00000000e4c00000, 0x00000000e4c00000| Untracked 
|  77|0x00000000e4d00000, 0x00000000e4d00000, 0x00000000e4e00000|  0%| F|  |TAMS 0x00000000e4d00000, 0x00000000e4d00000| Untracked 
|  78|0x00000000e4e00000, 0x00000000e4e00000, 0x00000000e4f00000|  0%| F|  |TAMS 0x00000000e4e00000, 0x00000000e4e00000| Untracked 
|  79|0x00000000e4f00000, 0x00000000e4f00000, 0x00000000e5000000|  0%| F|  |TAMS 0x00000000e4f00000, 0x00000000e4f00000| Untracked 
|  80|0x00000000e5000000, 0x00000000e5000000, 0x00000000e5100000|  0%| F|  |TAMS 0x00000000e5000000, 0x00000000e5000000| Untracked 
|  81|0x00000000e5100000, 0x00000000e5100000, 0x00000000e5200000|  0%| F|  |TAMS 0x00000000e5100000, 0x00000000e5100000| Untracked 
|  82|0x00000000e5200000, 0x00000000e5200000, 0x00000000e5300000|  0%| F|  |TAMS 0x00000000e5200000, 0x00000000e5200000| Untracked 
|  83|0x00000000e5300000, 0x00000000e5300000, 0x00000000e5400000|  0%| F|  |TAMS 0x00000000e5300000, 0x00000000e5300000| Untracked 
|  84|0x00000000e5400000, 0x00000000e5400000, 0x00000000e5500000|  0%| F|  |TAMS 0x00000000e5400000, 0x00000000e5400000| Untracked 
|  85|0x00000000e5500000, 0x00000000e5500000, 0x00000000e5600000|  0%| F|  |TAMS 0x00000000e5500000, 0x00000000e5500000| Untracked 
|  86|0x00000000e5600000, 0x00000000e5600000, 0x00000000e5700000|  0%| F|  |TAMS 0x00000000e5600000, 0x00000000e5600000| Untracked 
|  87|0x00000000e5700000, 0x00000000e5700000, 0x00000000e5800000|  0%| F|  |TAMS 0x00000000e5700000, 0x00000000e5700000| Untracked 
|  88|0x00000000e5800000, 0x00000000e5800000, 0x00000000e5900000|  0%| F|  |TAMS 0x00000000e5800000, 0x00000000e5800000| Untracked 
|  89|0x00000000e5900000, 0x00000000e59f5400, 0x00000000e5a00000| 95%| S|CS|TAMS 0x00000000e5900000, 0x00000000e5900000| Complete 
|  90|0x00000000e5a00000, 0x00000000e5b00000, 0x00000000e5b00000|100%| S|CS|TAMS 0x00000000e5a00000, 0x00000000e5a00000| Complete 
|  91|0x00000000e5b00000, 0x00000000e5b00000, 0x00000000e5c00000|  0%| F|  |TAMS 0x00000000e5b00000, 0x00000000e5b00000| Untracked 
|  92|0x00000000e5c00000, 0x00000000e5c00000, 0x00000000e5d00000|  0%| F|  |TAMS 0x00000000e5c00000, 0x00000000e5c00000| Untracked 
|  93|0x00000000e5d00000, 0x00000000e5d00000, 0x00000000e5e00000|  0%| F|  |TAMS 0x00000000e5d00000, 0x00000000e5d00000| Untracked 
|  94|0x00000000e5e00000, 0x00000000e5e00000, 0x00000000e5f00000|  0%| F|  |TAMS 0x00000000e5e00000, 0x00000000e5e00000| Untracked 
|  95|0x00000000e5f00000, 0x00000000e5f00000, 0x00000000e6000000|  0%| F|  |TAMS 0x00000000e5f00000, 0x00000000e5f00000| Untracked 
|  96|0x00000000e6000000, 0x00000000e6000000, 0x00000000e6100000|  0%| F|  |TAMS 0x00000000e6000000, 0x00000000e6000000| Untracked 
|  97|0x00000000e6100000, 0x00000000e6100000, 0x00000000e6200000|  0%| F|  |TAMS 0x00000000e6100000, 0x00000000e6100000| Untracked 
|  98|0x00000000e6200000, 0x00000000e6200000, 0x00000000e6300000|  0%| F|  |TAMS 0x00000000e6200000, 0x00000000e6200000| Untracked 
|  99|0x00000000e6300000, 0x00000000e6300000, 0x00000000e6400000|  0%| F|  |TAMS 0x00000000e6300000, 0x00000000e6300000| Untracked 
| 100|0x00000000e6400000, 0x00000000e6400000, 0x00000000e6500000|  0%| F|  |TAMS 0x00000000e6400000, 0x00000000e6400000| Untracked 
| 101|0x00000000e6500000, 0x00000000e6500000, 0x00000000e6600000|  0%| F|  |TAMS 0x00000000e6500000, 0x00000000e6500000| Untracked 
| 102|0x00000000e6600000, 0x00000000e6600000, 0x00000000e6700000|  0%| F|  |TAMS 0x00000000e6600000, 0x00000000e6600000| Untracked 
| 103|0x00000000e6700000, 0x00000000e6800000, 0x00000000e6800000|100%| S|CS|TAMS 0x00000000e6700000, 0x00000000e6700000| Complete 
| 104|0x00000000e6800000, 0x00000000e6900000, 0x00000000e6900000|100%| S|CS|TAMS 0x00000000e6800000, 0x00000000e6800000| Complete 
| 105|0x00000000e6900000, 0x00000000e6a00000, 0x00000000e6a00000|100%| S|CS|TAMS 0x00000000e6900000, 0x00000000e6900000| Complete 
| 106|0x00000000e6a00000, 0x00000000e6b00000, 0x00000000e6b00000|100%| S|CS|TAMS 0x00000000e6a00000, 0x00000000e6a00000| Complete 
| 107|0x00000000e6b00000, 0x00000000e6c00000, 0x00000000e6c00000|100%| S|CS|TAMS 0x00000000e6b00000, 0x00000000e6b00000| Complete 
| 108|0x00000000e6c00000, 0x00000000e6d00000, 0x00000000e6d00000|100%| S|CS|TAMS 0x00000000e6c00000, 0x00000000e6c00000| Complete 
| 109|0x00000000e6d00000, 0x00000000e6e00000, 0x00000000e6e00000|100%| S|CS|TAMS 0x00000000e6d00000, 0x00000000e6d00000| Complete 
| 110|0x00000000e6e00000, 0x00000000e6f00000, 0x00000000e6f00000|100%| S|CS|TAMS 0x00000000e6e00000, 0x00000000e6e00000| Complete 
| 111|0x00000000e6f00000, 0x00000000e7000000, 0x00000000e7000000|100%| S|CS|TAMS 0x00000000e6f00000, 0x00000000e6f00000| Complete 
| 112|0x00000000e7000000, 0x00000000e7100000, 0x00000000e7100000|100%| S|CS|TAMS 0x00000000e7000000, 0x00000000e7000000| Complete 
| 113|0x00000000e7100000, 0x00000000e7200000, 0x00000000e7200000|100%| S|CS|TAMS 0x00000000e7100000, 0x00000000e7100000| Complete 
| 114|0x00000000e7200000, 0x00000000e7300000, 0x00000000e7300000|100%| S|CS|TAMS 0x00000000e7200000, 0x00000000e7200000| Complete 
| 115|0x00000000e7300000, 0x00000000e7300000, 0x00000000e7400000|  0%| F|  |TAMS 0x00000000e7300000, 0x00000000e7300000| Untracked 
| 116|0x00000000e7400000, 0x00000000e7400000, 0x00000000e7500000|  0%| F|  |TAMS 0x00000000e7400000, 0x00000000e7400000| Untracked 
| 117|0x00000000e7500000, 0x00000000e7500000, 0x00000000e7600000|  0%| F|  |TAMS 0x00000000e7500000, 0x00000000e7500000| Untracked 
| 118|0x00000000e7600000, 0x00000000e7600000, 0x00000000e7700000|  0%| F|  |TAMS 0x00000000e7600000, 0x00000000e7600000| Untracked 
| 119|0x00000000e7700000, 0x00000000e7700000, 0x00000000e7800000|  0%| F|  |TAMS 0x00000000e7700000, 0x00000000e7700000| Untracked 
| 120|0x00000000e7800000, 0x00000000e7800000, 0x00000000e7900000|  0%| F|  |TAMS 0x00000000e7800000, 0x00000000e7800000| Untracked 
| 121|0x00000000e7900000, 0x00000000e7900000, 0x00000000e7a00000|  0%| F|  |TAMS 0x00000000e7900000, 0x00000000e7900000| Untracked 
| 122|0x00000000e7a00000, 0x00000000e7a00000, 0x00000000e7b00000|  0%| F|  |TAMS 0x00000000e7a00000, 0x00000000e7a00000| Untracked 
| 123|0x00000000e7b00000, 0x00000000e7b00000, 0x00000000e7c00000|  0%| F|  |TAMS 0x00000000e7b00000, 0x00000000e7b00000| Untracked 
| 124|0x00000000e7c00000, 0x00000000e7c00000, 0x00000000e7d00000|  0%| F|  |TAMS 0x00000000e7c00000, 0x00000000e7c00000| Untracked 
| 125|0x00000000e7d00000, 0x00000000e7d00000, 0x00000000e7e00000|  0%| F|  |TAMS 0x00000000e7d00000, 0x00000000e7d00000| Untracked 
| 126|0x00000000e7e00000, 0x00000000e7e00000, 0x00000000e7f00000|  0%| F|  |TAMS 0x00000000e7e00000, 0x00000000e7e00000| Untracked 
| 127|0x00000000e7f00000, 0x00000000e7f00000, 0x00000000e8000000|  0%| F|  |TAMS 0x00000000e7f00000, 0x00000000e7f00000| Untracked 
| 128|0x00000000e8000000, 0x00000000e8000000, 0x00000000e8100000|  0%| F|  |TAMS 0x00000000e8000000, 0x00000000e8000000| Untracked 
| 129|0x00000000e8100000, 0x00000000e8100000, 0x00000000e8200000|  0%| F|  |TAMS 0x00000000e8100000, 0x00000000e8100000| Untracked 
| 130|0x00000000e8200000, 0x00000000e8200000, 0x00000000e8300000|  0%| F|  |TAMS 0x00000000e8200000, 0x00000000e8200000| Untracked 
| 131|0x00000000e8300000, 0x00000000e8300000, 0x00000000e8400000|  0%| F|  |TAMS 0x00000000e8300000, 0x00000000e8300000| Untracked 
| 132|0x00000000e8400000, 0x00000000e8400000, 0x00000000e8500000|  0%| F|  |TAMS 0x00000000e8400000, 0x00000000e8400000| Untracked 
| 133|0x00000000e8500000, 0x00000000e8500000, 0x00000000e8600000|  0%| F|  |TAMS 0x00000000e8500000, 0x00000000e8500000| Untracked 
| 134|0x00000000e8600000, 0x00000000e8600000, 0x00000000e8700000|  0%| F|  |TAMS 0x00000000e8600000, 0x00000000e8600000| Untracked 
| 135|0x00000000e8700000, 0x00000000e8700000, 0x00000000e8800000|  0%| F|  |TAMS 0x00000000e8700000, 0x00000000e8700000| Untracked 
| 136|0x00000000e8800000, 0x00000000e8800000, 0x00000000e8900000|  0%| F|  |TAMS 0x00000000e8800000, 0x00000000e8800000| Untracked 
| 137|0x00000000e8900000, 0x00000000e8900000, 0x00000000e8a00000|  0%| F|  |TAMS 0x00000000e8900000, 0x00000000e8900000| Untracked 
| 138|0x00000000e8a00000, 0x00000000e8a00000, 0x00000000e8b00000|  0%| F|  |TAMS 0x00000000e8a00000, 0x00000000e8a00000| Untracked 
| 139|0x00000000e8b00000, 0x00000000e8b00000, 0x00000000e8c00000|  0%| F|  |TAMS 0x00000000e8b00000, 0x00000000e8b00000| Untracked 
| 140|0x00000000e8c00000, 0x00000000e8c00000, 0x00000000e8d00000|  0%| F|  |TAMS 0x00000000e8c00000, 0x00000000e8c00000| Untracked 
| 141|0x00000000e8d00000, 0x00000000e8d00000, 0x00000000e8e00000|  0%| F|  |TAMS 0x00000000e8d00000, 0x00000000e8d00000| Untracked 
| 142|0x00000000e8e00000, 0x00000000e8e00000, 0x00000000e8f00000|  0%| F|  |TAMS 0x00000000e8e00000, 0x00000000e8e00000| Untracked 
| 143|0x00000000e8f00000, 0x00000000e8f00000, 0x00000000e9000000|  0%| F|  |TAMS 0x00000000e8f00000, 0x00000000e8f00000| Untracked 
| 144|0x00000000e9000000, 0x00000000e9000000, 0x00000000e9100000|  0%| F|  |TAMS 0x00000000e9000000, 0x00000000e9000000| Untracked 
| 145|0x00000000e9100000, 0x00000000e9100000, 0x00000000e9200000|  0%| F|  |TAMS 0x00000000e9100000, 0x00000000e9100000| Untracked 
| 146|0x00000000e9200000, 0x00000000e9200000, 0x00000000e9300000|  0%| F|  |TAMS 0x00000000e9200000, 0x00000000e9200000| Untracked 
| 147|0x00000000e9300000, 0x00000000e9300000, 0x00000000e9400000|  0%| F|  |TAMS 0x00000000e9300000, 0x00000000e9300000| Untracked 
| 148|0x00000000e9400000, 0x00000000e9400000, 0x00000000e9500000|  0%| F|  |TAMS 0x00000000e9400000, 0x00000000e9400000| Untracked 
| 149|0x00000000e9500000, 0x00000000e9500000, 0x00000000e9600000|  0%| F|  |TAMS 0x00000000e9500000, 0x00000000e9500000| Untracked 
| 150|0x00000000e9600000, 0x00000000e9600000, 0x00000000e9700000|  0%| F|  |TAMS 0x00000000e9600000, 0x00000000e9600000| Untracked 
| 151|0x00000000e9700000, 0x00000000e9700000, 0x00000000e9800000|  0%| F|  |TAMS 0x00000000e9700000, 0x00000000e9700000| Untracked 
| 152|0x00000000e9800000, 0x00000000e9800000, 0x00000000e9900000|  0%| F|  |TAMS 0x00000000e9800000, 0x00000000e9800000| Untracked 
| 153|0x00000000e9900000, 0x00000000e9900000, 0x00000000e9a00000|  0%| F|  |TAMS 0x00000000e9900000, 0x00000000e9900000| Untracked 
| 154|0x00000000e9a00000, 0x00000000e9a00000, 0x00000000e9b00000|  0%| F|  |TAMS 0x00000000e9a00000, 0x00000000e9a00000| Untracked 
| 155|0x00000000e9b00000, 0x00000000e9b00000, 0x00000000e9c00000|  0%| F|  |TAMS 0x00000000e9b00000, 0x00000000e9b00000| Untracked 
| 156|0x00000000e9c00000, 0x00000000e9c00000, 0x00000000e9d00000|  0%| F|  |TAMS 0x00000000e9c00000, 0x00000000e9c00000| Untracked 
| 157|0x00000000e9d00000, 0x00000000e9d00000, 0x00000000e9e00000|  0%| F|  |TAMS 0x00000000e9d00000, 0x00000000e9d00000| Untracked 
| 158|0x00000000e9e00000, 0x00000000e9e00000, 0x00000000e9f00000|  0%| F|  |TAMS 0x00000000e9e00000, 0x00000000e9e00000| Untracked 
| 159|0x00000000e9f00000, 0x00000000e9f00000, 0x00000000ea000000|  0%| F|  |TAMS 0x00000000e9f00000, 0x00000000e9f00000| Untracked 
| 160|0x00000000ea000000, 0x00000000ea000000, 0x00000000ea100000|  0%| F|  |TAMS 0x00000000ea000000, 0x00000000ea000000| Untracked 
| 161|0x00000000ea100000, 0x00000000ea100000, 0x00000000ea200000|  0%| F|  |TAMS 0x00000000ea100000, 0x00000000ea100000| Untracked 
| 162|0x00000000ea200000, 0x00000000ea200000, 0x00000000ea300000|  0%| F|  |TAMS 0x00000000ea200000, 0x00000000ea200000| Untracked 
| 163|0x00000000ea300000, 0x00000000ea300000, 0x00000000ea400000|  0%| F|  |TAMS 0x00000000ea300000, 0x00000000ea300000| Untracked 
| 164|0x00000000ea400000, 0x00000000ea400000, 0x00000000ea500000|  0%| F|  |TAMS 0x00000000ea400000, 0x00000000ea400000| Untracked 
| 165|0x00000000ea500000, 0x00000000ea500000, 0x00000000ea600000|  0%| F|  |TAMS 0x00000000ea500000, 0x00000000ea500000| Untracked 
| 166|0x00000000ea600000, 0x00000000ea600000, 0x00000000ea700000|  0%| F|  |TAMS 0x00000000ea600000, 0x00000000ea600000| Untracked 
| 167|0x00000000ea700000, 0x00000000ea700000, 0x00000000ea800000|  0%| F|  |TAMS 0x00000000ea700000, 0x00000000ea700000| Untracked 
| 168|0x00000000ea800000, 0x00000000ea800000, 0x00000000ea900000|  0%| F|  |TAMS 0x00000000ea800000, 0x00000000ea800000| Untracked 
| 169|0x00000000ea900000, 0x00000000ea900000, 0x00000000eaa00000|  0%| F|  |TAMS 0x00000000ea900000, 0x00000000ea900000| Untracked 
| 170|0x00000000eaa00000, 0x00000000eaa00000, 0x00000000eab00000|  0%| F|  |TAMS 0x00000000eaa00000, 0x00000000eaa00000| Untracked 
| 171|0x00000000eab00000, 0x00000000eab00000, 0x00000000eac00000|  0%| F|  |TAMS 0x00000000eab00000, 0x00000000eab00000| Untracked 
| 172|0x00000000eac00000, 0x00000000eac00000, 0x00000000ead00000|  0%| F|  |TAMS 0x00000000eac00000, 0x00000000eac00000| Untracked 
| 173|0x00000000ead00000, 0x00000000ead00000, 0x00000000eae00000|  0%| F|  |TAMS 0x00000000ead00000, 0x00000000ead00000| Untracked 
| 174|0x00000000eae00000, 0x00000000eae00000, 0x00000000eaf00000|  0%| F|  |TAMS 0x00000000eae00000, 0x00000000eae00000| Untracked 
| 175|0x00000000eaf00000, 0x00000000eaf00000, 0x00000000eb000000|  0%| F|  |TAMS 0x00000000eaf00000, 0x00000000eaf00000| Untracked 
| 176|0x00000000eb000000, 0x00000000eb000000, 0x00000000eb100000|  0%| F|  |TAMS 0x00000000eb000000, 0x00000000eb000000| Untracked 
| 177|0x00000000eb100000, 0x00000000eb100000, 0x00000000eb200000|  0%| F|  |TAMS 0x00000000eb100000, 0x00000000eb100000| Untracked 
| 178|0x00000000eb200000, 0x00000000eb200000, 0x00000000eb300000|  0%| F|  |TAMS 0x00000000eb200000, 0x00000000eb200000| Untracked 
| 179|0x00000000eb300000, 0x00000000eb300000, 0x00000000eb400000|  0%| F|  |TAMS 0x00000000eb300000, 0x00000000eb300000| Untracked 
| 180|0x00000000eb400000, 0x00000000eb400000, 0x00000000eb500000|  0%| F|  |TAMS 0x00000000eb400000, 0x00000000eb400000| Untracked 
| 181|0x00000000eb500000, 0x00000000eb500000, 0x00000000eb600000|  0%| F|  |TAMS 0x00000000eb500000, 0x00000000eb500000| Untracked 
| 182|0x00000000eb600000, 0x00000000eb600000, 0x00000000eb700000|  0%| F|  |TAMS 0x00000000eb600000, 0x00000000eb600000| Untracked 
| 183|0x00000000eb700000, 0x00000000eb700000, 0x00000000eb800000|  0%| F|  |TAMS 0x00000000eb700000, 0x00000000eb700000| Untracked 
| 184|0x00000000eb800000, 0x00000000eb800000, 0x00000000eb900000|  0%| F|  |TAMS 0x00000000eb800000, 0x00000000eb800000| Untracked 
| 185|0x00000000eb900000, 0x00000000eb900000, 0x00000000eba00000|  0%| F|  |TAMS 0x00000000eb900000, 0x00000000eb900000| Untracked 
| 186|0x00000000eba00000, 0x00000000eba00000, 0x00000000ebb00000|  0%| F|  |TAMS 0x00000000eba00000, 0x00000000eba00000| Untracked 
| 187|0x00000000ebb00000, 0x00000000ebb00000, 0x00000000ebc00000|  0%| F|  |TAMS 0x00000000ebb00000, 0x00000000ebb00000| Untracked 
| 188|0x00000000ebc00000, 0x00000000ebc00000, 0x00000000ebd00000|  0%| F|  |TAMS 0x00000000ebc00000, 0x00000000ebc00000| Untracked 
| 189|0x00000000ebd00000, 0x00000000ebd00000, 0x00000000ebe00000|  0%| F|  |TAMS 0x00000000ebd00000, 0x00000000ebd00000| Untracked 
| 190|0x00000000ebe00000, 0x00000000ebec62a0, 0x00000000ebf00000| 77%| E|  |TAMS 0x00000000ebe00000, 0x00000000ebe00000| Complete 
| 191|0x00000000ebf00000, 0x00000000ec000000, 0x00000000ec000000|100%| E|CS|TAMS 0x00000000ebf00000, 0x00000000ebf00000| Complete 
| 192|0x00000000ec000000, 0x00000000ec100000, 0x00000000ec100000|100%| E|CS|TAMS 0x00000000ec000000, 0x00000000ec000000| Complete 
| 193|0x00000000ec100000, 0x00000000ec200000, 0x00000000ec200000|100%| E|CS|TAMS 0x00000000ec100000, 0x00000000ec100000| Complete 
| 194|0x00000000ec200000, 0x00000000ec300000, 0x00000000ec300000|100%| E|CS|TAMS 0x00000000ec200000, 0x00000000ec200000| Complete 
| 195|0x00000000ec300000, 0x00000000ec400000, 0x00000000ec400000|100%| E|CS|TAMS 0x00000000ec300000, 0x00000000ec300000| Complete 
| 196|0x00000000ec400000, 0x00000000ec500000, 0x00000000ec500000|100%| E|CS|TAMS 0x00000000ec400000, 0x00000000ec400000| Complete 
| 197|0x00000000ec500000, 0x00000000ec600000, 0x00000000ec600000|100%| E|CS|TAMS 0x00000000ec500000, 0x00000000ec500000| Complete 
| 198|0x00000000ec600000, 0x00000000ec700000, 0x00000000ec700000|100%| E|CS|TAMS 0x00000000ec600000, 0x00000000ec600000| Complete 
| 199|0x00000000ec700000, 0x00000000ec800000, 0x00000000ec800000|100%| E|CS|TAMS 0x00000000ec700000, 0x00000000ec700000| Complete 
| 200|0x00000000ec800000, 0x00000000ec900000, 0x00000000ec900000|100%| E|CS|TAMS 0x00000000ec800000, 0x00000000ec800000| Complete 
| 201|0x00000000ec900000, 0x00000000eca00000, 0x00000000eca00000|100%| E|CS|TAMS 0x00000000ec900000, 0x00000000ec900000| Complete 
| 202|0x00000000eca00000, 0x00000000ecb00000, 0x00000000ecb00000|100%| E|CS|TAMS 0x00000000eca00000, 0x00000000eca00000| Complete 
| 203|0x00000000ecb00000, 0x00000000ecc00000, 0x00000000ecc00000|100%| E|CS|TAMS 0x00000000ecb00000, 0x00000000ecb00000| Complete 
| 204|0x00000000ecc00000, 0x00000000ecd00000, 0x00000000ecd00000|100%| E|CS|TAMS 0x00000000ecc00000, 0x00000000ecc00000| Complete 
| 205|0x00000000ecd00000, 0x00000000ece00000, 0x00000000ece00000|100%| E|CS|TAMS 0x00000000ecd00000, 0x00000000ecd00000| Complete 
| 206|0x00000000ece00000, 0x00000000ecf00000, 0x00000000ecf00000|100%| E|CS|TAMS 0x00000000ece00000, 0x00000000ece00000| Complete 
| 207|0x00000000ecf00000, 0x00000000ed000000, 0x00000000ed000000|100%| E|CS|TAMS 0x00000000ecf00000, 0x00000000ecf00000| Complete 
| 208|0x00000000ed000000, 0x00000000ed100000, 0x00000000ed100000|100%| E|CS|TAMS 0x00000000ed000000, 0x00000000ed000000| Complete 
| 209|0x00000000ed100000, 0x00000000ed200000, 0x00000000ed200000|100%| E|CS|TAMS 0x00000000ed100000, 0x00000000ed100000| Complete 
| 210|0x00000000ed200000, 0x00000000ed300000, 0x00000000ed300000|100%| E|CS|TAMS 0x00000000ed200000, 0x00000000ed200000| Complete 
| 211|0x00000000ed300000, 0x00000000ed400000, 0x00000000ed400000|100%| E|CS|TAMS 0x00000000ed300000, 0x00000000ed300000| Complete 
| 212|0x00000000ed400000, 0x00000000ed500000, 0x00000000ed500000|100%| E|CS|TAMS 0x00000000ed400000, 0x00000000ed400000| Complete 
| 213|0x00000000ed500000, 0x00000000ed600000, 0x00000000ed600000|100%| E|CS|TAMS 0x00000000ed500000, 0x00000000ed500000| Complete 
| 214|0x00000000ed600000, 0x00000000ed700000, 0x00000000ed700000|100%| E|CS|TAMS 0x00000000ed600000, 0x00000000ed600000| Complete 
| 215|0x00000000ed700000, 0x00000000ed800000, 0x00000000ed800000|100%| E|CS|TAMS 0x00000000ed700000, 0x00000000ed700000| Complete 
| 216|0x00000000ed800000, 0x00000000ed900000, 0x00000000ed900000|100%| E|CS|TAMS 0x00000000ed800000, 0x00000000ed800000| Complete 
| 217|0x00000000ed900000, 0x00000000eda00000, 0x00000000eda00000|100%| E|CS|TAMS 0x00000000ed900000, 0x00000000ed900000| Complete 
| 218|0x00000000eda00000, 0x00000000edb00000, 0x00000000edb00000|100%| E|CS|TAMS 0x00000000eda00000, 0x00000000eda00000| Complete 
| 219|0x00000000edb00000, 0x00000000edc00000, 0x00000000edc00000|100%| E|CS|TAMS 0x00000000edb00000, 0x00000000edb00000| Complete 
| 220|0x00000000edc00000, 0x00000000edd00000, 0x00000000edd00000|100%| E|CS|TAMS 0x00000000edc00000, 0x00000000edc00000| Complete 
| 221|0x00000000edd00000, 0x00000000ede00000, 0x00000000ede00000|100%| E|CS|TAMS 0x00000000edd00000, 0x00000000edd00000| Complete 
| 222|0x00000000ede00000, 0x00000000edf00000, 0x00000000edf00000|100%| E|CS|TAMS 0x00000000ede00000, 0x00000000ede00000| Complete 
| 223|0x00000000edf00000, 0x00000000ee000000, 0x00000000ee000000|100%| E|CS|TAMS 0x00000000edf00000, 0x00000000edf00000| Complete 
| 224|0x00000000ee000000, 0x00000000ee100000, 0x00000000ee100000|100%| E|CS|TAMS 0x00000000ee000000, 0x00000000ee000000| Complete 
| 225|0x00000000ee100000, 0x00000000ee200000, 0x00000000ee200000|100%| E|CS|TAMS 0x00000000ee100000, 0x00000000ee100000| Complete 
| 226|0x00000000ee200000, 0x00000000ee300000, 0x00000000ee300000|100%| E|CS|TAMS 0x00000000ee200000, 0x00000000ee200000| Complete 
| 227|0x00000000ee300000, 0x00000000ee400000, 0x00000000ee400000|100%| E|CS|TAMS 0x00000000ee300000, 0x00000000ee300000| Complete 
| 228|0x00000000ee400000, 0x00000000ee500000, 0x00000000ee500000|100%| E|CS|TAMS 0x00000000ee400000, 0x00000000ee400000| Complete 
| 229|0x00000000ee500000, 0x00000000ee600000, 0x00000000ee600000|100%| E|CS|TAMS 0x00000000ee500000, 0x00000000ee500000| Complete 
| 230|0x00000000ee600000, 0x00000000ee700000, 0x00000000ee700000|100%| E|CS|TAMS 0x00000000ee600000, 0x00000000ee600000| Complete 
| 231|0x00000000ee700000, 0x00000000ee800000, 0x00000000ee800000|100%| E|CS|TAMS 0x00000000ee700000, 0x00000000ee700000| Complete 
| 232|0x00000000ee800000, 0x00000000ee900000, 0x00000000ee900000|100%| E|CS|TAMS 0x00000000ee800000, 0x00000000ee800000| Complete 
| 233|0x00000000ee900000, 0x00000000eea00000, 0x00000000eea00000|100%| E|CS|TAMS 0x00000000ee900000, 0x00000000ee900000| Complete 
| 234|0x00000000eea00000, 0x00000000eeb00000, 0x00000000eeb00000|100%| E|CS|TAMS 0x00000000eea00000, 0x00000000eea00000| Complete 
| 235|0x00000000eeb00000, 0x00000000eec00000, 0x00000000eec00000|100%| E|CS|TAMS 0x00000000eeb00000, 0x00000000eeb00000| Complete 
| 236|0x00000000eec00000, 0x00000000eed00000, 0x00000000eed00000|100%| E|CS|TAMS 0x00000000eec00000, 0x00000000eec00000| Complete 
| 237|0x00000000eed00000, 0x00000000eee00000, 0x00000000eee00000|100%| E|CS|TAMS 0x00000000eed00000, 0x00000000eed00000| Complete 
| 238|0x00000000eee00000, 0x00000000eef00000, 0x00000000eef00000|100%| E|CS|TAMS 0x00000000eee00000, 0x00000000eee00000| Complete 
| 239|0x00000000eef00000, 0x00000000ef000000, 0x00000000ef000000|100%| E|CS|TAMS 0x00000000eef00000, 0x00000000eef00000| Complete 
| 240|0x00000000ef000000, 0x00000000ef100000, 0x00000000ef100000|100%| E|CS|TAMS 0x00000000ef000000, 0x00000000ef000000| Complete 
| 241|0x00000000ef100000, 0x00000000ef200000, 0x00000000ef200000|100%| E|CS|TAMS 0x00000000ef100000, 0x00000000ef100000| Complete 
| 242|0x00000000ef200000, 0x00000000ef300000, 0x00000000ef300000|100%| E|CS|TAMS 0x00000000ef200000, 0x00000000ef200000| Complete 
| 243|0x00000000ef300000, 0x00000000ef400000, 0x00000000ef400000|100%| E|CS|TAMS 0x00000000ef300000, 0x00000000ef300000| Complete 
| 244|0x00000000ef400000, 0x00000000ef500000, 0x00000000ef500000|100%| E|CS|TAMS 0x00000000ef400000, 0x00000000ef400000| Complete 
| 245|0x00000000ef500000, 0x00000000ef600000, 0x00000000ef600000|100%| E|CS|TAMS 0x00000000ef500000, 0x00000000ef500000| Complete 
| 246|0x00000000ef600000, 0x00000000ef700000, 0x00000000ef700000|100%| E|CS|TAMS 0x00000000ef600000, 0x00000000ef600000| Complete 
| 247|0x00000000ef700000, 0x00000000ef800000, 0x00000000ef800000|100%| E|CS|TAMS 0x00000000ef700000, 0x00000000ef700000| Complete 
| 248|0x00000000ef800000, 0x00000000ef900000, 0x00000000ef900000|100%| E|CS|TAMS 0x00000000ef800000, 0x00000000ef800000| Complete 
| 249|0x00000000ef900000, 0x00000000efa00000, 0x00000000efa00000|100%| E|CS|TAMS 0x00000000ef900000, 0x00000000ef900000| Complete 
| 250|0x00000000efa00000, 0x00000000efb00000, 0x00000000efb00000|100%| E|CS|TAMS 0x00000000efa00000, 0x00000000efa00000| Complete 
| 251|0x00000000efb00000, 0x00000000efc00000, 0x00000000efc00000|100%| E|CS|TAMS 0x00000000efb00000, 0x00000000efb00000| Complete 
| 252|0x00000000efc00000, 0x00000000efd00000, 0x00000000efd00000|100%| E|CS|TAMS 0x00000000efc00000, 0x00000000efc00000| Complete 
| 253|0x00000000efd00000, 0x00000000efe00000, 0x00000000efe00000|100%| E|CS|TAMS 0x00000000efd00000, 0x00000000efd00000| Complete 
| 254|0x00000000efe00000, 0x00000000eff00000, 0x00000000eff00000|100%| E|CS|TAMS 0x00000000efe00000, 0x00000000efe00000| Complete 
| 255|0x00000000eff00000, 0x00000000f0000000, 0x00000000f0000000|100%| E|CS|TAMS 0x00000000eff00000, 0x00000000eff00000| Complete 

Card table byte_map: [0x0000024cb1170000,0x0000024cb1270000] _byte_map_base: 0x0000024cb0a70000

Marking Bits (Prev, Next): (CMBitMap*) 0x0000024c9ecc9740, (CMBitMap*) 0x0000024c9ecc9780
 Prev Bits: [0x0000024cb1370000, 0x0000024cb1b70000)
 Next Bits: [0x0000024cb1b70000, 0x0000024cb2370000)

Polling page: 0x0000024c9ca70000

Metaspace:

Usage:
  Non-class:     44.03 MB used.
      Class:      6.62 MB used.
       Both:     50.65 MB used.

Virtual space:
  Non-class space:       48.00 MB reserved,      44.31 MB ( 92%) committed,  6 nodes.
      Class space:      208.00 MB reserved,       6.75 MB (  3%) committed,  1 nodes.
             Both:      256.00 MB reserved,      51.06 MB ( 20%) committed. 

Chunk freelists:
   Non-Class:  3.59 MB
       Class:  1.25 MB
        Both:  4.85 MB

MaxMetaspaceSize: 256.00 MB
CompressedClassSpaceSize: 208.00 MB
Initial GC threshold: 21.00 MB
Current GC threshold: 58.69 MB
CDS: off
MetaspaceReclaimPolicy: balanced
 - commit_granule_bytes: 65536.
 - commit_granule_words: 8192.
 - virtual_space_node_default_size: 1048576.
 - enlarge_chunks_in_place: 1.
 - new_chunks_are_fully_committed: 0.
 - uncommit_free_chunks: 1.
 - use_allocation_guard: 0.
 - handle_deallocations: 1.


Internal statistics:

num_allocs_failed_limit: 6.
num_arena_births: 494.
num_arena_deaths: 0.
num_vsnodes_births: 7.
num_vsnodes_deaths: 0.
num_space_committed: 817.
num_space_uncommitted: 0.
num_chunks_returned_to_freelist: 6.
num_chunks_taken_from_freelist: 2026.
num_chunk_merges: 6.
num_chunk_splits: 1359.
num_chunks_enlarged: 931.
num_purges: 0.
num_inconsistent_stats: 0.

CodeHeap 'non-profiled nmethods': size=120000Kb used=4461Kb max_used=4461Kb free=115538Kb
 bounds [0x0000024ca9c40000, 0x0000024caa0a0000, 0x0000024cb1170000]
CodeHeap 'profiled nmethods': size=120000Kb used=11326Kb max_used=11326Kb free=108673Kb
 bounds [0x0000024ca2170000, 0x0000024ca2c80000, 0x0000024ca96a0000]
CodeHeap 'non-nmethods': size=5760Kb used=2309Kb max_used=2356Kb free=3450Kb
 bounds [0x0000024ca96a0000, 0x0000024ca9910000, 0x0000024ca9c40000]
 total_blobs=6489 nmethods=5663 adapters=738
 compilation: enabled
              stopped_count=0, restarted_count=0
 full_count=0

Compilation events (20 events):
Event: 140.721 Thread 0x0000024cb549ebb0 nmethod 6195 0x0000024ca2c7be10 code [0x0000024ca2c7bfc0, 0x0000024ca2c7c228]
Event: 140.721 Thread 0x0000024cb549ebb0 6196       3       java.util.concurrent.ThreadPoolExecutor$Worker::tryAcquire (20 bytes)
Event: 140.721 Thread 0x0000024cb549ebb0 nmethod 6196 0x0000024ca2c7c310 code [0x0000024ca2c7c4c0, 0x0000024ca2c7c708]
Event: 140.722 Thread 0x0000024cb549ebb0 6197       3       java.util.concurrent.ThreadPoolExecutor$Worker::lock (6 bytes)
Event: 140.722 Thread 0x0000024cb549ebb0 nmethod 6197 0x0000024ca2c7c790 code [0x0000024ca2c7c920, 0x0000024ca2c7ca68]
Event: 140.722 Thread 0x0000024cb549ebb0 6198       3       java.util.concurrent.ThreadPoolExecutor::beforeExecute (1 bytes)
Event: 140.722 Thread 0x0000024cb549ebb0 nmethod 6198 0x0000024ca2c7cb10 code [0x0000024ca2c7cca0, 0x0000024ca2c7cdb8]
Event: 140.722 Thread 0x0000024cb549ebb0 6199   !   3       org.gradle.internal.concurrent.ManagedExecutorImpl$1::run (57 bytes)
Event: 140.723 Thread 0x0000024cb549ebb0 nmethod 6199 0x0000024ca2c7ce90 code [0x0000024ca2c7d080, 0x0000024ca2c7d518]
Event: 140.727 Thread 0x0000024cb549ebb0 6202   !   3       org.gradle.api.internal.artifacts.ivyservice.DefaultArtifactCaches$LateInitWritableArtifactCacheLockingManager::getDelegate (52 bytes)
Event: 140.728 Thread 0x0000024cb549ebb0 nmethod 6202 0x0000024ca2c7d810 code [0x0000024ca2c7d9c0, 0x0000024ca2c7de48]
Event: 140.809 Thread 0x0000024cb549ebb0 6203       3       org.gradle.internal.operations.DefaultBuildOperationRunner::access$300 (4 bytes)
Event: 140.809 Thread 0x0000024cb549ebb0 nmethod 6203 0x0000024ca2c7e010 code [0x0000024ca2c7e1a0, 0x0000024ca2c7e298]
Event: 140.813 Thread 0x0000024cb549ebb0 6204       3       com.google.common.cache.LocalCache$Segment::expireEntries (113 bytes)
Event: 140.814 Thread 0x0000024cb549ebb0 nmethod 6204 0x0000024ca2c7e310 code [0x0000024ca2c7e5c0, 0x0000024ca2c7f2c8]
Event: 140.817 Thread 0x0000024cb549ebb0 6205       3       org.gradle.internal.serialize.kryo.KryoBackedEncoder::writeByte (9 bytes)
Event: 140.818 Thread 0x0000024cb549ebb0 nmethod 6205 0x0000024ca2c7f710 code [0x0000024ca2c7f8c0, 0x0000024ca2c7fa28]
Event: 140.842 Thread 0x0000024cb549ebb0 6206       1       org.gradle.internal.resources.AbstractResourceLockRegistry$ThreadLockDetails::access$000 (5 bytes)
Event: 140.843 Thread 0x0000024cb549ebb0 nmethod 6206 0x0000024caa09b190 code [0x0000024caa09b320, 0x0000024caa09b3d8]
Event: 140.843 Thread 0x0000024cb549ebb0 6207   !   3       org.gradle.api.internal.artifacts.ivyservice.ivyresolve.ErrorHandlingModuleComponentRepository$ErrorHandlingModuleComponentRepositoryAccess::tryResolveAndMaybeBlacklist (231 bytes)

GC Heap History (16 events):
Event: 2.358 GC heap before
{Heap before GC invocations=0 (full 0):
 garbage-first heap   total 262144K, used 13312K [0x00000000e0000000, 0x0000000100000000)
  region size 1024K, 13 young (13312K), 0 survivors (0K)
 Metaspace       used 8636K, committed 8832K, reserved 221184K
  class space    used 744K, committed 832K, reserved 212992K
}
Event: 2.442 GC heap after
{Heap after GC invocations=1 (full 0):
 garbage-first heap   total 262144K, used 1024K [0x00000000e0000000, 0x0000000100000000)
  region size 1024K, 1 young (1024K), 1 survivors (1024K)
 Metaspace       used 8636K, committed 8832K, reserved 221184K
  class space    used 744K, committed 832K, reserved 212992K
}
Event: 7.534 GC heap before
{Heap before GC invocations=1 (full 0):
 garbage-first heap   total 262144K, used 22528K [0x00000000e0000000, 0x0000000100000000)
  region size 1024K, 20 young (20480K), 1 survivors (1024K)
 Metaspace       used 9475K, committed 9600K, reserved 229376K
  class space    used 828K, committed 896K, reserved 212992K
}
Event: 7.539 GC heap after
{Heap after GC invocations=2 (full 0):
 garbage-first heap   total 262144K, used 4081K [0x00000000e0000000, 0x0000000100000000)
  region size 1024K, 3 young (3072K), 3 survivors (3072K)
 Metaspace       used 9475K, committed 9600K, reserved 229376K
  class space    used 828K, committed 896K, reserved 212992K
}
Event: 26.640 GC heap before
{Heap before GC invocations=2 (full 0):
 garbage-first heap   total 262144K, used 161777K [0x00000000e0000000, 0x0000000100000000)
  region size 1024K, 153 young (156672K), 3 survivors (3072K)
 Metaspace       used 17827K, committed 18048K, reserved 229376K
  class space    used 1980K, committed 2112K, reserved 212992K
}
Event: 26.662 GC heap after
{Heap after GC invocations=3 (full 0):
 garbage-first heap   total 262144K, used 16067K [0x00000000e0000000, 0x0000000100000000)
  region size 1024K, 12 young (12288K), 12 survivors (12288K)
 Metaspace       used 17827K, committed 18048K, reserved 229376K
  class space    used 1980K, committed 2112K, reserved 212992K
}
Event: 28.970 GC heap before
{Heap before GC invocations=3 (full 0):
 garbage-first heap   total 262144K, used 73411K [0x00000000e0000000, 0x0000000100000000)
  region size 1024K, 69 young (70656K), 12 survivors (12288K)
 Metaspace       used 21225K, committed 21504K, reserved 237568K
  class space    used 2471K, committed 2624K, reserved 212992K
}
Event: 28.991 GC heap after
{Heap after GC invocations=4 (full 0):
 garbage-first heap   total 262144K, used 17575K [0x00000000e0000000, 0x0000000100000000)
  region size 1024K, 11 young (11264K), 11 survivors (11264K)
 Metaspace       used 21225K, committed 21504K, reserved 237568K
  class space    used 2471K, committed 2624K, reserved 212992K
}
Event: 32.553 GC heap before
{Heap before GC invocations=5 (full 0):
 garbage-first heap   total 262144K, used 162983K [0x00000000e0000000, 0x0000000100000000)
  region size 1024K, 153 young (156672K), 11 survivors (11264K)
 Metaspace       used 29151K, committed 29440K, reserved 245760K
  class space    used 3825K, committed 3904K, reserved 212992K
}
Event: 32.566 GC heap after
{Heap after GC invocations=6 (full 0):
 garbage-first heap   total 262144K, used 20308K [0x00000000e0000000, 0x0000000100000000)
  region size 1024K, 14 young (14336K), 14 survivors (14336K)
 Metaspace       used 29151K, committed 29440K, reserved 245760K
  class space    used 3825K, committed 3904K, reserved 212992K
}
Event: 34.931 GC heap before
{Heap before GC invocations=6 (full 0):
 garbage-first heap   total 262144K, used 144212K [0x00000000e0000000, 0x0000000100000000)
  region size 1024K, 136 young (139264K), 14 survivors (14336K)
 Metaspace       used 35636K, committed 35968K, reserved 245760K
  class space    used 4838K, committed 4992K, reserved 212992K
}
Event: 34.948 GC heap after
{Heap after GC invocations=7 (full 0):
 garbage-first heap   total 262144K, used 22009K [0x00000000e0000000, 0x0000000100000000)
  region size 1024K, 7 young (7168K), 7 survivors (7168K)
 Metaspace       used 35636K, committed 35968K, reserved 245760K
  class space    used 4838K, committed 4992K, reserved 212992K
}
Event: 37.054 GC heap before
{Heap before GC invocations=8 (full 0):
 garbage-first heap   total 262144K, used 180729K [0x00000000e0000000, 0x0000000100000000)
  region size 1024K, 153 young (156672K), 7 survivors (7168K)
 Metaspace       used 42551K, committed 42880K, reserved 253952K
  class space    used 5487K, committed 5632K, reserved 212992K
}
Event: 37.069 GC heap after
{Heap after GC invocations=9 (full 0):
 garbage-first heap   total 262144K, used 27470K [0x00000000e0000000, 0x0000000100000000)
  region size 1024K, 12 young (12288K), 12 survivors (12288K)
 Metaspace       used 42551K, committed 42880K, reserved 253952K
  class space    used 5487K, committed 5632K, reserved 212992K
}
Event: 129.835 GC heap before
{Heap before GC invocations=9 (full 0):
 garbage-first heap   total 262144K, used 173902K [0x00000000e0000000, 0x0000000100000000)
  region size 1024K, 153 young (156672K), 12 survivors (12288K)
 Metaspace       used 48980K, committed 49344K, reserved 262144K
  class space    used 6387K, committed 6528K, reserved 212992K
}
Event: 129.876 GC heap after
{Heap after GC invocations=10 (full 0):
 garbage-first heap   total 262144K, used 30785K [0x00000000e0000000, 0x0000000100000000)
  region size 1024K, 14 young (14336K), 14 survivors (14336K)
 Metaspace       used 48980K, committed 49344K, reserved 262144K
  class space    used 6387K, committed 6528K, reserved 212992K
}

Dll operation events (3 events):
Event: 0.165 Loaded shared library C:\Program Files\Android\Android Studio\jbr\bin\java.dll
Event: 0.167 Loaded shared library C:\Program Files\Android\Android Studio\jbr\bin\zip.dll
Event: 6.619 Loaded shared library C:\Program Files\Android\Android Studio\jbr\bin\verify.dll

Deoptimization events (20 events):
Event: 135.259 Thread 0x0000024cb6dbefc0 DEOPT PACKING pc=0x0000024caa05b018 sp=0x000000f71bff8780
Event: 135.259 Thread 0x0000024cb6dbefc0 DEOPT UNPACKING pc=0x0000024ca96f69a3 sp=0x000000f71bff8748 mode 2
Event: 139.866 Thread 0x0000024cb9b1a6a0 DEOPT PACKING pc=0x0000024ca256c154 sp=0x000000f71c8fd940
Event: 139.866 Thread 0x0000024cb9b1a6a0 DEOPT UNPACKING pc=0x0000024ca96f7143 sp=0x000000f71c8fce98 mode 0
Event: 139.964 Thread 0x0000024cb9b19d00 DEOPT PACKING pc=0x0000024ca256c154 sp=0x000000f71c2fd420
Event: 139.964 Thread 0x0000024cb9b19d00 DEOPT UNPACKING pc=0x0000024ca96f7143 sp=0x000000f71c2fc978 mode 0
Event: 139.976 Thread 0x0000024cb9b19d00 Uncommon trap: trap_request=0xffffff45 fr.pc=0x0000024ca9c7d8e4 relative=0x0000000000000144
Event: 139.976 Thread 0x0000024cb9b19d00 Uncommon trap: reason=unstable_if action=reinterpret pc=0x0000024ca9c7d8e4 method=java.util.concurrent.ConcurrentHashMap.addCount(JI)V @ 34 c2
Event: 139.977 Thread 0x0000024cb9b19d00 DEOPT PACKING pc=0x0000024ca9c7d8e4 sp=0x000000f71c2fe870
Event: 139.977 Thread 0x0000024cb9b19d00 DEOPT UNPACKING pc=0x0000024ca96f69a3 sp=0x000000f71c2fe7b0 mode 2
Event: 139.978 Thread 0x0000024cbbc9a4c0 Uncommon trap: trap_request=0xffffff45 fr.pc=0x0000024ca9c6348c relative=0x0000000000000eec
Event: 139.978 Thread 0x0000024cbbc9a4c0 Uncommon trap: reason=unstable_if action=reinterpret pc=0x0000024ca9c6348c method=java.util.concurrent.ConcurrentHashMap.addCount(JI)V @ 7 c2
Event: 139.978 Thread 0x0000024cbbc9a4c0 DEOPT PACKING pc=0x0000024ca9c6348c sp=0x000000f71f5fe440
Event: 139.978 Thread 0x0000024cbbc9a4c0 DEOPT UNPACKING pc=0x0000024ca96f69a3 sp=0x000000f71f5fe300 mode 2
Event: 139.978 Thread 0x0000024cb9b19d00 Uncommon trap: trap_request=0xffffff45 fr.pc=0x0000024ca9c6348c relative=0x0000000000000eec
Event: 139.979 Thread 0x0000024cb9b19d00 Uncommon trap: reason=unstable_if action=reinterpret pc=0x0000024ca9c6348c method=java.util.concurrent.ConcurrentHashMap.addCount(JI)V @ 7 c2
Event: 139.981 Thread 0x0000024cb9b19d00 DEOPT PACKING pc=0x0000024ca9c6348c sp=0x000000f71c2fe920
Event: 139.981 Thread 0x0000024cb9b19d00 DEOPT UNPACKING pc=0x0000024ca96f69a3 sp=0x000000f71c2fe7e0 mode 2
Event: 140.283 Thread 0x0000024cbbc9a4c0 DEOPT PACKING pc=0x0000024ca256c154 sp=0x000000f71f5fcf40
Event: 140.283 Thread 0x0000024cbbc9a4c0 DEOPT UNPACKING pc=0x0000024ca96f7143 sp=0x000000f71f5fc498 mode 0

Classes unloaded (0 events):
No events

Classes redefined (0 events):
No events

Internal exceptions (20 events):
Event: 129.316 Thread 0x0000024cb6dbefc0 Exception <a 'java/lang/ClassNotFoundException'{0x00000000e8022670}: org/gradle/api/internal/artifacts/dsl/dependencies/DefaultDependencyHandlerBeanInfo> (0x00000000e8022670) 
thrown [s\src\hotspot\share\classfile\systemDictionary.cpp, line 256]
Event: 129.318 Thread 0x0000024cb6dbefc0 Exception <a 'java/lang/ClassNotFoundException'{0x00000000e80376b8}: org/gradle/api/internal/artifacts/dsl/dependencies/DefaultDependencyHandlerCustomizer> (0x00000000e80376b8) 
thrown [s\src\hotspot\share\classfile\systemDictionary.cpp, line 256]
Event: 129.326 Thread 0x0000024cb6dbefc0 Exception <a 'java/lang/ClassNotFoundException'{0x00000000e80758c0}: org/gradle/api/internal/artifacts/dsl/dependencies/DefaultDependencyHandler_DecoratedCustomizer> (0x00000000e80758c0) 
thrown [s\src\hotspot\share\classfile\systemDictionary.cpp, line 256]
Event: 129.607 Thread 0x0000024cb6dbefc0 Exception <a 'java/lang/NoSuchMethodError'{0x00000000e7b090e0}: 'java.lang.Object java.lang.invoke.DirectMethodHandle$Holder.newInvokeSpecial(java.lang.Object, int, java.lang.Object)'> (0x00000000e7b090e0) 
thrown [s\src\hotspot\share\interpreter\linkResolver.cpp, line 771]
Event: 129.952 Thread 0x0000024cb6dbefc0 Exception <a 'java/lang/NoSuchMethodError'{0x00000000eff71910}: 'java.lang.Object java.lang.invoke.DelegatingMethodHandle$Holder.reinvoke_L(java.lang.Object, java.lang.Object, java.lang.Object, java.lang.Object, java.lang.Object, java.lang.Object, java.lang.Object, java.lang.Object, java.lang.Object, java.lang.Object, java.lang.Object, java.lang.Object, java.lang.Object, java.lang.Object, java.lang.Object, java.lang.Object, java.lang.Object, java.lang.Object, java.lang.Object, java.lang.Object, java.lang.O
Event: 129.954 Thread 0x0000024cb6dbefc0 Exception <a 'java/lang/NoSuchMethodError'{0x00000000eff7d630}: 'java.lang.Object java.lang.invoke.Invokers$Holder.invoker(java.lang.Object, java.lang.Object, java.lang.Object, java.lang.Object, java.lang.Object, java.lang.Object, java.lang.Object, java.lang.Object, java.lang.Object, java.lang.Object, java.lang.Object, java.lang.Object, java.lang.Object, java.lang.Object, java.lang.Object, java.lang.Object, java.lang.Object, java.lang.Object, java.lang.Object, java.lang.Object, java.lang.Object)'> (0x00000
Event: 129.956 Thread 0x0000024cb6dbefc0 Exception <a 'java/lang/NoSuchMethodError'{0x00000000eff845b8}: 'java.lang.Object java.lang.invoke.DelegatingMethodHandle$Holder.delegate(java.lang.Object, java.lang.Object, java.lang.Object, java.lang.Object, java.lang.Object, java.lang.Object, java.lang.Object, java.lang.Object, java.lang.Object, java.lang.Object, java.lang.Object, java.lang.Object, java.lang.Object, java.lang.Object, java.lang.Object, java.lang.Object, java.lang.Object, java.lang.Object, java.lang.Object, java.lang.Object, java.lang.Obj
Event: 130.014 Thread 0x0000024cb6dbefc0 Exception <a 'java/lang/NoSuchMethodError'{0x00000000efec02e8}: 'java.lang.Object java.lang.invoke.DirectMethodHandle$Holder.invokeStatic(java.lang.Object, java.lang.Object, java.lang.Object, java.lang.Object, java.lang.Object, java.lang.Object, java.lang.Object, java.lang.Object, java.lang.Object, java.lang.Object, java.lang.Object, java.lang.Object, java.lang.Object, java.lang.Object, java.lang.Object, java.lang.Object, java.lang.Object)'> (0x00000000efec02e8) 
thrown [s\src\hotspot\share\interpreter\lin
Event: 130.150 Thread 0x0000024cb6dbefc0 Exception <a 'java/lang/NoSuchMethodError'{0x00000000efefca68}: 'java.lang.Object java.lang.invoke.DirectMethodHandle$Holder.invokeStatic(java.lang.Object, java.lang.Object, java.lang.Object, java.lang.Object, java.lang.Object, java.lang.Object, java.lang.Object, java.lang.Object, java.lang.Object, java.lang.Object, java.lang.Object, java.lang.Object, java.lang.Object, java.lang.Object, java.lang.Object, java.lang.Object, java.lang.Object, java.lang.Object)'> (0x00000000efefca68) 
thrown [s\src\hotspot\sha
Event: 130.160 Thread 0x0000024cb6dbefc0 Exception <a 'java/lang/NoSuchMethodError'{0x00000000efd3a980}: 'java.lang.Object java.lang.invoke.DirectMethodHandle$Holder.invokeStatic(java.lang.Object, java.lang.Object, java.lang.Object, java.lang.Object, java.lang.Object, java.lang.Object, java.lang.Object, java.lang.Object, java.lang.Object, java.lang.Object, java.lang.Object, java.lang.Object, java.lang.Object, java.lang.Object, java.lang.Object, java.lang.Object, java.lang.Object, java.lang.Object, java.lang.Object)'> (0x00000000efd3a980) 
thrown 
Event: 130.165 Thread 0x0000024cb6dbefc0 Exception <a 'java/lang/NoSuchMethodError'{0x00000000efd79d18}: 'java.lang.Object java.lang.invoke.DirectMethodHandle$Holder.invokeStatic(java.lang.Object, java.lang.Object, java.lang.Object, java.lang.Object, java.lang.Object, java.lang.Object, java.lang.Object, java.lang.Object, java.lang.Object, java.lang.Object, java.lang.Object, java.lang.Object, java.lang.Object, java.lang.Object, java.lang.Object, java.lang.Object, java.lang.Object, java.lang.Object, java.lang.Object, java.lang.Object)'> (0x00000000
Event: 130.171 Thread 0x0000024cb6dbefc0 Exception <a 'java/lang/NoSuchMethodError'{0x00000000efdba7d0}: 'java.lang.Object java.lang.invoke.DirectMethodHandle$Holder.invokeStatic(java.lang.Object, java.lang.Object, java.lang.Object, java.lang.Object, java.lang.Object, java.lang.Object, java.lang.Object, java.lang.Object, java.lang.Object, java.lang.Object, java.lang.Object, java.lang.Object, java.lang.Object, java.lang.Object, java.lang.Object, java.lang.Object, java.lang.Object, java.lang.Object, java.lang.Object, java.lang.Object, java.lang.Obj
Event: 130.224 Thread 0x0000024cb6dbefc0 Exception <a 'java/lang/NoSuchMethodError'{0x00000000efdfc058}: 'java.lang.Object java.lang.invoke.DirectMethodHandle$Holder.invokeStatic(java.lang.Object, java.lang.Object, java.lang.Object, java.lang.Object, java.lang.Object, java.lang.Object, java.lang.Object, java.lang.Object, java.lang.Object, java.lang.Object, java.lang.Object, java.lang.Object, java.lang.Object, java.lang.Object, java.lang.Object, java.lang.Object, java.lang.Object, java.lang.Object, java.lang.Object, java.lang.Object, java.lang.Obj
Event: 130.252 Thread 0x0000024cb6dbefc0 Exception <a 'java/lang/NoSuchMethodError'{0x00000000efc40400}: 'java.lang.Object java.lang.invoke.DirectMethodHandle$Holder.invokeStatic(java.lang.Object, java.lang.Object, java.lang.Object, java.lang.Object, java.lang.Object, java.lang.Object, java.lang.Object, java.lang.Object, java.lang.Object, java.lang.Object, java.lang.Object, java.lang.Object, java.lang.Object, java.lang.Object, java.lang.Object, java.lang.Object, java.lang.Object, java.lang.Object, java.lang.Object, java.lang.Object, java.lang.Obj
Event: 130.409 Thread 0x0000024cb6dbefc0 Exception <a 'java/lang/NoSuchMethodError'{0x00000000efc87450}: 'java.lang.Object java.lang.invoke.DirectMethodHandle$Holder.invokeStatic(java.lang.Object, java.lang.Object, java.lang.Object, java.lang.Object, java.lang.Object, java.lang.Object, java.lang.Object, java.lang.Object, java.lang.Object, java.lang.Object, java.lang.Object, java.lang.Object, java.lang.Object, java.lang.Object, java.lang.Object, java.lang.Object, java.lang.Object, java.lang.Object, java.lang.Object, java.lang.Object, java.lang.Obj
Event: 131.450 Thread 0x0000024cb6dbefc0 Exception <a 'java/lang/IncompatibleClassChangeError'{0x00000000ef62f158}: Found class java.lang.Object, but interface was expected> (0x00000000ef62f158) 
thrown [s\src\hotspot\share\interpreter\linkResolver.cpp, line 838]
Event: 131.455 Thread 0x0000024cb6dbefc0 Exception <a 'java/lang/NoSuchMethodError'{0x00000000ef636c08}: 'int java.lang.invoke.DirectMethodHandle$Holder.invokeSpecialIFC(java.lang.Object, java.lang.Object, java.lang.Object, java.lang.Object, java.lang.Object)'> (0x00000000ef636c08) 
thrown [s\src\hotspot\share\interpreter\linkResolver.cpp, line 771]
Event: 134.462 Thread 0x0000024cb6dbefc0 Exception <a 'java/lang/NoSuchMethodError'{0x00000000ed9b10d0}: 'int java.lang.invoke.DirectMethodHandle$Holder.invokeStatic(java.lang.Object)'> (0x00000000ed9b10d0) 
thrown [s\src\hotspot\share\interpreter\linkResolver.cpp, line 771]
Event: 134.463 Thread 0x0000024cb6dbefc0 Exception <a 'java/lang/NoSuchMethodError'{0x00000000ed9b54c0}: 'int java.lang.invoke.DirectMethodHandle$Holder.invokeStaticInit(java.lang.Object)'> (0x00000000ed9b54c0) 
thrown [s\src\hotspot\share\interpreter\linkResolver.cpp, line 771]
Event: 138.939 Thread 0x0000024cb6dbefc0 Exception <a 'java/lang/NoSuchMethodError'{0x00000000ecdfe610}: 'void java.lang.invoke.DirectMethodHandle$Holder.invokeStatic(java.lang.Object, java.lang.Object, java.lang.Object, int, java.lang.Object)'> (0x00000000ecdfe610) 
thrown [s\src\hotspot\share\interpreter\linkResolver.cpp, line 771]

VM Operations (20 events):
Event: 130.890 Executing VM operation: Cleanup
Event: 131.169 Executing VM operation: Cleanup done
Event: 132.212 Executing VM operation: Cleanup
Event: 132.536 Executing VM operation: Cleanup done
Event: 134.570 Executing VM operation: Cleanup
Event: 134.629 Executing VM operation: Cleanup done
Event: 135.633 Executing VM operation: Cleanup
Event: 135.698 Executing VM operation: Cleanup done
Event: 137.106 Executing VM operation: HandshakeAllThreads
Event: 137.106 Executing VM operation: HandshakeAllThreads done
Event: 137.107 Executing VM operation: Cleanup
Event: 137.107 Executing VM operation: Cleanup done
Event: 138.124 Executing VM operation: Cleanup
Event: 138.208 Executing VM operation: Cleanup done
Event: 139.211 Executing VM operation: Cleanup
Event: 139.246 Executing VM operation: Cleanup done
Event: 139.255 Executing VM operation: HandshakeAllThreads
Event: 139.255 Executing VM operation: HandshakeAllThreads done
Event: 140.255 Executing VM operation: Cleanup
Event: 140.414 Executing VM operation: Cleanup done

Events (20 events):
Event: 139.754 loading class org/gradle/api/internal/artifacts/ivyservice/modulecache/artifacts/DefaultCachedArtifact
Event: 139.754 loading class org/gradle/api/internal/artifacts/ivyservice/modulecache/artifacts/DefaultCachedArtifact done
Event: 139.757 loading class org/gradle/internal/component/model/ModuleSources
Event: 139.757 loading class org/gradle/internal/component/model/ModuleSources done
Event: 139.757 loading class org/gradle/internal/component/model/ModuleSources
Event: 139.757 loading class org/gradle/internal/component/model/ModuleSources done
Event: 139.758 loading class org/gradle/api/internal/artifacts/DefaultArtifactIdentifier
Event: 139.758 loading class org/gradle/api/internal/artifacts/DefaultArtifactIdentifier done
Event: 139.814 loading class org/gradle/api/internal/artifacts/ivyservice/resolutionstrategy/DefaultCachePolicy$CachedArtifactResolutionControl
Event: 139.814 loading class org/gradle/api/internal/artifacts/ivyservice/resolutionstrategy/DefaultCachePolicy$CachedArtifactResolutionControl done
Event: 139.815 loading class org/gradle/api/internal/artifacts/DownloadArtifactBuildOperationType
Event: 139.815 loading class org/gradle/api/internal/artifacts/DownloadArtifactBuildOperationType done
Event: 139.816 loading class org/gradle/api/internal/artifacts/DownloadArtifactBuildOperationType$Result
Event: 139.817 loading class org/gradle/api/internal/artifacts/DownloadArtifactBuildOperationType$Result done
Event: 139.818 loading class org/gradle/api/internal/artifacts/DownloadArtifactBuildOperationType$1
Event: 139.818 loading class org/gradle/api/internal/artifacts/DownloadArtifactBuildOperationType$1 done
Event: 140.155 Thread 0x0000024cb67c79c0 Thread added: 0x0000024cb67c79c0
Event: 140.413 Thread 0x0000024cb67c79c0 Thread exited: 0x0000024cb67c79c0
Event: 140.810 loading class org/gradle/internal/operations/DefaultBuildOperationQueue
Event: 140.810 loading class org/gradle/internal/operations/DefaultBuildOperationQueue done


Dynamic libraries:
0x00007ff71e980000 - 0x00007ff71e98a000 	C:\Program Files\Android\Android Studio\jbr\bin\java.exe
0x00007ffb74570000 - 0x00007ffb74768000 	C:\Windows\SYSTEM32\ntdll.dll
0x00007ffb72770000 - 0x00007ffb7282f000 	C:\Windows\System32\KERNEL32.DLL
0x00007ffb71c50000 - 0x00007ffb71f46000 	C:\Windows\System32\KERNELBASE.dll
0x00007ffb722f0000 - 0x00007ffb723f0000 	C:\Windows\System32\ucrtbase.dll
0x00007ffb6b8c0000 - 0x00007ffb6b8d7000 	C:\Program Files\Android\Android Studio\jbr\bin\jli.dll
0x00007ffb6b710000 - 0x00007ffb6b72b000 	C:\Program Files\Android\Android Studio\jbr\bin\VCRUNTIME140.dll
0x00007ffb742f0000 - 0x00007ffb7448d000 	C:\Windows\System32\USER32.dll
0x00007ffb71f50000 - 0x00007ffb71f72000 	C:\Windows\System32\win32u.dll
0x00007ffb67000000 - 0x00007ffb6729a000 	C:\Windows\WinSxS\amd64_microsoft.windows.common-controls_6595b64144ccf1df_6.0.19041.1110_none_60b5254171f9507e\COMCTL32.dll
0x00007ffb728a0000 - 0x00007ffb728cc000 	C:\Windows\System32\GDI32.dll
0x00007ffb74490000 - 0x00007ffb7452e000 	C:\Windows\System32\msvcrt.dll
0x00007ffb71f80000 - 0x00007ffb72095000 	C:\Windows\System32\gdi32full.dll
0x00007ffb72250000 - 0x00007ffb722ed000 	C:\Windows\System32\msvcp_win.dll
0x00007ffb73ff0000 - 0x00007ffb74020000 	C:\Windows\System32\IMM32.DLL
0x00007ffb6b7a0000 - 0x00007ffb6b7ac000 	C:\Program Files\Android\Android Studio\jbr\bin\vcruntime140_1.dll
0x00007ffb46da0000 - 0x00007ffb46e2d000 	C:\Program Files\Android\Android Studio\jbr\bin\msvcp140.dll
0x00007ffb3f2a0000 - 0x00007ffb3ff0d000 	C:\Program Files\Android\Android Studio\jbr\bin\server\jvm.dll
0x00007ffb72c30000 - 0x00007ffb72cdf000 	C:\Windows\System32\ADVAPI32.dll
0x00007ffb741d0000 - 0x00007ffb7426c000 	C:\Windows\System32\sechost.dll
0x00007ffb731c0000 - 0x00007ffb732e6000 	C:\Windows\System32\RPCRT4.dll
0x00007ffb67bf0000 - 0x00007ffb67c17000 	C:\Windows\SYSTEM32\WINMM.dll
0x00007ffb68a30000 - 0x00007ffb68a3a000 	C:\Windows\SYSTEM32\VERSION.dll
0x00007ffb6c940000 - 0x00007ffb6c949000 	C:\Windows\SYSTEM32\WSOCK32.dll
0x00007ffb72830000 - 0x00007ffb7289b000 	C:\Windows\System32\WS2_32.dll
0x00007ffb6fb20000 - 0x00007ffb6fb32000 	C:\Windows\SYSTEM32\kernel.appcore.dll
0x00007ffb6c390000 - 0x00007ffb6c39a000 	C:\Program Files\Android\Android Studio\jbr\bin\jimage.dll
0x00007ffb6a650000 - 0x00007ffb6a834000 	C:\Windows\SYSTEM32\DBGHELP.DLL
0x00007ffb6a2b0000 - 0x00007ffb6a2e4000 	C:\Windows\SYSTEM32\dbgcore.DLL
0x00007ffb720a0000 - 0x00007ffb72122000 	C:\Windows\System32\bcryptPrimitives.dll
0x00007ffb6c380000 - 0x00007ffb6c38e000 	C:\Program Files\Android\Android Studio\jbr\bin\instrument.dll
0x00007ffb69780000 - 0x00007ffb697a5000 	C:\Program Files\Android\Android Studio\jbr\bin\java.dll
0x00007ffb69760000 - 0x00007ffb69778000 	C:\Program Files\Android\Android Studio\jbr\bin\zip.dll
0x00007ffb736a0000 - 0x00007ffb73de4000 	C:\Windows\System32\SHELL32.dll
0x00007ffb6fcd0000 - 0x00007ffb70463000 	C:\Windows\SYSTEM32\windows.storage.dll
0x00007ffb728d0000 - 0x00007ffb72c24000 	C:\Windows\System32\combase.dll
0x00007ffb714f0000 - 0x00007ffb7151e000 	C:\Windows\SYSTEM32\Wldp.dll
0x00007ffb73560000 - 0x00007ffb7360d000 	C:\Windows\System32\SHCORE.dll
0x00007ffb73500000 - 0x00007ffb73555000 	C:\Windows\System32\shlwapi.dll
0x00007ffb71b90000 - 0x00007ffb71baf000 	C:\Windows\SYSTEM32\profapi.dll
0x00007ffb6b6a0000 - 0x00007ffb6b6a9000 	C:\Program Files\Android\Android Studio\jbr\bin\management.dll
0x00007ffb6b670000 - 0x00007ffb6b67b000 	C:\Program Files\Android\Android Studio\jbr\bin\management_ext.dll
0x00007ffb732f0000 - 0x00007ffb732f8000 	C:\Windows\System32\PSAPI.DLL
0x00007ffb69020000 - 0x00007ffb69039000 	C:\Program Files\Android\Android Studio\jbr\bin\net.dll
0x00007ffb69b30000 - 0x00007ffb69c3a000 	C:\Windows\SYSTEM32\WINHTTP.dll
0x00007ffb712d0000 - 0x00007ffb7133a000 	C:\Windows\system32\mswsock.dll
0x00007ffb68cb0000 - 0x00007ffb68cc6000 	C:\Program Files\Android\Android Studio\jbr\bin\nio.dll
0x00007ffb2bbc0000 - 0x00007ffb2bbd7000 	C:\Windows\system32\napinsp.dll
0x00007ffb2bba0000 - 0x00007ffb2bbbb000 	C:\Windows\system32\pnrpnsp.dll
0x00007ffb6c7d0000 - 0x00007ffb6c7e5000 	C:\Windows\system32\wshbth.dll
0x00007ffb6b4d0000 - 0x00007ffb6b4ed000 	C:\Windows\system32\NLAapi.dll
0x00007ffb70fe0000 - 0x00007ffb7101c000 	C:\Windows\SYSTEM32\IPHLPAPI.DLL
0x00007ffb71020000 - 0x00007ffb710eb000 	C:\Windows\SYSTEM32\DNSAPI.dll
0x00007ffb72760000 - 0x00007ffb72768000 	C:\Windows\System32\NSI.dll
0x00007ffb2bb80000 - 0x00007ffb2bb92000 	C:\Windows\System32\winrnr.dll
0x00007ffb66dd0000 - 0x00007ffb66dda000 	C:\Windows\System32\rasadhlp.dll
0x00007ffb67490000 - 0x00007ffb67512000 	C:\Windows\System32\fwpuclnt.dll
0x00007ffb723f0000 - 0x00007ffb72417000 	C:\Windows\System32\bcrypt.dll
0x00007ffb68ca0000 - 0x00007ffb68cb0000 	C:\Program Files\Android\Android Studio\jbr\bin\verify.dll
0x00007ffb61810000 - 0x00007ffb61837000 	C:\Users\CCI\.gradle\native\e1d6ef7f7dcc3fd88c89a11ec53ec762bb8ba0a96d01ffa2cd45eb1d1d8dd5c5\windows-amd64\native-platform.dll
0x00007ffb476c0000 - 0x00007ffb47804000 	C:\Users\CCI\.gradle\native\0d407fdbe67a94daf76414ababcb853783967236a71b16ec16e742cd7a986fd3\windows-amd64\native-platform-file-events.dll
0x00007ffb71870000 - 0x00007ffb71888000 	C:\Windows\SYSTEM32\CRYPTSP.dll
0x00007ffb70c10000 - 0x00007ffb70c44000 	C:\Windows\system32\rsaenh.dll
0x00007ffb71b50000 - 0x00007ffb71b7e000 	C:\Windows\SYSTEM32\USERENV.dll
0x00007ffb71460000 - 0x00007ffb7146c000 	C:\Windows\SYSTEM32\CRYPTBASE.dll
0x00007ffb6a390000 - 0x00007ffb6a3a7000 	C:\Windows\SYSTEM32\dhcpcsvc6.DLL
0x00007ffb6aaa0000 - 0x00007ffb6aabd000 	C:\Windows\SYSTEM32\dhcpcsvc.DLL
0x00007ffb6aec0000 - 0x00007ffb6aec7000 	C:\Windows\system32\wshunix.dll

dbghelp: loaded successfully - version: 4.0.5 - missing functions: none
symbol engine: initialized successfully - sym options: 0x614 - pdb path: .;C:\Program Files\Android\Android Studio\jbr\bin;C:\Windows\SYSTEM32;C:\Windows\WinSxS\amd64_microsoft.windows.common-controls_6595b64144ccf1df_6.0.19041.1110_none_60b5254171f9507e;C:\Program Files\Android\Android Studio\jbr\bin\server;C:\Users\CCI\.gradle\native\e1d6ef7f7dcc3fd88c89a11ec53ec762bb8ba0a96d01ffa2cd45eb1d1d8dd5c5\windows-amd64;C:\Users\CCI\.gradle\native\0d407fdbe67a94daf76414ababcb853783967236a71b16ec16e742cd7a986fd3\windows-amd64

VM Arguments:
jvm_args: -XX:MaxMetaspaceSize=256m -XX:+HeapDumpOnOutOfMemoryError -javaagent:C:\Program Files\Android\Android Studio\plugins\android\resources\trace_agent.jar=C:\Users\CCI\AppData\Local\Temp\sync.trace.profile --add-opens=java.base/java.util=ALL-UNNAMED --add-opens=java.base/java.lang=ALL-UNNAMED --add-opens=java.base/java.lang.invoke=ALL-UNNAMED --add-opens=java.base/java.util=ALL-UNNAMED --add-opens=java.prefs/java.util.prefs=ALL-UNNAMED --add-opens=java.prefs/java.util.prefs=ALL-UNNAMED --add-opens=java.base/java.nio.charset=ALL-UNNAMED --add-opens=java.base/java.net=ALL-UNNAMED --add-opens=java.base/java.util.concurrent.atomic=ALL-UNNAMED -Xms256m -Xmx512m -Dfile.encoding=windows-1252 -Duser.country=US -Duser.language=en -Duser.variant 
java_command: org.gradle.launcher.daemon.bootstrap.GradleDaemon 7.5
java_class_path (initial): C:\Users\CCI\.gradle\wrapper\dists\gradle-7.5-all\6qsw290k5lz422uaf8jf6m7co\gradle-7.5\lib\gradle-launcher-7.5.jar
Launcher Type: SUN_STANDARD

[Global flags]
     intx CICompilerCount                          = 3                                         {product} {ergonomic}
   size_t CompressedClassSpaceSize                 = 218103808                                 {product} {ergonomic}
     uint ConcGCThreads                            = 1                                         {product} {ergonomic}
     uint G1ConcRefinementThreads                  = 4                                         {product} {ergonomic}
   size_t G1HeapRegionSize                         = 1048576                                   {product} {ergonomic}
    uintx GCDrainStackTargetSize                   = 64                                        {product} {ergonomic}
     bool HeapDumpOnOutOfMemoryError               = true                                   {manageable} {command line}
   size_t InitialHeapSize                          = 268435456                                 {product} {command line}
   size_t MarkStackSize                            = 4194304                                   {product} {ergonomic}
   size_t MaxHeapSize                              = 536870912                                 {product} {command line}
   size_t MaxMetaspaceSize                         = 268435456                                 {product} {command line}
   size_t MaxNewSize                               = 321912832                                 {product} {ergonomic}
   size_t MinHeapDeltaBytes                        = 1048576                                   {product} {ergonomic}
   size_t MinHeapSize                              = 268435456                                 {product} {command line}
    uintx NonNMethodCodeHeapSize                   = 5832780                                {pd product} {ergonomic}
    uintx NonProfiledCodeHeapSize                  = 122912730                              {pd product} {ergonomic}
    uintx ProfiledCodeHeapSize                     = 122912730                              {pd product} {ergonomic}
    uintx ReservedCodeCacheSize                    = 251658240                              {pd product} {ergonomic}
     bool SegmentedCodeCache                       = true                                      {product} {ergonomic}
   size_t SoftMaxHeapSize                          = 536870912                              {manageable} {ergonomic}
     bool UseCompressedClassPointers               = true                           {product lp64_product} {ergonomic}
     bool UseCompressedOops                        = true                           {product lp64_product} {ergonomic}
     bool UseG1GC                                  = true                                      {product} {ergonomic}
     bool UseLargePagesIndividualAllocation        = false                                  {pd product} {ergonomic}

Logging:
Log output configuration:
 #0: stdout all=warning uptime,level,tags
 #1: stderr all=off uptime,level,tags

Environment Variables:
PATH=C:\Program Files\Common Files\Oracle\Java\javapath;C:\Windows\system32;C:\Windows;C:\Windows\System32\Wbem;C:\Windows\System32\WindowsPowerShell\v1.0\;C:\Windows\System32\OpenSSH\;C:\Program Files\Git\cmd;C:\Users\CCI\AppData\Local\Microsoft\WindowsApps;C:\Program Files\Java\jdk-20\bin;
USERNAME=CCI
OS=Windows_NT
PROCESSOR_IDENTIFIER=Intel64 Family 6 Model 61 Stepping 4, GenuineIntel
TMP=C:\Users\CCI\AppData\Local\Temp
TEMP=C:\Users\CCI\AppData\Local\Temp



---------------  S Y S T E M  ---------------

OS:
 Windows 10 , 64 bit Build 19041 (10.0.19041.2913)
OS uptime: 4 days 2:50 hours
Hyper-V role detected

CPU: total 4 (initial active 4) (2 cores per cpu, 2 threads per core) family 6 model 61 stepping 4 microcode 0x2d, cx8, cmov, fxsr, ht, mmx, 3dnowpref, sse, sse2, sse3, ssse3, sse4.1, sse4.2, popcnt, lzcnt, tsc, tscinvbit, avx, avx2, aes, erms, clmul, bmi1, bmi2, rtm, adx, fma, vzeroupper, clflush, hv

Memory: 4k page, system-wide physical 8067M (750M free)
TotalPageFile size 12163M (AvailPageFile size 19M)
current process WorkingSet (physical memory assigned to process): 366M, peak: 366M
current process commit charge ("private bytes"): 461M, peak: 461M

vm_info: OpenJDK 64-Bit Server VM (17.0.6+0-b2043.56-9586694) for windows-amd64 JRE (17.0.6+0-b2043.56-9586694), built on Feb  9 2023 20:06:20 by "androidbuild" with MS VC++ 16.10 / 16.11 (VS2019)

END.
