#
# There is insufficient memory for the Java Runtime Environment to continue.
# Native memory allocation (malloc) failed to allocate 1914896 bytes for Chunk::new
# Possible reasons:
#   The system is out of physical RAM or swap space
#   The process is running with CompressedOops enabled, and the Java Heap may be blocking the growth of the native heap
# Possible solutions:
#   Reduce memory load on the system
#   Increase physical memory or swap space
#   Check if swap backing store is full
#   Decrease Java heap size (-Xmx/-Xms)
#   Decrease number of Java threads
#   Decrease Java thread stack sizes (-Xss)
#   Set larger code cache with -XX:ReservedCodeCacheSize=
#   JVM is running with Unscaled Compressed Oops mode in which the Java heap is
#     placed in the first 4GB address space. The Java Heap base address is the
#     maximum limit for the native heap growth. Please use -XX:HeapBaseMinAddress
#     to set the Java Heap base and to place the Java Heap above 4GB virtual address.
# This output file may be truncated or incomplete.
#
#  Out of Memory Error (arena.cpp:197), pid=12004, tid=11156
#
# JRE version: OpenJDK Runtime Environment Corretto-11.0.19.7.1 (11.0.19+7) (build 11.0.19+7-LTS)
# Java VM: OpenJDK 64-Bit Server VM Corretto-11.0.19.7.1 (11.0.19+7-LTS, mixed mode, tiered, compressed oops, g1 gc, windows-amd64)
# No core dump will be written. Minidumps are not enabled by default on client versions of Windows
#

---------------  S U M M A R Y ------------

Command Line: -XX:MaxMetaspaceSize=256m -XX:+HeapDumpOnOutOfMemoryError --add-opens=java.base/java.util=ALL-UNNAMED --add-opens=java.base/java.lang=ALL-UNNAMED --add-opens=java.base/java.lang.invoke=ALL-UNNAMED --add-opens=java.base/java.util=ALL-UNNAMED --add-opens=java.prefs/java.util.prefs=ALL-UNNAMED --add-opens=java.prefs/java.util.prefs=ALL-UNNAMED --add-opens=java.base/java.nio.charset=ALL-UNNAMED --add-opens=java.base/java.net=ALL-UNNAMED --add-opens=java.base/java.util.concurrent.atomic=ALL-UNNAMED -Xms256m -Xmx512m -Dfile.encoding=windows-1252 -Duser.country=US -Duser.language=en -Duser.variant org.gradle.launcher.daemon.bootstrap.GradleDaemon 7.5

Host: Intel(R) Core(TM) i5-5300U CPU @ 2.30GHz, 4 cores, 7G,  Windows 10 , 64 bit Build 19041 (10.0.19041.2913)
Time: Tue May  2 17:17:44 2023 India Standard Time elapsed time: 65.127941 seconds (0d 0h 1m 5s)

---------------  T H R E A D  ---------------

Current thread (0x000001c4320d3800):  JavaThread "C2 CompilerThread0" daemon [_thread_in_native, id=11156, stack(0x0000000216d00000,0x0000000216e00000)]


Current CompileTask:
C2:  65128 10400       4       org.objectweb.asm.ClassReader::accept (1412 bytes)

Stack: [0x0000000216d00000,0x0000000216e00000]
Native frames: (J=compiled Java code, j=interpreted, Vv=VM code, C=native code)
V  [jvm.dll+0x6235aa]
V  [jvm.dll+0x7b0f89]
V  [jvm.dll+0x7b2678]
V  [jvm.dll+0x7b2d53]
V  [jvm.dll+0x24fe38]
V  [jvm.dll+0xc264c]
V  [jvm.dll+0xc2c0c]
V  [jvm.dll+0x35cbf2]
V  [jvm.dll+0x328bb3]
V  [jvm.dll+0x327eea]
V  [jvm.dll+0x2092b3]
V  [jvm.dll+0x20840d]
V  [jvm.dll+0x18a3c1]
V  [jvm.dll+0x217ab4]
V  [jvm.dll+0x215cfb]
V  [jvm.dll+0x773a90]
V  [jvm.dll+0x76c9c4]
V  [jvm.dll+0x622415]
C  [ucrtbase.dll+0x21bb2]
C  [KERNEL32.DLL+0x17614]
C  [ntdll.dll+0x526a1]


---------------  P R O C E S S  ---------------

Threads class SMR info:
_java_thread_list=0x000001c438cdddd0, length=85, elements={
0x000001c4151da800, 0x000001c4320b4800, 0x000001c4320ad000, 0x000001c4320c1800,
0x000001c4320c4800, 0x000001c4320c5800, 0x000001c4320d3800, 0x000001c4320d7000,
0x000001c4320d8800, 0x000001c432b85000, 0x000001c4338f0000, 0x000001c432eba000,
0x000001c43488c000, 0x000001c433753000, 0x000001c43374c000, 0x000001c43387c000,
0x000001c432d42000, 0x000001c434856800, 0x000001c434bff800, 0x000001c434359800,
0x000001c434415000, 0x000001c434414000, 0x000001c434413800, 0x000001c434411000,
0x000001c43440f800, 0x000001c434416000, 0x000001c434411800, 0x000001c434412800,
0x000001c434410000, 0x000001c436b0b800, 0x000001c436b07800, 0x000001c436b0a000,
0x000001c436b0b000, 0x000001c436b0d000, 0x000001c436b0c800, 0x000001c436b13800,
0x000001c436b0f800, 0x000001c436b16000, 0x000001c436b10800, 0x000001c436b14800,
0x000001c436b11800, 0x000001c436b12000, 0x000001c436b13000, 0x000001c4376c3800,
0x000001c4376c6000, 0x000001c4376c1800, 0x000001c4376c7000, 0x000001c4376c4800,
0x000001c4376c3000, 0x000001c4376c8000, 0x000001c4376c2000, 0x000001c4376cb000,
0x000001c4376ca800, 0x000001c4376c8800, 0x000001c4376c5800, 0x000001c4376cf000,
0x000001c4376cc000, 0x000001c4376cc800, 0x000001c4376c9800, 0x000001c4376cd800,
0x000001c4376ce800, 0x000001c4376d0000, 0x000001c434bbe800, 0x000001c434bc1000,
0x000001c434bbf000, 0x000001c434bc3800, 0x000001c434bc1800, 0x000001c434bc0000,
0x000001c434bc2800, 0x000001c434bbd800, 0x000001c434bc4000, 0x000001c435373800,
0x000001c435371800, 0x000001c435372800, 0x000001c435371000, 0x000001c435375800,
0x000001c435379000, 0x000001c43537a000, 0x000001c435378000, 0x000001c435374000,
0x000001c435376800, 0x000001c435377800, 0x000001c435375000, 0x000001c43537e000,
0x000001c43537f800
}

Java Threads: ( => current thread )
  0x000001c4151da800 JavaThread "main" [_thread_blocked, id=13628, stack(0x0000000216100000,0x0000000216200000)]
  0x000001c4320b4800 JavaThread "Reference Handler" daemon [_thread_blocked, id=5268, stack(0x0000000216800000,0x0000000216900000)]
  0x000001c4320ad000 JavaThread "Finalizer" daemon [_thread_blocked, id=11968, stack(0x0000000216900000,0x0000000216a00000)]
  0x000001c4320c1800 JavaThread "Signal Dispatcher" daemon [_thread_blocked, id=8160, stack(0x0000000216a00000,0x0000000216b00000)]
  0x000001c4320c4800 JavaThread "Attach Listener" daemon [_thread_blocked, id=2668, stack(0x0000000216b00000,0x0000000216c00000)]
  0x000001c4320c5800 JavaThread "Service Thread" daemon [_thread_blocked, id=1708, stack(0x0000000216c00000,0x0000000216d00000)]
=>0x000001c4320d3800 JavaThread "C2 CompilerThread0" daemon [_thread_in_native, id=11156, stack(0x0000000216d00000,0x0000000216e00000)]
  0x000001c4320d7000 JavaThread "C1 CompilerThread0" daemon [_thread_blocked, id=9752, stack(0x0000000216e00000,0x0000000216f00000)]
  0x000001c4320d8800 JavaThread "Sweeper thread" daemon [_thread_blocked, id=16152, stack(0x0000000216f00000,0x0000000217000000)]
  0x000001c432b85000 JavaThread "Common-Cleaner" daemon [_thread_blocked, id=14572, stack(0x0000000217000000,0x0000000217100000)]
  0x000001c4338f0000 JavaThread "Daemon health stats" [_thread_blocked, id=11336, stack(0x0000000217500000,0x0000000217600000)]
  0x000001c432eba000 JavaThread "Incoming local TCP Connector on port 54082" [_thread_in_native, id=12952, stack(0x0000000217600000,0x0000000217700000)]
  0x000001c43488c000 JavaThread "Daemon periodic checks" [_thread_blocked, id=15824, stack(0x0000000217700000,0x0000000217800000)]
  0x000001c433753000 JavaThread "Daemon" [_thread_blocked, id=9028, stack(0x0000000217800000,0x0000000217900000)]
  0x000001c43374c000 JavaThread "Handler for socket connection from /127.0.0.1:54082 to /127.0.0.1:54083" [_thread_in_native, id=7108, stack(0x0000000217900000,0x0000000217a00000)]
  0x000001c43387c000 JavaThread "Cancel handler" [_thread_blocked, id=14892, stack(0x0000000217a00000,0x0000000217b00000)]
  0x000001c432d42000 JavaThread "Daemon worker" [_thread_in_vm, id=7672, stack(0x0000000217b00000,0x0000000217c00000)]
  0x000001c434856800 JavaThread "Asynchronous log dispatcher for DefaultDaemonConnection: socket connection from /127.0.0.1:54082 to /127.0.0.1:54083" [_thread_blocked, id=15120, stack(0x0000000217c00000,0x0000000217d00000)]
  0x000001c434bff800 JavaThread "Stdin handler" [_thread_blocked, id=15284, stack(0x0000000217d00000,0x0000000217e00000)]
  0x000001c434359800 JavaThread "Daemon client event forwarder" [_thread_blocked, id=13552, stack(0x0000000217e00000,0x0000000217f00000)]
  0x000001c434415000 JavaThread "Cache worker for journal cache (C:\Users\CCI\.gradle\caches\journal-1)" [_thread_blocked, id=5588, stack(0x0000000217f00000,0x0000000218000000)]
  0x000001c434414000 JavaThread "File lock request listener" [_thread_in_native, id=15124, stack(0x0000000218000000,0x0000000218100000)]
  0x000001c434413800 JavaThread "Cache worker for file hash cache (C:\Users\CCI\.gradle\caches\7.5\fileHashes)" [_thread_blocked, id=7136, stack(0x0000000218100000,0x0000000218200000)]
  0x000001c434411000 JavaThread "File watcher server" daemon [_thread_in_native, id=9332, stack(0x0000000218200000,0x0000000218300000)]
  0x000001c43440f800 JavaThread "File watcher consumer" daemon [_thread_blocked, id=9844, stack(0x0000000218300000,0x0000000218400000)]
  0x000001c434416000 JavaThread "jar transforms" [_thread_blocked, id=2400, stack(0x0000000218400000,0x0000000218500000)]
  0x000001c434411800 JavaThread "jar transforms Thread 2" [_thread_blocked, id=1892, stack(0x0000000218500000,0x0000000218600000)]
  0x000001c434412800 JavaThread "jar transforms Thread 3" [_thread_blocked, id=3180, stack(0x0000000218600000,0x0000000218700000)]
  0x000001c434410000 JavaThread "jar transforms Thread 4" [_thread_blocked, id=15416, stack(0x0000000218700000,0x0000000218800000)]
  0x000001c436b0b800 JavaThread "Cache worker for checksums cache (C:\Users\CCI\Mcura\QueueManagement\.gradle\7.5\checksums)" [_thread_blocked, id=16296, stack(0x0000000218800000,0x0000000218900000)]
  0x000001c436b07800 JavaThread "Cache worker for cache directory md-rule (C:\Users\CCI\.gradle\caches\7.5\md-rule)" [_thread_blocked, id=14412, stack(0x0000000218900000,0x0000000218a00000)]
  0x000001c436b0a000 JavaThread "Cache worker for file content cache (C:\Users\CCI\.gradle\caches\7.5\fileContent)" [_thread_blocked, id=432, stack(0x0000000218a00000,0x0000000218b00000)]
  0x000001c436b0b000 JavaThread "Cache worker for file hash cache (C:\Users\CCI\Mcura\QueueManagement\.gradle\7.5\fileHashes)" [_thread_blocked, id=6724, stack(0x0000000218b00000,0x0000000218c00000)]
  0x000001c436b0d000 JavaThread "Cache worker for cache directory md-supplier (C:\Users\CCI\.gradle\caches\7.5\md-supplier)" [_thread_blocked, id=8472, stack(0x0000000218c00000,0x0000000218d00000)]
  0x000001c436b0c800 JavaThread "Cache worker for execution history cache (C:\Users\CCI\.gradle\caches\7.5\executionHistory)" [_thread_blocked, id=15540, stack(0x0000000218d00000,0x0000000218e00000)]
  0x000001c436b13800 JavaThread "Cache worker for dependencies-accessors (C:\Users\CCI\Mcura\QueueManagement\.gradle\7.5\dependencies-accessors)" [_thread_blocked, id=2596, stack(0x0000000219000000,0x0000000219100000)]
  0x000001c436b0f800 JavaThread "Cache worker for Build Output Cleanup Cache (C:\Users\CCI\Mcura\QueueManagement\.gradle\buildOutputCleanup)" [_thread_blocked, id=9372, stack(0x0000000219100000,0x0000000219200000)]
  0x000001c436b16000 JavaThread "Unconstrained build operations" [_thread_blocked, id=12188, stack(0x0000000219200000,0x0000000219300000)]
  0x000001c436b10800 JavaThread "Unconstrained build operations Thread 2" [_thread_blocked, id=5788, stack(0x0000000219300000,0x0000000219400000)]
  0x000001c436b14800 JavaThread "Unconstrained build operations Thread 3" [_thread_blocked, id=15892, stack(0x0000000219400000,0x0000000219500000)]
  0x000001c436b11800 JavaThread "Unconstrained build operations Thread 4" [_thread_blocked, id=15300, stack(0x0000000219500000,0x0000000219600000)]
  0x000001c436b12000 JavaThread "Unconstrained build operations Thread 5" [_thread_blocked, id=7332, stack(0x0000000219600000,0x0000000219700000)]
  0x000001c436b13000 JavaThread "Unconstrained build operations Thread 6" [_thread_blocked, id=13988, stack(0x0000000219700000,0x0000000219800000)]
  0x000001c4376c3800 JavaThread "Unconstrained build operations Thread 7" [_thread_blocked, id=13112, stack(0x0000000219800000,0x0000000219900000)]
  0x000001c4376c6000 JavaThread "Unconstrained build operations Thread 8" [_thread_blocked, id=8060, stack(0x0000000219900000,0x0000000219a00000)]
  0x000001c4376c1800 JavaThread "Unconstrained build operations Thread 9" [_thread_blocked, id=6192, stack(0x0000000219a00000,0x0000000219b00000)]
  0x000001c4376c7000 JavaThread "Unconstrained build operations Thread 10" [_thread_blocked, id=7276, stack(0x0000000219b00000,0x0000000219c00000)]
  0x000001c4376c4800 JavaThread "Unconstrained build operations Thread 11" [_thread_blocked, id=9364, stack(0x0000000219c00000,0x0000000219d00000)]
  0x000001c4376c3000 JavaThread "Unconstrained build operations Thread 12" [_thread_blocked, id=15616, stack(0x0000000219d00000,0x0000000219e00000)]
  0x000001c4376c8000 JavaThread "Unconstrained build operations Thread 13" [_thread_blocked, id=13832, stack(0x0000000219e00000,0x0000000219f00000)]
  0x000001c4376c2000 JavaThread "Unconstrained build operations Thread 14" [_thread_blocked, id=14176, stack(0x0000000219f00000,0x000000021a000000)]
  0x000001c4376cb000 JavaThread "Unconstrained build operations Thread 15" [_thread_blocked, id=720, stack(0x000000021a000000,0x000000021a100000)]
  0x000001c4376ca800 JavaThread "Unconstrained build operations Thread 16" [_thread_blocked, id=13304, stack(0x000000021a100000,0x000000021a200000)]
  0x000001c4376c8800 JavaThread "Unconstrained build operations Thread 17" [_thread_blocked, id=15988, stack(0x000000021a200000,0x000000021a300000)]
  0x000001c4376c5800 JavaThread "Unconstrained build operations Thread 18" [_thread_blocked, id=14844, stack(0x000000021a300000,0x000000021a400000)]
  0x000001c4376cf000 JavaThread "Unconstrained build operations Thread 19" [_thread_blocked, id=10928, stack(0x000000021a400000,0x000000021a500000)]
  0x000001c4376cc000 JavaThread "Unconstrained build operations Thread 20" [_thread_blocked, id=9692, stack(0x000000021a500000,0x000000021a600000)]
  0x000001c4376cc800 JavaThread "Unconstrained build operations Thread 21" [_thread_blocked, id=7796, stack(0x000000021a600000,0x000000021a700000)]
  0x000001c4376c9800 JavaThread "Unconstrained build operations Thread 22" [_thread_blocked, id=736, stack(0x000000021a700000,0x000000021a800000)]
  0x000001c4376cd800 JavaThread "Unconstrained build operations Thread 23" [_thread_blocked, id=12408, stack(0x000000021a800000,0x000000021a900000)]
  0x000001c4376ce800 JavaThread "Unconstrained build operations Thread 24" [_thread_blocked, id=14484, stack(0x000000021a900000,0x000000021aa00000)]
  0x000001c4376d0000 JavaThread "Unconstrained build operations Thread 25" [_thread_blocked, id=13052, stack(0x000000021aa00000,0x000000021ab00000)]
  0x000001c434bbe800 JavaThread "Unconstrained build operations Thread 26" [_thread_blocked, id=15324, stack(0x000000021ab00000,0x000000021ac00000)]
  0x000001c434bc1000 JavaThread "Unconstrained build operations Thread 27" [_thread_blocked, id=7528, stack(0x000000021ac00000,0x000000021ad00000)]
  0x000001c434bbf000 JavaThread "Unconstrained build operations Thread 28" [_thread_blocked, id=6560, stack(0x000000021ad00000,0x000000021ae00000)]
  0x000001c434bc3800 JavaThread "Unconstrained build operations Thread 29" [_thread_blocked, id=11452, stack(0x000000021ae00000,0x000000021af00000)]
  0x000001c434bc1800 JavaThread "Unconstrained build operations Thread 30" [_thread_blocked, id=1256, stack(0x000000021af00000,0x000000021b000000)]
  0x000001c434bc0000 JavaThread "Unconstrained build operations Thread 31" [_thread_blocked, id=11736, stack(0x000000021b000000,0x000000021b100000)]
  0x000001c434bc2800 JavaThread "Unconstrained build operations Thread 32" [_thread_blocked, id=14340, stack(0x000000021b100000,0x000000021b200000)]
  0x000001c434bbd800 JavaThread "Unconstrained build operations Thread 33" [_thread_blocked, id=11432, stack(0x000000021b200000,0x000000021b300000)]
  0x000001c434bc4000 JavaThread "Unconstrained build operations Thread 34" [_thread_blocked, id=12060, stack(0x000000021b300000,0x000000021b400000)]
  0x000001c435373800 JavaThread "Unconstrained build operations Thread 35" [_thread_blocked, id=6356, stack(0x000000021b400000,0x000000021b500000)]
  0x000001c435371800 JavaThread "Unconstrained build operations Thread 36" [_thread_blocked, id=9724, stack(0x000000021b500000,0x000000021b600000)]
  0x000001c435372800 JavaThread "Unconstrained build operations Thread 37" [_thread_blocked, id=9140, stack(0x000000021b600000,0x000000021b700000)]
  0x000001c435371000 JavaThread "Unconstrained build operations Thread 38" [_thread_blocked, id=9108, stack(0x000000021b700000,0x000000021b800000)]
  0x000001c435375800 JavaThread "Unconstrained build operations Thread 39" [_thread_blocked, id=4212, stack(0x000000021b800000,0x000000021b900000)]
  0x000001c435379000 JavaThread "Unconstrained build operations Thread 40" [_thread_blocked, id=4852, stack(0x000000021b900000,0x000000021ba00000)]
  0x000001c43537a000 JavaThread "Memory manager" [_thread_blocked, id=16040, stack(0x000000021ba00000,0x000000021bb00000)]
  0x000001c435378000 JavaThread "pool-3-thread-1" [_thread_blocked, id=14904, stack(0x0000000215e00000,0x0000000215f00000)]
  0x000001c435374000 JavaThread "included builds" [_thread_blocked, id=13188, stack(0x0000000215f00000,0x0000000216000000)]
  0x000001c435376800 JavaThread "Execution worker" [_thread_blocked, id=15604, stack(0x0000000216000000,0x0000000216100000)]
  0x000001c435377800 JavaThread "Execution worker Thread 2" [_thread_blocked, id=14964, stack(0x000000021bb00000,0x000000021bc00000)]
  0x000001c435375000 JavaThread "Execution worker Thread 3" [_thread_blocked, id=6468, stack(0x000000021bc00000,0x000000021bd00000)]
  0x000001c43537e000 JavaThread "Cache worker for execution history cache (C:\Users\CCI\Mcura\QueueManagement\.gradle\7.5\executionHistory)" [_thread_blocked, id=15528, stack(0x000000021bd00000,0x000000021be00000)]
  0x000001c43537f800 JavaThread "idea-tooling-model-converter" [_thread_in_native, id=9360, stack(0x000000021be00000,0x000000021bf00000)]

Other Threads:
  0x000001c43207e800 VMThread "VM Thread" [stack: 0x0000000216700000,0x0000000216800000] [id=11828]
  0x000001c432b8c000 WatcherThread [stack: 0x0000000217100000,0x0000000217200000] [id=11792]
  0x000001c4151f4000 GCTaskThread "GC Thread#0" [stack: 0x0000000216200000,0x0000000216300000] [id=13880]
  0x000001c432fd2800 GCTaskThread "GC Thread#1" [stack: 0x0000000217200000,0x0000000217300000] [id=14812]
  0x000001c432c28000 GCTaskThread "GC Thread#2" [stack: 0x0000000217300000,0x0000000217400000] [id=9956]
  0x000001c432f44800 GCTaskThread "GC Thread#3" [stack: 0x0000000217400000,0x0000000217500000] [id=3976]
  0x000001c415205000 ConcurrentGCThread "G1 Main Marker" [stack: 0x0000000216300000,0x0000000216400000] [id=4960]
  0x000001c415206800 ConcurrentGCThread "G1 Conc#0" [stack: 0x0000000216400000,0x0000000216500000] [id=2676]
  0x000001c431f1a800 ConcurrentGCThread "G1 Refine#0" [stack: 0x0000000216500000,0x0000000216600000] [id=6476]
  0x000001c4152bb800 ConcurrentGCThread "G1 Young RemSet Sampling" [stack: 0x0000000216600000,0x0000000216700000] [id=1524]

Threads with active compile tasks:
C2 CompilerThread0    65220 10400       4       org.objectweb.asm.ClassReader::accept (1412 bytes)

VM state:not at safepoint (normal execution)

VM Mutex/Monitor currently owned by a thread: None

Heap address: 0x00000000e0000000, size: 512 MB, Compressed Oops mode: 32-bit
Narrow klass base: 0x0000000000000000, Narrow klass shift: 3
Compressed class space size: 260046848 Address: 0x0000000100000000

Heap:
 garbage-first heap   total 262144K, used 184431K [0x00000000e0000000, 0x0000000100000000)
  region size 1024K, 7 young (7168K), 4 survivors (4096K)
 Metaspace       used 91062K, capacity 93535K, committed 93808K, reserved 335872K
  class space    used 11613K, capacity 12557K, committed 12584K, reserved 253952K
Heap Regions: E=young(eden), S=young(survivor), O=old, HS=humongous(starts), HC=humongous(continues), CS=collection set, F=free, A=archive, TAMS=top-at-mark-start (previous, next)
|   0|0x00000000e0000000, 0x00000000e0100000, 0x00000000e0100000|100%|HS|  |TAMS 0x00000000e0100000, 0x00000000e0100000| Complete 
|   1|0x00000000e0100000, 0x00000000e0200000, 0x00000000e0200000|100%|HC|  |TAMS 0x00000000e0200000, 0x00000000e0200000| Complete 
|   2|0x00000000e0200000, 0x00000000e0300000, 0x00000000e0300000|100%|HC|  |TAMS 0x00000000e0300000, 0x00000000e0300000| Complete 
|   3|0x00000000e0300000, 0x00000000e0400000, 0x00000000e0400000|100%| O|  |TAMS 0x00000000e0400000, 0x00000000e0400000| Untracked 
|   4|0x00000000e0400000, 0x00000000e0500000, 0x00000000e0500000|100%| O|  |TAMS 0x00000000e0500000, 0x00000000e0500000| Untracked 
|   5|0x00000000e0500000, 0x00000000e0600000, 0x00000000e0600000|100%| O|  |TAMS 0x00000000e0600000, 0x00000000e0600000| Untracked 
|   6|0x00000000e0600000, 0x00000000e0700000, 0x00000000e0700000|100%| O|  |TAMS 0x00000000e0700000, 0x00000000e0700000| Untracked 
|   7|0x00000000e0700000, 0x00000000e0800000, 0x00000000e0800000|100%| O|  |TAMS 0x00000000e0800000, 0x00000000e0800000| Untracked 
|   8|0x00000000e0800000, 0x00000000e0900000, 0x00000000e0900000|100%| O|  |TAMS 0x00000000e0900000, 0x00000000e0900000| Untracked 
|   9|0x00000000e0900000, 0x00000000e0a00000, 0x00000000e0a00000|100%| O|  |TAMS 0x00000000e0a00000, 0x00000000e0a00000| Untracked 
|  10|0x00000000e0a00000, 0x00000000e0b00000, 0x00000000e0b00000|100%| O|  |TAMS 0x00000000e0b00000, 0x00000000e0b00000| Untracked 
|  11|0x00000000e0b00000, 0x00000000e0c00000, 0x00000000e0c00000|100%| O|  |TAMS 0x00000000e0c00000, 0x00000000e0c00000| Untracked 
|  12|0x00000000e0c00000, 0x00000000e0d00000, 0x00000000e0d00000|100%| O|  |TAMS 0x00000000e0d00000, 0x00000000e0d00000| Untracked 
|  13|0x00000000e0d00000, 0x00000000e0e00000, 0x00000000e0e00000|100%| O|  |TAMS 0x00000000e0e00000, 0x00000000e0e00000| Untracked 
|  14|0x00000000e0e00000, 0x00000000e0f00000, 0x00000000e0f00000|100%| O|  |TAMS 0x00000000e0f00000, 0x00000000e0f00000| Untracked 
|  15|0x00000000e0f00000, 0x00000000e1000000, 0x00000000e1000000|100%| O|  |TAMS 0x00000000e1000000, 0x00000000e1000000| Untracked 
|  16|0x00000000e1000000, 0x00000000e1100000, 0x00000000e1100000|100%|HS|  |TAMS 0x00000000e1100000, 0x00000000e1100000| Complete 
|  17|0x00000000e1100000, 0x00000000e1200000, 0x00000000e1200000|100%|HC|  |TAMS 0x00000000e1200000, 0x00000000e1200000| Complete 
|  18|0x00000000e1200000, 0x00000000e1300000, 0x00000000e1300000|100%|HS|  |TAMS 0x00000000e1300000, 0x00000000e1300000| Complete 
|  19|0x00000000e1300000, 0x00000000e1400000, 0x00000000e1400000|100%|HC|  |TAMS 0x00000000e1400000, 0x00000000e1400000| Complete 
|  20|0x00000000e1400000, 0x00000000e1500000, 0x00000000e1500000|100%|HC|  |TAMS 0x00000000e1500000, 0x00000000e1500000| Complete 
|  21|0x00000000e1500000, 0x00000000e1600000, 0x00000000e1600000|100%|HS|  |TAMS 0x00000000e1600000, 0x00000000e1600000| Complete 
|  22|0x00000000e1600000, 0x00000000e1700000, 0x00000000e1700000|100%|HC|  |TAMS 0x00000000e1700000, 0x00000000e1700000| Complete 
|  23|0x00000000e1700000, 0x00000000e1800000, 0x00000000e1800000|100%|HC|  |TAMS 0x00000000e1800000, 0x00000000e1800000| Complete 
|  24|0x00000000e1800000, 0x00000000e1900000, 0x00000000e1900000|100%|HS|  |TAMS 0x00000000e1900000, 0x00000000e1900000| Complete 
|  25|0x00000000e1900000, 0x00000000e1a00000, 0x00000000e1a00000|100%|HC|  |TAMS 0x00000000e1a00000, 0x00000000e1a00000| Complete 
|  26|0x00000000e1a00000, 0x00000000e1b00000, 0x00000000e1b00000|100%|HS|  |TAMS 0x00000000e1b00000, 0x00000000e1b00000| Complete 
|  27|0x00000000e1b00000, 0x00000000e1c00000, 0x00000000e1c00000|100%|HC|  |TAMS 0x00000000e1c00000, 0x00000000e1c00000| Complete 
|  28|0x00000000e1c00000, 0x00000000e1d00000, 0x00000000e1d00000|100%|HC|  |TAMS 0x00000000e1d00000, 0x00000000e1d00000| Complete 
|  29|0x00000000e1d00000, 0x00000000e1e00000, 0x00000000e1e00000|100%|HC|  |TAMS 0x00000000e1e00000, 0x00000000e1e00000| Complete 
|  30|0x00000000e1e00000, 0x00000000e1f00000, 0x00000000e1f00000|100%|HC|  |TAMS 0x00000000e1f00000, 0x00000000e1f00000| Complete 
|  31|0x00000000e1f00000, 0x00000000e2000000, 0x00000000e2000000|100%|HC|  |TAMS 0x00000000e2000000, 0x00000000e2000000| Complete 
|  32|0x00000000e2000000, 0x00000000e2100000, 0x00000000e2100000|100%|HS|  |TAMS 0x00000000e2100000, 0x00000000e2100000| Complete 
|  33|0x00000000e2100000, 0x00000000e2200000, 0x00000000e2200000|100%|HS|  |TAMS 0x00000000e2200000, 0x00000000e2200000| Complete 
|  34|0x00000000e2200000, 0x00000000e2300000, 0x00000000e2300000|100%|HC|  |TAMS 0x00000000e2300000, 0x00000000e2300000| Complete 
|  35|0x00000000e2300000, 0x00000000e2400000, 0x00000000e2400000|100%|HC|  |TAMS 0x00000000e2400000, 0x00000000e2400000| Complete 
|  36|0x00000000e2400000, 0x00000000e2500000, 0x00000000e2500000|100%|HC|  |TAMS 0x00000000e2500000, 0x00000000e2500000| Complete 
|  37|0x00000000e2500000, 0x00000000e2600000, 0x00000000e2600000|100%|HC|  |TAMS 0x00000000e2600000, 0x00000000e2600000| Complete 
|  38|0x00000000e2600000, 0x00000000e2700000, 0x00000000e2700000|100%|HC|  |TAMS 0x00000000e2700000, 0x00000000e2700000| Complete 
|  39|0x00000000e2700000, 0x00000000e2800000, 0x00000000e2800000|100%|HC|  |TAMS 0x00000000e2800000, 0x00000000e2800000| Complete 
|  40|0x00000000e2800000, 0x00000000e2900000, 0x00000000e2900000|100%|HC|  |TAMS 0x00000000e2900000, 0x00000000e2900000| Complete 
|  41|0x00000000e2900000, 0x00000000e2a00000, 0x00000000e2a00000|100%|HC|  |TAMS 0x00000000e2a00000, 0x00000000e2a00000| Complete 
|  42|0x00000000e2a00000, 0x00000000e2b00000, 0x00000000e2b00000|100%|HC|  |TAMS 0x00000000e2b00000, 0x00000000e2b00000| Complete 
|  43|0x00000000e2b00000, 0x00000000e2c00000, 0x00000000e2c00000|100%|HS|  |TAMS 0x00000000e2c00000, 0x00000000e2c00000| Complete 
|  44|0x00000000e2c00000, 0x00000000e2d00000, 0x00000000e2d00000|100%|HC|  |TAMS 0x00000000e2d00000, 0x00000000e2d00000| Complete 
|  45|0x00000000e2d00000, 0x00000000e2e00000, 0x00000000e2e00000|100%| O|  |TAMS 0x00000000e2e00000, 0x00000000e2e00000| Untracked 
|  46|0x00000000e2e00000, 0x00000000e2f00000, 0x00000000e2f00000|100%| O|  |TAMS 0x00000000e2f00000, 0x00000000e2f00000| Untracked 
|  47|0x00000000e2f00000, 0x00000000e3000000, 0x00000000e3000000|100%| O|  |TAMS 0x00000000e3000000, 0x00000000e3000000| Untracked 
|  48|0x00000000e3000000, 0x00000000e3100000, 0x00000000e3100000|100%| O|  |TAMS 0x00000000e3100000, 0x00000000e3100000| Untracked 
|  49|0x00000000e3100000, 0x00000000e3200000, 0x00000000e3200000|100%| O|  |TAMS 0x00000000e3200000, 0x00000000e3200000| Untracked 
|  50|0x00000000e3200000, 0x00000000e3300000, 0x00000000e3300000|100%| O|  |TAMS 0x00000000e3300000, 0x00000000e3300000| Untracked 
|  51|0x00000000e3300000, 0x00000000e3400000, 0x00000000e3400000|100%| O|  |TAMS 0x00000000e3400000, 0x00000000e3400000| Untracked 
|  52|0x00000000e3400000, 0x00000000e3500000, 0x00000000e3500000|100%| O|  |TAMS 0x00000000e3500000, 0x00000000e3500000| Untracked 
|  53|0x00000000e3500000, 0x00000000e3600000, 0x00000000e3600000|100%| O|  |TAMS 0x00000000e3600000, 0x00000000e3600000| Untracked 
|  54|0x00000000e3600000, 0x00000000e3700000, 0x00000000e3700000|100%| O|  |TAMS 0x00000000e3700000, 0x00000000e3700000| Untracked 
|  55|0x00000000e3700000, 0x00000000e3800000, 0x00000000e3800000|100%|HS|  |TAMS 0x00000000e3800000, 0x00000000e3800000| Complete 
|  56|0x00000000e3800000, 0x00000000e3900000, 0x00000000e3900000|100%|HC|  |TAMS 0x00000000e3900000, 0x00000000e3900000| Complete 
|  57|0x00000000e3900000, 0x00000000e3a00000, 0x00000000e3a00000|100%|HC|  |TAMS 0x00000000e3a00000, 0x00000000e3a00000| Complete 
|  58|0x00000000e3a00000, 0x00000000e3b00000, 0x00000000e3b00000|100%|HC|  |TAMS 0x00000000e3b00000, 0x00000000e3b00000| Complete 
|  59|0x00000000e3b00000, 0x00000000e3c00000, 0x00000000e3c00000|100%|HC|  |TAMS 0x00000000e3c00000, 0x00000000e3c00000| Complete 
|  60|0x00000000e3c00000, 0x00000000e3d00000, 0x00000000e3d00000|100%|HC|  |TAMS 0x00000000e3d00000, 0x00000000e3d00000| Complete 
|  61|0x00000000e3d00000, 0x00000000e3e00000, 0x00000000e3e00000|100%|HS|  |TAMS 0x00000000e3e00000, 0x00000000e3e00000| Complete 
|  62|0x00000000e3e00000, 0x00000000e3f00000, 0x00000000e3f00000|100%| O|  |TAMS 0x00000000e3f00000, 0x00000000e3f00000| Untracked 
|  63|0x00000000e3f00000, 0x00000000e4000000, 0x00000000e4000000|100%| O|  |TAMS 0x00000000e4000000, 0x00000000e4000000| Untracked 
|  64|0x00000000e4000000, 0x00000000e4100000, 0x00000000e4100000|100%| O|  |TAMS 0x00000000e4100000, 0x00000000e4100000| Untracked 
|  65|0x00000000e4100000, 0x00000000e4200000, 0x00000000e4200000|100%| O|  |TAMS 0x00000000e4200000, 0x00000000e4200000| Untracked 
|  66|0x00000000e4200000, 0x00000000e4300000, 0x00000000e4300000|100%| O|  |TAMS 0x00000000e4300000, 0x00000000e4300000| Untracked 
|  67|0x00000000e4300000, 0x00000000e4400000, 0x00000000e4400000|100%| O|  |TAMS 0x00000000e4400000, 0x00000000e4400000| Untracked 
|  68|0x00000000e4400000, 0x00000000e44ffff8, 0x00000000e4500000| 99%| O|  |TAMS 0x00000000e44ffff8, 0x00000000e44ffff8| Untracked 
|  69|0x00000000e4500000, 0x00000000e4600000, 0x00000000e4600000|100%|HS|  |TAMS 0x00000000e4600000, 0x00000000e4600000| Complete 
|  70|0x00000000e4600000, 0x00000000e4700000, 0x00000000e4700000|100%| O|  |TAMS 0x00000000e4700000, 0x00000000e4700000| Untracked 
|  71|0x00000000e4700000, 0x00000000e4800000, 0x00000000e4800000|100%|HS|  |TAMS 0x00000000e4800000, 0x00000000e4800000| Complete 
|  72|0x00000000e4800000, 0x00000000e4900000, 0x00000000e4900000|100%| O|  |TAMS 0x00000000e4900000, 0x00000000e4900000| Untracked 
|  73|0x00000000e4900000, 0x00000000e4a00000, 0x00000000e4a00000|100%| O|  |TAMS 0x00000000e4a00000, 0x00000000e4a00000| Untracked 
|  74|0x00000000e4a00000, 0x00000000e4b00000, 0x00000000e4b00000|100%| O|  |TAMS 0x00000000e4b00000, 0x00000000e4b00000| Untracked 
|  75|0x00000000e4b00000, 0x00000000e4c00000, 0x00000000e4c00000|100%| O|  |TAMS 0x00000000e4c00000, 0x00000000e4c00000| Untracked 
|  76|0x00000000e4c00000, 0x00000000e4d00000, 0x00000000e4d00000|100%| O|  |TAMS 0x00000000e4d00000, 0x00000000e4d00000| Untracked 
|  77|0x00000000e4d00000, 0x00000000e4e00000, 0x00000000e4e00000|100%| O|  |TAMS 0x00000000e4e00000, 0x00000000e4e00000| Untracked 
|  78|0x00000000e4e00000, 0x00000000e4f00000, 0x00000000e4f00000|100%| O|  |TAMS 0x00000000e4f00000, 0x00000000e4f00000| Untracked 
|  79|0x00000000e4f00000, 0x00000000e5000000, 0x00000000e5000000|100%| O|  |TAMS 0x00000000e5000000, 0x00000000e5000000| Untracked 
|  80|0x00000000e5000000, 0x00000000e5100000, 0x00000000e5100000|100%| O|  |TAMS 0x00000000e5100000, 0x00000000e5100000| Untracked 
|  81|0x00000000e5100000, 0x00000000e5200000, 0x00000000e5200000|100%| O|  |TAMS 0x00000000e5200000, 0x00000000e5200000| Untracked 
|  82|0x00000000e5200000, 0x00000000e5300000, 0x00000000e5300000|100%| O|  |TAMS 0x00000000e5300000, 0x00000000e5300000| Untracked 
|  83|0x00000000e5300000, 0x00000000e5400000, 0x00000000e5400000|100%| O|  |TAMS 0x00000000e5400000, 0x00000000e5400000| Untracked 
|  84|0x00000000e5400000, 0x00000000e5500000, 0x00000000e5500000|100%| O|  |TAMS 0x00000000e5500000, 0x00000000e5500000| Untracked 
|  85|0x00000000e5500000, 0x00000000e5600000, 0x00000000e5600000|100%| O|  |TAMS 0x00000000e5600000, 0x00000000e5600000| Untracked 
|  86|0x00000000e5600000, 0x00000000e5700000, 0x00000000e5700000|100%|HS|  |TAMS 0x00000000e5700000, 0x00000000e5700000| Complete 
|  87|0x00000000e5700000, 0x00000000e5800000, 0x00000000e5800000|100%|HC|  |TAMS 0x00000000e5800000, 0x00000000e5800000| Complete 
|  88|0x00000000e5800000, 0x00000000e5900000, 0x00000000e5900000|100%|HS|  |TAMS 0x00000000e5900000, 0x00000000e5900000| Complete 
|  89|0x00000000e5900000, 0x00000000e5a00000, 0x00000000e5a00000|100%|HC|  |TAMS 0x00000000e5a00000, 0x00000000e5a00000| Complete 
|  90|0x00000000e5a00000, 0x00000000e5b00000, 0x00000000e5b00000|100%|HS|  |TAMS 0x00000000e5b00000, 0x00000000e5b00000| Complete 
|  91|0x00000000e5b00000, 0x00000000e5c00000, 0x00000000e5c00000|100%|HC|  |TAMS 0x00000000e5c00000, 0x00000000e5c00000| Complete 
|  92|0x00000000e5c00000, 0x00000000e5d00000, 0x00000000e5d00000|100%|HC|  |TAMS 0x00000000e5d00000, 0x00000000e5d00000| Complete 
|  93|0x00000000e5d00000, 0x00000000e5e00000, 0x00000000e5e00000|100%| O|  |TAMS 0x00000000e5e00000, 0x00000000e5e00000| Untracked 
|  94|0x00000000e5e00000, 0x00000000e5f00000, 0x00000000e5f00000|100%| O|  |TAMS 0x00000000e5f00000, 0x00000000e5f00000| Untracked 
|  95|0x00000000e5f00000, 0x00000000e6000000, 0x00000000e6000000|100%| O|  |TAMS 0x00000000e6000000, 0x00000000e6000000| Untracked 
|  96|0x00000000e6000000, 0x00000000e6100000, 0x00000000e6100000|100%| O|  |TAMS 0x00000000e6100000, 0x00000000e6100000| Untracked 
|  97|0x00000000e6100000, 0x00000000e6200000, 0x00000000e6200000|100%|HS|  |TAMS 0x00000000e6200000, 0x00000000e6200000| Complete 
|  98|0x00000000e6200000, 0x00000000e6300000, 0x00000000e6300000|100%|HC|  |TAMS 0x00000000e6300000, 0x00000000e6300000| Complete 
|  99|0x00000000e6300000, 0x00000000e6400000, 0x00000000e6400000|100%|HC|  |TAMS 0x00000000e6400000, 0x00000000e6400000| Complete 
| 100|0x00000000e6400000, 0x00000000e6500000, 0x00000000e6500000|100%|HC|  |TAMS 0x00000000e6500000, 0x00000000e6500000| Complete 
| 101|0x00000000e6500000, 0x00000000e6600000, 0x00000000e6600000|100%|HC|  |TAMS 0x00000000e6600000, 0x00000000e6600000| Complete 
| 102|0x00000000e6600000, 0x00000000e6700000, 0x00000000e6700000|100%|HC|  |TAMS 0x00000000e6700000, 0x00000000e6700000| Complete 
| 103|0x00000000e6700000, 0x00000000e6800000, 0x00000000e6800000|100%|HC|  |TAMS 0x00000000e6800000, 0x00000000e6800000| Complete 
| 104|0x00000000e6800000, 0x00000000e6900000, 0x00000000e6900000|100%|HC|  |TAMS 0x00000000e6900000, 0x00000000e6900000| Complete 
| 105|0x00000000e6900000, 0x00000000e6a00000, 0x00000000e6a00000|100%|HC|  |TAMS 0x00000000e6a00000, 0x00000000e6a00000| Complete 
| 106|0x00000000e6a00000, 0x00000000e6b00000, 0x00000000e6b00000|100%|HC|  |TAMS 0x00000000e6b00000, 0x00000000e6b00000| Complete 
| 107|0x00000000e6b00000, 0x00000000e6c00000, 0x00000000e6c00000|100%|HC|  |TAMS 0x00000000e6c00000, 0x00000000e6c00000| Complete 
| 108|0x00000000e6c00000, 0x00000000e6d00000, 0x00000000e6d00000|100%|HS|  |TAMS 0x00000000e6d00000, 0x00000000e6d00000| Complete 
| 109|0x00000000e6d00000, 0x00000000e6e00000, 0x00000000e6e00000|100%|HC|  |TAMS 0x00000000e6e00000, 0x00000000e6e00000| Complete 
| 110|0x00000000e6e00000, 0x00000000e6f00000, 0x00000000e6f00000|100%|HC|  |TAMS 0x00000000e6f00000, 0x00000000e6f00000| Complete 
| 111|0x00000000e6f00000, 0x00000000e7000000, 0x00000000e7000000|100%| O|  |TAMS 0x00000000e7000000, 0x00000000e7000000| Untracked 
| 112|0x00000000e7000000, 0x00000000e7100000, 0x00000000e7100000|100%| O|  |TAMS 0x00000000e7100000, 0x00000000e7100000| Untracked 
| 113|0x00000000e7100000, 0x00000000e7200000, 0x00000000e7200000|100%| O|  |TAMS 0x00000000e7200000, 0x00000000e7200000| Untracked 
| 114|0x00000000e7200000, 0x00000000e7300000, 0x00000000e7300000|100%| O|  |TAMS 0x00000000e7300000, 0x00000000e7300000| Untracked 
| 115|0x00000000e7300000, 0x00000000e7400000, 0x00000000e7400000|100%| O|  |TAMS 0x00000000e7400000, 0x00000000e7400000| Untracked 
| 116|0x00000000e7400000, 0x00000000e7500000, 0x00000000e7500000|100%| O|  |TAMS 0x00000000e7500000, 0x00000000e7500000| Untracked 
| 117|0x00000000e7500000, 0x00000000e7600000, 0x00000000e7600000|100%| O|  |TAMS 0x00000000e7600000, 0x00000000e7600000| Untracked 
| 118|0x00000000e7600000, 0x00000000e7700000, 0x00000000e7700000|100%| O|  |TAMS 0x00000000e7700000, 0x00000000e7700000| Untracked 
| 119|0x00000000e7700000, 0x00000000e7800000, 0x00000000e7800000|100%| O|  |TAMS 0x00000000e7800000, 0x00000000e7800000| Untracked 
| 120|0x00000000e7800000, 0x00000000e7900000, 0x00000000e7900000|100%| O|  |TAMS 0x00000000e7900000, 0x00000000e7900000| Untracked 
| 121|0x00000000e7900000, 0x00000000e7a00000, 0x00000000e7a00000|100%| O|  |TAMS 0x00000000e7a00000, 0x00000000e7a00000| Untracked 
| 122|0x00000000e7a00000, 0x00000000e7b00000, 0x00000000e7b00000|100%| O|  |TAMS 0x00000000e7b00000, 0x00000000e7b00000| Untracked 
| 123|0x00000000e7b00000, 0x00000000e7c00000, 0x00000000e7c00000|100%| O|  |TAMS 0x00000000e7c00000, 0x00000000e7c00000| Untracked 
| 124|0x00000000e7c00000, 0x00000000e7d00000, 0x00000000e7d00000|100%| O|  |TAMS 0x00000000e7d00000, 0x00000000e7d00000| Untracked 
| 125|0x00000000e7d00000, 0x00000000e7e00000, 0x00000000e7e00000|100%| O|  |TAMS 0x00000000e7e00000, 0x00000000e7e00000| Untracked 
| 126|0x00000000e7e00000, 0x00000000e7f00000, 0x00000000e7f00000|100%| O|  |TAMS 0x00000000e7f00000, 0x00000000e7f00000| Untracked 
| 127|0x00000000e7f00000, 0x00000000e8000000, 0x00000000e8000000|100%|HS|  |TAMS 0x00000000e8000000, 0x00000000e8000000| Complete 
| 128|0x00000000e8000000, 0x00000000e8100000, 0x00000000e8100000|100%|HC|  |TAMS 0x00000000e8100000, 0x00000000e8100000| Complete 
| 129|0x00000000e8100000, 0x00000000e8200000, 0x00000000e8200000|100%|HS|  |TAMS 0x00000000e8200000, 0x00000000e8200000| Complete 
| 130|0x00000000e8200000, 0x00000000e8300000, 0x00000000e8300000|100%|HC|  |TAMS 0x00000000e8300000, 0x00000000e8300000| Complete 
| 131|0x00000000e8300000, 0x00000000e8400000, 0x00000000e8400000|100%|HC|  |TAMS 0x00000000e8400000, 0x00000000e8400000| Complete 
| 132|0x00000000e8400000, 0x00000000e8500000, 0x00000000e8500000|100%|HS|  |TAMS 0x00000000e8500000, 0x00000000e8500000| Complete 
| 133|0x00000000e8500000, 0x00000000e8600000, 0x00000000e8600000|100%|HC|  |TAMS 0x00000000e8600000, 0x00000000e8600000| Complete 
| 134|0x00000000e8600000, 0x00000000e8700000, 0x00000000e8700000|100%|HC|  |TAMS 0x00000000e8700000, 0x00000000e8700000| Complete 
| 135|0x00000000e8700000, 0x00000000e8800000, 0x00000000e8800000|100%|HS|  |TAMS 0x00000000e8800000, 0x00000000e8800000| Complete 
| 136|0x00000000e8800000, 0x00000000e8900000, 0x00000000e8900000|100%|HC|  |TAMS 0x00000000e8900000, 0x00000000e8900000| Complete 
| 137|0x00000000e8900000, 0x00000000e8a00000, 0x00000000e8a00000|100%|HS|  |TAMS 0x00000000e8a00000, 0x00000000e8a00000| Complete 
| 138|0x00000000e8a00000, 0x00000000e8b00000, 0x00000000e8b00000|100%|HC|  |TAMS 0x00000000e8b00000, 0x00000000e8b00000| Complete 
| 139|0x00000000e8b00000, 0x00000000e8c00000, 0x00000000e8c00000|100%|HC|  |TAMS 0x00000000e8c00000, 0x00000000e8c00000| Complete 
| 140|0x00000000e8c00000, 0x00000000e8d00000, 0x00000000e8d00000|100%|HC|  |TAMS 0x00000000e8d00000, 0x00000000e8d00000| Complete 
| 141|0x00000000e8d00000, 0x00000000e8e00000, 0x00000000e8e00000|100%|HC|  |TAMS 0x00000000e8e00000, 0x00000000e8e00000| Complete 
| 142|0x00000000e8e00000, 0x00000000e8f00000, 0x00000000e8f00000|100%|HC|  |TAMS 0x00000000e8f00000, 0x00000000e8f00000| Complete 
| 143|0x00000000e8f00000, 0x00000000e9000000, 0x00000000e9000000|100%|HS|  |TAMS 0x00000000e9000000, 0x00000000e9000000| Complete 
| 144|0x00000000e9000000, 0x00000000e9100000, 0x00000000e9100000|100%|HS|  |TAMS 0x00000000e9100000, 0x00000000e9100000| Complete 
| 145|0x00000000e9100000, 0x00000000e9200000, 0x00000000e9200000|100%|HC|  |TAMS 0x00000000e9200000, 0x00000000e9200000| Complete 
| 146|0x00000000e9200000, 0x00000000e9300000, 0x00000000e9300000|100%|HC|  |TAMS 0x00000000e9300000, 0x00000000e9300000| Complete 
| 147|0x00000000e9300000, 0x00000000e9400000, 0x00000000e9400000|100%|HC|  |TAMS 0x00000000e9400000, 0x00000000e9400000| Complete 
| 148|0x00000000e9400000, 0x00000000e9500000, 0x00000000e9500000|100%|HC|  |TAMS 0x00000000e9500000, 0x00000000e9500000| Complete 
| 149|0x00000000e9500000, 0x00000000e9600000, 0x00000000e9600000|100%|HC|  |TAMS 0x00000000e9600000, 0x00000000e9600000| Complete 
| 150|0x00000000e9600000, 0x00000000e9700000, 0x00000000e9700000|100%|HC|  |TAMS 0x00000000e9700000, 0x00000000e9700000| Complete 
| 151|0x00000000e9700000, 0x00000000e9800000, 0x00000000e9800000|100%|HC|  |TAMS 0x00000000e9800000, 0x00000000e9800000| Complete 
| 152|0x00000000e9800000, 0x00000000e9900000, 0x00000000e9900000|100%|HC|  |TAMS 0x00000000e9900000, 0x00000000e9900000| Complete 
| 153|0x00000000e9900000, 0x00000000e9a00000, 0x00000000e9a00000|100%|HC|  |TAMS 0x00000000e9a00000, 0x00000000e9a00000| Complete 
| 154|0x00000000e9a00000, 0x00000000e9b00000, 0x00000000e9b00000|100%|HS|  |TAMS 0x00000000e9b00000, 0x00000000e9b00000| Complete 
| 155|0x00000000e9b00000, 0x00000000e9c00000, 0x00000000e9c00000|100%|HC|  |TAMS 0x00000000e9c00000, 0x00000000e9c00000| Complete 
| 156|0x00000000e9c00000, 0x00000000e9d00000, 0x00000000e9d00000|100%| O|  |TAMS 0x00000000e9d00000, 0x00000000e9d00000| Untracked 
| 157|0x00000000e9d00000, 0x00000000e9e00000, 0x00000000e9e00000|100%| O|  |TAMS 0x00000000e9e00000, 0x00000000e9e00000| Untracked 
| 158|0x00000000e9e00000, 0x00000000e9f00000, 0x00000000e9f00000|100%| O|  |TAMS 0x00000000e9f00000, 0x00000000e9f00000| Untracked 
| 159|0x00000000e9f00000, 0x00000000ea000000, 0x00000000ea000000|100%| O|  |TAMS 0x00000000ea000000, 0x00000000ea000000| Untracked 
| 160|0x00000000ea000000, 0x00000000ea100000, 0x00000000ea100000|100%| O|  |TAMS 0x00000000ea100000, 0x00000000ea100000| Untracked 
| 161|0x00000000ea100000, 0x00000000ea200000, 0x00000000ea200000|100%| O|  |TAMS 0x00000000ea200000, 0x00000000ea200000| Untracked 
| 162|0x00000000ea200000, 0x00000000ea300000, 0x00000000ea300000|100%| O|  |TAMS 0x00000000ea300000, 0x00000000ea300000| Untracked 
| 163|0x00000000ea300000, 0x00000000ea400000, 0x00000000ea400000|100%| O|  |TAMS 0x00000000ea400000, 0x00000000ea400000| Untracked 
| 164|0x00000000ea400000, 0x00000000ea500000, 0x00000000ea500000|100%| O|  |TAMS 0x00000000ea500000, 0x00000000ea500000| Untracked 
| 165|0x00000000ea500000, 0x00000000ea600000, 0x00000000ea600000|100%| O|  |TAMS 0x00000000ea600000, 0x00000000ea600000| Untracked 
| 166|0x00000000ea600000, 0x00000000ea700000, 0x00000000ea700000|100%| O|  |TAMS 0x00000000ea700000, 0x00000000ea700000| Untracked 
| 167|0x00000000ea700000, 0x00000000ea800000, 0x00000000ea800000|100%| O|  |TAMS 0x00000000ea800000, 0x00000000ea800000| Untracked 
| 168|0x00000000ea800000, 0x00000000ea900000, 0x00000000ea900000|100%| O|  |TAMS 0x00000000ea900000, 0x00000000ea900000| Untracked 
| 169|0x00000000ea900000, 0x00000000eaa00000, 0x00000000eaa00000|100%| O|  |TAMS 0x00000000eaa00000, 0x00000000eaa00000| Untracked 
| 170|0x00000000eaa00000, 0x00000000eab00000, 0x00000000eab00000|100%|HS|  |TAMS 0x00000000eaa00000, 0x00000000eaa00000| Complete 
| 171|0x00000000eab00000, 0x00000000eab00000, 0x00000000eac00000|  0%| F|  |TAMS 0x00000000eab00000, 0x00000000eab00000| Untracked 
| 172|0x00000000eac00000, 0x00000000eac00000, 0x00000000ead00000|  0%| F|  |TAMS 0x00000000eac00000, 0x00000000eac00000| Untracked 
| 173|0x00000000ead00000, 0x00000000ead00000, 0x00000000eae00000|  0%| F|  |TAMS 0x00000000ead00000, 0x00000000ead00000| Untracked 
| 174|0x00000000eae00000, 0x00000000eae00000, 0x00000000eaf00000|  0%| F|  |TAMS 0x00000000eae00000, 0x00000000eae00000| Untracked 
| 175|0x00000000eaf00000, 0x00000000eaf00000, 0x00000000eb000000|  0%| F|  |TAMS 0x00000000eaf00000, 0x00000000eaf00000| Untracked 
| 176|0x00000000eb000000, 0x00000000eb000000, 0x00000000eb100000|  0%| F|  |TAMS 0x00000000eb000000, 0x00000000eb000000| Untracked 
| 177|0x00000000eb100000, 0x00000000eb200000, 0x00000000eb200000|100%| O|  |TAMS 0x00000000eb200000, 0x00000000eb200000| Untracked 
| 178|0x00000000eb200000, 0x00000000eb300000, 0x00000000eb300000|100%| O|  |TAMS 0x00000000eb300000, 0x00000000eb300000| Untracked 
| 179|0x00000000eb300000, 0x00000000eb400000, 0x00000000eb400000|100%| O|  |TAMS 0x00000000eb400000, 0x00000000eb400000| Untracked 
| 180|0x00000000eb400000, 0x00000000eb4dc000, 0x00000000eb500000| 85%| O|  |TAMS 0x00000000eb4dc000, 0x00000000eb4dc000| Untracked 
| 181|0x00000000eb500000, 0x00000000eb500000, 0x00000000eb600000|  0%| F|  |TAMS 0x00000000eb500000, 0x00000000eb500000| Untracked 
| 182|0x00000000eb600000, 0x00000000eb600000, 0x00000000eb700000|  0%| F|  |TAMS 0x00000000eb600000, 0x00000000eb600000| Untracked 
| 183|0x00000000eb700000, 0x00000000eb700000, 0x00000000eb800000|  0%| F|  |TAMS 0x00000000eb700000, 0x00000000eb700000| Untracked 
| 184|0x00000000eb800000, 0x00000000eb800000, 0x00000000eb900000|  0%| F|  |TAMS 0x00000000eb800000, 0x00000000eb800000| Untracked 
| 185|0x00000000eb900000, 0x00000000eb900000, 0x00000000eba00000|  0%| F|  |TAMS 0x00000000eb900000, 0x00000000eb900000| Untracked 
| 186|0x00000000eba00000, 0x00000000eba00000, 0x00000000ebb00000|  0%| F|  |TAMS 0x00000000eba00000, 0x00000000eba00000| Untracked 
| 187|0x00000000ebb00000, 0x00000000ebb00000, 0x00000000ebc00000|  0%| F|  |TAMS 0x00000000ebb00000, 0x00000000ebb00000| Untracked 
| 188|0x00000000ebc00000, 0x00000000ebc00000, 0x00000000ebd00000|  0%| F|  |TAMS 0x00000000ebc00000, 0x00000000ebc00000| Untracked 
| 189|0x00000000ebd00000, 0x00000000ebd00000, 0x00000000ebe00000|  0%| F|  |TAMS 0x00000000ebd00000, 0x00000000ebd00000| Untracked 
| 190|0x00000000ebe00000, 0x00000000ebe00000, 0x00000000ebf00000|  0%| F|  |TAMS 0x00000000ebe00000, 0x00000000ebe00000| Untracked 
| 191|0x00000000ebf00000, 0x00000000ebf00000, 0x00000000ec000000|  0%| F|  |TAMS 0x00000000ebf00000, 0x00000000ebf00000| Untracked 
| 192|0x00000000ec000000, 0x00000000ec000000, 0x00000000ec100000|  0%| F|  |TAMS 0x00000000ec000000, 0x00000000ec000000| Untracked 
| 193|0x00000000ec100000, 0x00000000ec100000, 0x00000000ec200000|  0%| F|  |TAMS 0x00000000ec100000, 0x00000000ec100000| Untracked 
| 194|0x00000000ec200000, 0x00000000ec200000, 0x00000000ec300000|  0%| F|  |TAMS 0x00000000ec200000, 0x00000000ec200000| Untracked 
| 195|0x00000000ec300000, 0x00000000ec300000, 0x00000000ec400000|  0%| F|  |TAMS 0x00000000ec300000, 0x00000000ec300000| Untracked 
| 196|0x00000000ec400000, 0x00000000ec400000, 0x00000000ec500000|  0%| F|  |TAMS 0x00000000ec400000, 0x00000000ec400000| Untracked 
| 197|0x00000000ec500000, 0x00000000ec500000, 0x00000000ec600000|  0%| F|  |TAMS 0x00000000ec500000, 0x00000000ec500000| Untracked 
| 198|0x00000000ec600000, 0x00000000ec600000, 0x00000000ec700000|  0%| F|  |TAMS 0x00000000ec600000, 0x00000000ec600000| Untracked 
| 199|0x00000000ec700000, 0x00000000ec700000, 0x00000000ec800000|  0%| F|  |TAMS 0x00000000ec700000, 0x00000000ec700000| Untracked 
| 200|0x00000000ec800000, 0x00000000ec800000, 0x00000000ec900000|  0%| F|  |TAMS 0x00000000ec800000, 0x00000000ec800000| Untracked 
| 201|0x00000000ec900000, 0x00000000ec900000, 0x00000000eca00000|  0%| F|  |TAMS 0x00000000ec900000, 0x00000000ec900000| Untracked 
| 202|0x00000000eca00000, 0x00000000eca00000, 0x00000000ecb00000|  0%| F|  |TAMS 0x00000000eca00000, 0x00000000eca00000| Untracked 
| 203|0x00000000ecb00000, 0x00000000ecb00000, 0x00000000ecc00000|  0%| F|  |TAMS 0x00000000ecb00000, 0x00000000ecb00000| Untracked 
| 204|0x00000000ecc00000, 0x00000000ecc00000, 0x00000000ecd00000|  0%| F|  |TAMS 0x00000000ecc00000, 0x00000000ecc00000| Untracked 
| 205|0x00000000ecd00000, 0x00000000ecd00000, 0x00000000ece00000|  0%| F|  |TAMS 0x00000000ecd00000, 0x00000000ecd00000| Untracked 
| 206|0x00000000ece00000, 0x00000000ece00000, 0x00000000ecf00000|  0%| F|  |TAMS 0x00000000ece00000, 0x00000000ece00000| Untracked 
| 207|0x00000000ecf00000, 0x00000000ecf00000, 0x00000000ed000000|  0%| F|  |TAMS 0x00000000ecf00000, 0x00000000ecf00000| Untracked 
| 208|0x00000000ed000000, 0x00000000ed000000, 0x00000000ed100000|  0%| F|  |TAMS 0x00000000ed000000, 0x00000000ed000000| Untracked 
| 209|0x00000000ed100000, 0x00000000ed100000, 0x00000000ed200000|  0%| F|  |TAMS 0x00000000ed100000, 0x00000000ed100000| Untracked 
| 210|0x00000000ed200000, 0x00000000ed200000, 0x00000000ed300000|  0%| F|  |TAMS 0x00000000ed200000, 0x00000000ed200000| Untracked 
| 211|0x00000000ed300000, 0x00000000ed300000, 0x00000000ed400000|  0%| F|  |TAMS 0x00000000ed300000, 0x00000000ed300000| Untracked 
| 212|0x00000000ed400000, 0x00000000ed400000, 0x00000000ed500000|  0%| F|  |TAMS 0x00000000ed400000, 0x00000000ed400000| Untracked 
| 213|0x00000000ed500000, 0x00000000ed500000, 0x00000000ed600000|  0%| F|  |TAMS 0x00000000ed500000, 0x00000000ed500000| Untracked 
| 214|0x00000000ed600000, 0x00000000ed600000, 0x00000000ed700000|  0%| F|  |TAMS 0x00000000ed600000, 0x00000000ed600000| Untracked 
| 215|0x00000000ed700000, 0x00000000ed700000, 0x00000000ed800000|  0%| F|  |TAMS 0x00000000ed700000, 0x00000000ed700000| Untracked 
| 216|0x00000000ed800000, 0x00000000ed800000, 0x00000000ed900000|  0%| F|  |TAMS 0x00000000ed800000, 0x00000000ed800000| Untracked 
| 217|0x00000000ed900000, 0x00000000ed900000, 0x00000000eda00000|  0%| F|  |TAMS 0x00000000ed900000, 0x00000000ed900000| Untracked 
| 218|0x00000000eda00000, 0x00000000eda00000, 0x00000000edb00000|  0%| F|  |TAMS 0x00000000eda00000, 0x00000000eda00000| Untracked 
| 219|0x00000000edb00000, 0x00000000edb00000, 0x00000000edc00000|  0%| F|  |TAMS 0x00000000edb00000, 0x00000000edb00000| Untracked 
| 220|0x00000000edc00000, 0x00000000edc00000, 0x00000000edd00000|  0%| F|  |TAMS 0x00000000edc00000, 0x00000000edc00000| Untracked 
| 221|0x00000000edd00000, 0x00000000edd00000, 0x00000000ede00000|  0%| F|  |TAMS 0x00000000edd00000, 0x00000000edd00000| Untracked 
| 222|0x00000000ede00000, 0x00000000ede00000, 0x00000000edf00000|  0%| F|  |TAMS 0x00000000ede00000, 0x00000000ede00000| Untracked 
| 223|0x00000000edf00000, 0x00000000edf00000, 0x00000000ee000000|  0%| F|  |TAMS 0x00000000edf00000, 0x00000000edf00000| Untracked 
| 224|0x00000000ee000000, 0x00000000ee000000, 0x00000000ee100000|  0%| F|  |TAMS 0x00000000ee000000, 0x00000000ee000000| Untracked 
| 225|0x00000000ee100000, 0x00000000ee100000, 0x00000000ee200000|  0%| F|  |TAMS 0x00000000ee100000, 0x00000000ee100000| Untracked 
| 226|0x00000000ee200000, 0x00000000ee200000, 0x00000000ee300000|  0%| F|  |TAMS 0x00000000ee200000, 0x00000000ee200000| Untracked 
| 227|0x00000000ee300000, 0x00000000ee300000, 0x00000000ee400000|  0%| F|  |TAMS 0x00000000ee300000, 0x00000000ee300000| Untracked 
| 228|0x00000000ee400000, 0x00000000ee400000, 0x00000000ee500000|  0%| F|  |TAMS 0x00000000ee400000, 0x00000000ee400000| Untracked 
| 229|0x00000000ee500000, 0x00000000ee500000, 0x00000000ee600000|  0%| F|  |TAMS 0x00000000ee500000, 0x00000000ee500000| Untracked 
| 230|0x00000000ee600000, 0x00000000ee600000, 0x00000000ee700000|  0%| F|  |TAMS 0x00000000ee600000, 0x00000000ee600000| Untracked 
| 231|0x00000000ee700000, 0x00000000ee700000, 0x00000000ee800000|  0%| F|  |TAMS 0x00000000ee700000, 0x00000000ee700000| Untracked 
| 232|0x00000000ee800000, 0x00000000ee800000, 0x00000000ee900000|  0%| F|  |TAMS 0x00000000ee800000, 0x00000000ee800000| Untracked 
| 233|0x00000000ee900000, 0x00000000ee900000, 0x00000000eea00000|  0%| F|  |TAMS 0x00000000ee900000, 0x00000000ee900000| Untracked 
| 234|0x00000000eea00000, 0x00000000eea00000, 0x00000000eeb00000|  0%| F|  |TAMS 0x00000000eea00000, 0x00000000eea00000| Untracked 
| 235|0x00000000eeb00000, 0x00000000eeb00000, 0x00000000eec00000|  0%| F|  |TAMS 0x00000000eeb00000, 0x00000000eeb00000| Untracked 
| 236|0x00000000eec00000, 0x00000000eec00000, 0x00000000eed00000|  0%| F|  |TAMS 0x00000000eec00000, 0x00000000eec00000| Untracked 
| 237|0x00000000eed00000, 0x00000000eed00000, 0x00000000eee00000|  0%| F|  |TAMS 0x00000000eed00000, 0x00000000eed00000| Untracked 
| 238|0x00000000eee00000, 0x00000000eee00000, 0x00000000eef00000|  0%| F|  |TAMS 0x00000000eee00000, 0x00000000eee00000| Untracked 
| 239|0x00000000eef00000, 0x00000000eef00000, 0x00000000ef000000|  0%| F|  |TAMS 0x00000000eef00000, 0x00000000eef00000| Untracked 
| 240|0x00000000ef000000, 0x00000000ef000000, 0x00000000ef100000|  0%| F|  |TAMS 0x00000000ef000000, 0x00000000ef000000| Untracked 
| 241|0x00000000ef100000, 0x00000000ef100000, 0x00000000ef200000|  0%| F|  |TAMS 0x00000000ef100000, 0x00000000ef100000| Untracked 
| 242|0x00000000ef200000, 0x00000000ef200000, 0x00000000ef300000|  0%| F|  |TAMS 0x00000000ef200000, 0x00000000ef200000| Untracked 
| 243|0x00000000ef300000, 0x00000000ef300000, 0x00000000ef400000|  0%| F|  |TAMS 0x00000000ef300000, 0x00000000ef300000| Untracked 
| 244|0x00000000ef400000, 0x00000000ef400000, 0x00000000ef500000|  0%| F|  |TAMS 0x00000000ef400000, 0x00000000ef400000| Untracked 
| 245|0x00000000ef500000, 0x00000000ef500000, 0x00000000ef600000|  0%| F|  |TAMS 0x00000000ef500000, 0x00000000ef500000| Untracked 
| 246|0x00000000ef600000, 0x00000000ef639b18, 0x00000000ef700000| 22%| E|  |TAMS 0x00000000ef600000, 0x00000000ef600000| Complete 
| 247|0x00000000ef700000, 0x00000000ef800000, 0x00000000ef800000|100%| E|CS|TAMS 0x00000000ef700000, 0x00000000ef700000| Complete 
| 248|0x00000000ef800000, 0x00000000ef900000, 0x00000000ef900000|100%| E|CS|TAMS 0x00000000ef800000, 0x00000000ef800000| Complete 
| 249|0x00000000ef900000, 0x00000000efa00000, 0x00000000efa00000|100%| E|CS|TAMS 0x00000000ef900000, 0x00000000ef900000| Complete 
| 250|0x00000000efa00000, 0x00000000efa40000, 0x00000000efb00000| 25%| S|CS|TAMS 0x00000000efa00000, 0x00000000efa00000| Complete 
| 251|0x00000000efb00000, 0x00000000efc00000, 0x00000000efc00000|100%| S|CS|TAMS 0x00000000efb00000, 0x00000000efb00000| Complete 
| 252|0x00000000efc00000, 0x00000000efd00000, 0x00000000efd00000|100%| S|CS|TAMS 0x00000000efc00000, 0x00000000efc00000| Complete 
| 253|0x00000000efd00000, 0x00000000efe00000, 0x00000000efe00000|100%| S|CS|TAMS 0x00000000efd00000, 0x00000000efd00000| Complete 
| 254|0x00000000efe00000, 0x00000000eff00000, 0x00000000eff00000|100%| E|CS|TAMS 0x00000000efe00000, 0x00000000efe00000| Complete 
| 255|0x00000000eff00000, 0x00000000f0000000, 0x00000000f0000000|100%| E|CS|TAMS 0x00000000eff00000, 0x00000000eff00000| Complete 

Card table byte_map: [0x000001c42e8a0000,0x000001c42e9a0000] _byte_map_base: 0x000001c42e1a0000

Marking Bits (Prev, Next): (CMBitMap*) 0x000001c415202420, (CMBitMap*) 0x000001c4152023e8
 Prev Bits: [0x000001c42f2a0000, 0x000001c42faa0000)
 Next Bits: [0x000001c42eaa0000, 0x000001c42f2a0000)

Polling page: 0x000001c4152c0000

Metaspace:

Usage:
  Non-class:     79.14 MB capacity,    77.65 MB ( 98%) used,     1.24 MB (  2%) free+waste,   263.81 KB ( <1%) overhead. 
      Class:     12.26 MB capacity,    11.35 MB ( 93%) used,   811.40 KB (  6%) free+waste,   123.44 KB ( <1%) overhead. 
       Both:     91.41 MB capacity,    89.00 MB ( 97%) used,     2.03 MB (  2%) free+waste,   387.25 KB ( <1%) overhead. 

Virtual space:
  Non-class space:       80.00 MB reserved,      79.32 MB (>99%) committed 
      Class space:      248.00 MB reserved,      12.41 MB (  5%) committed 
             Both:      328.00 MB reserved,      91.73 MB ( 28%) committed 

Chunk freelists:
   Non-Class:  54.00 KB
       Class:  19.00 KB
        Both:  73.00 KB

MaxMetaspaceSize: 256.00 MB
CompressedClassSpaceSize: 248.00 MB
Initial GC threshold: 20.80 MB
Current GC threshold: 149.35 MB
CDS: off

CodeHeap 'non-profiled nmethods': size=120064Kb used=6596Kb max_used=6596Kb free=113467Kb
 bounds [0x000001c426c30000, 0x000001c4272b0000, 0x000001c42e170000]
CodeHeap 'profiled nmethods': size=120000Kb used=21478Kb max_used=21478Kb free=98522Kb
 bounds [0x000001c41f700000, 0x000001c420c00000, 0x000001c426c30000]
CodeHeap 'non-nmethods': size=5696Kb used=2389Kb max_used=2424Kb free=3306Kb
 bounds [0x000001c41f170000, 0x000001c41f3e0000, 0x000001c41f700000]
 total_blobs=11111 nmethods=10192 adapters=831
 compilation: enabled
              stopped_count=0, restarted_count=0
 full_count=0

Compilation events (20 events):
Event: 64.991 Thread 0x000001c4320d7000 10436       2       org.gradle.internal.instantiation.generator.AsmBackedClassGenerator$ClassBuilderImpl::access$7500 (4 bytes)
Event: 64.992 Thread 0x000001c4320d7000 nmethod 10436 0x000001c420bf0790 code [0x000001c420bf0940, 0x000001c420bf0a18]
Event: 65.001 Thread 0x000001c4320d7000 10437       2       org.slf4j.LoggerFactory::getLogger (12 bytes)
Event: 65.001 Thread 0x000001c4320d7000 nmethod 10437 0x000001c420bf0a90 code [0x000001c420bf0c60, 0x000001c420bf0d78]
Event: 65.002 Thread 0x000001c4320d7000 10438       2       org.gradle.internal.logging.slf4j.OutputEventListenerBackedLoggerContext::getLogger (69 bytes)
Event: 65.002 Thread 0x000001c4320d7000 nmethod 10438 0x000001c420bf0e90 code [0x000001c420bf1080, 0x000001c420bf14c8]
Event: 65.006 Thread 0x000001c4320d7000 10439       2       org.slf4j.LoggerFactory::getLogger (65 bytes)
Event: 65.007 Thread 0x000001c4320d7000 nmethod 10439 0x000001c420bf1610 code [0x000001c420bf1920, 0x000001c420bf2368]
Event: 65.012 Thread 0x000001c4320d7000 10440       2       org.gradle.tooling.internal.adapter.TypeInspector::visit (298 bytes)
Event: 65.014 Thread 0x000001c4320d7000 nmethod 10440 0x000001c420bf2910 code [0x000001c420bf2bc0, 0x000001c420bf34f8]
Event: 65.024 Thread 0x000001c4320d7000 10441   !   2       java.lang.reflect.ProxyGenerator::generateClassFile (691 bytes)
Event: 65.035 Thread 0x000001c4320d7000 nmethod 10441 0x000001c420bf3a10 code [0x000001c420bf4160, 0x000001c420bf68d8]
Event: 65.035 Thread 0x000001c4320d7000 10444       2       groovy.lang.MetaClassImpl::getMetaProperty (45 bytes)
Event: 65.036 Thread 0x000001c4320d7000 nmethod 10444 0x000001c420bf8690 code [0x000001c420bf8860, 0x000001c420bf8a58]
Event: 65.036 Thread 0x000001c4320d7000 10442       2       java.util.concurrent.LinkedBlockingQueue::dequeue (32 bytes)
Event: 65.037 Thread 0x000001c4320d7000 nmethod 10442 0x000001c420bf8b90 code [0x000001c420bf8d40, 0x000001c420bf8f38]
Event: 65.037 Thread 0x000001c4320d7000 10443       2       java.util.concurrent.atomic.AtomicInteger::getAndDecrement (12 bytes)
Event: 65.037 Thread 0x000001c4320d7000 nmethod 10443 0x000001c420bf9010 code [0x000001c420bf91c0, 0x000001c420bf92d8]
Event: 65.081 Thread 0x000001c4320d7000 10446       2       java.lang.Module::isExported (15 bytes)
Event: 65.082 Thread 0x000001c4320d7000 nmethod 10446 0x000001c420bf9390 code [0x000001c420bf9560, 0x000001c420bf9738]

GC Heap History (20 events):
Event: 48.512 GC heap before
{Heap before GC invocations=31 (full 0):
 garbage-first heap   total 262144K, used 227786K [0x00000000e0000000, 0x0000000100000000)
  region size 1024K, 117 young (119808K), 4 survivors (4096K)
 Metaspace       used 55947K, capacity 57574K, committed 57852K, reserved 305152K
  class space    used 7138K, capacity 7757K, committed 7808K, reserved 253952K
}
Event: 48.526 GC heap after
{Heap after GC invocations=32 (full 0):
 garbage-first heap   total 262144K, used 117078K [0x00000000e0000000, 0x0000000100000000)
  region size 1024K, 9 young (9216K), 9 survivors (9216K)
 Metaspace       used 55947K, capacity 57574K, committed 57852K, reserved 305152K
  class space    used 7138K, capacity 7757K, committed 7808K, reserved 253952K
}
Event: 50.779 GC heap before
{Heap before GC invocations=32 (full 0):
 garbage-first heap   total 262144K, used 165206K [0x00000000e0000000, 0x0000000100000000)
  region size 1024K, 57 young (58368K), 9 survivors (9216K)
 Metaspace       used 58058K, capacity 59849K, committed 59940K, reserved 307200K
  class space    used 7424K, capacity 8086K, committed 8104K, reserved 253952K
}
Event: 50.798 GC heap after
{Heap after GC invocations=33 (full 0):
 garbage-first heap   total 262144K, used 119536K [0x00000000e0000000, 0x0000000100000000)
  region size 1024K, 8 young (8192K), 8 survivors (8192K)
 Metaspace       used 58058K, capacity 59849K, committed 59940K, reserved 307200K
  class space    used 7424K, capacity 8086K, committed 8104K, reserved 253952K
}
Event: 55.334 GC heap before
{Heap before GC invocations=34 (full 0):
 garbage-first heap   total 262144K, used 215792K [0x00000000e0000000, 0x0000000100000000)
  region size 1024K, 108 young (110592K), 8 survivors (8192K)
 Metaspace       used 58679K, capacity 60620K, committed 60784K, reserved 307200K
  class space    used 7491K, capacity 8210K, committed 8232K, reserved 253952K
}
Event: 55.354 GC heap after
{Heap after GC invocations=35 (full 0):
 garbage-first heap   total 262144K, used 121778K [0x00000000e0000000, 0x0000000100000000)
  region size 1024K, 11 young (11264K), 11 survivors (11264K)
 Metaspace       used 58679K, capacity 60620K, committed 60784K, reserved 307200K
  class space    used 7491K, capacity 8210K, committed 8232K, reserved 253952K
}
Event: 57.666 GC heap before
{Heap before GC invocations=35 (full 0):
 garbage-first heap   total 262144K, used 219058K [0x00000000e0000000, 0x0000000100000000)
  region size 1024K, 106 young (108544K), 11 survivors (11264K)
 Metaspace       used 67051K, capacity 69250K, committed 69488K, reserved 315392K
  class space    used 8521K, capacity 9385K, committed 9512K, reserved 253952K
}
Event: 57.682 GC heap after
{Heap after GC invocations=36 (full 0):
 garbage-first heap   total 262144K, used 124113K [0x00000000e0000000, 0x0000000100000000)
  region size 1024K, 3 young (3072K), 3 survivors (3072K)
 Metaspace       used 67051K, capacity 69250K, committed 69488K, reserved 315392K
  class space    used 8521K, capacity 9385K, committed 9512K, reserved 253952K
}
Event: 58.129 GC heap before
{Heap before GC invocations=36 (full 0):
 garbage-first heap   total 262144K, used 138449K [0x00000000e0000000, 0x0000000100000000)
  region size 1024K, 18 young (18432K), 3 survivors (3072K)
 Metaspace       used 70209K, capacity 72533K, committed 72816K, reserved 317440K
  class space    used 8890K, capacity 9732K, committed 9768K, reserved 253952K
}
Event: 58.138 GC heap after
{Heap after GC invocations=37 (full 0):
 garbage-first heap   total 262144K, used 125670K [0x00000000e0000000, 0x0000000100000000)
  region size 1024K, 5 young (5120K), 5 survivors (5120K)
 Metaspace       used 70209K, capacity 72533K, committed 72816K, reserved 317440K
  class space    used 8890K, capacity 9732K, committed 9768K, reserved 253952K
}
Event: 59.302 GC heap before
{Heap before GC invocations=38 (full 0):
 garbage-first heap   total 262144K, used 191206K [0x00000000e0000000, 0x0000000100000000)
  region size 1024K, 63 young (64512K), 5 survivors (5120K)
 Metaspace       used 73815K, capacity 76069K, committed 76400K, reserved 321536K
  class space    used 9354K, capacity 10191K, committed 10280K, reserved 253952K
}
Event: 59.321 GC heap after
{Heap after GC invocations=39 (full 0):
 garbage-first heap   total 262144K, used 129854K [0x00000000e0000000, 0x0000000100000000)
  region size 1024K, 9 young (9216K), 9 survivors (9216K)
 Metaspace       used 73815K, capacity 76069K, committed 76400K, reserved 321536K
  class space    used 9354K, capacity 10191K, committed 10280K, reserved 253952K
}
Event: 60.645 GC heap before
{Heap before GC invocations=40 (full 0):
 garbage-first heap   total 262144K, used 204606K [0x00000000e0000000, 0x0000000100000000)
  region size 1024K, 81 young (82944K), 9 survivors (9216K)
 Metaspace       used 77154K, capacity 79440K, committed 79728K, reserved 323584K
  class space    used 9806K, capacity 10687K, committed 10792K, reserved 253952K
}
Event: 60.666 GC heap after
{Heap after GC invocations=41 (full 0):
 garbage-first heap   total 262144K, used 134605K [0x00000000e0000000, 0x0000000100000000)
  region size 1024K, 10 young (10240K), 10 survivors (10240K)
 Metaspace       used 77154K, capacity 79440K, committed 79728K, reserved 323584K
  class space    used 9806K, capacity 10687K, committed 10792K, reserved 253952K
}
Event: 62.647 GC heap before
{Heap before GC invocations=41 (full 0):
 garbage-first heap   total 262144K, used 196045K [0x00000000e0000000, 0x0000000100000000)
  region size 1024K, 72 young (73728K), 10 survivors (10240K)
 Metaspace       used 84154K, capacity 86436K, committed 86640K, reserved 329728K
  class space    used 10793K, capacity 11744K, committed 11816K, reserved 253952K
}
Event: 62.674 GC heap after
{Heap after GC invocations=42 (full 0):
 garbage-first heap   total 262144K, used 140815K [0x00000000e0000000, 0x0000000100000000)
  region size 1024K, 11 young (11264K), 11 survivors (11264K)
 Metaspace       used 84154K, capacity 86436K, committed 86640K, reserved 329728K
  class space    used 10793K, capacity 11744K, committed 11816K, reserved 253952K
}
Event: 64.034 GC heap before
{Heap before GC invocations=43 (full 0):
 garbage-first heap   total 262144K, used 239119K [0x00000000e0000000, 0x0000000100000000)
  region size 1024K, 79 young (80896K), 11 survivors (11264K)
 Metaspace       used 86728K, capacity 89289K, committed 89584K, reserved 331776K
  class space    used 11155K, capacity 12130K, committed 12200K, reserved 253952K
}
Event: 64.059 GC heap after
{Heap after GC invocations=44 (full 0):
 garbage-first heap   total 262144K, used 177547K [0x00000000e0000000, 0x0000000100000000)
  region size 1024K, 7 young (7168K), 7 survivors (7168K)
 Metaspace       used 86728K, capacity 89289K, committed 89584K, reserved 331776K
  class space    used 11155K, capacity 12130K, committed 12200K, reserved 253952K
}
Event: 64.624 GC heap before
{Heap before GC invocations=44 (full 0):
 garbage-first heap   total 262144K, used 222603K [0x00000000e0000000, 0x0000000100000000)
  region size 1024K, 51 young (52224K), 7 survivors (7168K)
 Metaspace       used 88351K, capacity 90881K, committed 91120K, reserved 333824K
  class space    used 11366K, capacity 12357K, committed 12456K, reserved 253952K
}
Event: 64.635 GC heap after
{Heap after GC invocations=45 (full 0):
 garbage-first heap   total 262144K, used 180079K [0x00000000e0000000, 0x0000000100000000)
  region size 1024K, 2 young (2048K), 2 survivors (2048K)
 Metaspace       used 88351K, capacity 90881K, committed 91120K, reserved 333824K
  class space    used 11366K, capacity 12357K, committed 12456K, reserved 253952K
}

Deoptimization events (20 events):
Event: 64.829 Thread 0x000001c432d42000 Uncommon trap: trap_request=0xffffffde fr.pc=0x000001c426e7d1f0 relative=0x0000000000006670
Event: 64.829 Thread 0x000001c432d42000 Uncommon trap: reason=class_check action=maybe_recompile pc=0x000001c426e7d1f0 method=org.objectweb.asm.ClassReader.readCode(Lorg/objectweb/asm/MethodVisitor;Lorg/objectweb/asm/Context;I)V @ 4090 c2
Event: 64.829 Thread 0x000001c432d42000 DEOPT PACKING pc=0x000001c426e7d1f0 sp=0x0000000217bf8ec0
Event: 64.829 Thread 0x000001c432d42000 DEOPT UNPACKING pc=0x000001c41f1ba1af sp=0x0000000217bf8e60 mode 2
Event: 64.937 Thread 0x000001c432d42000 Uncommon trap: trap_request=0xffffff4d fr.pc=0x000001c42703ee48 relative=0x00000000000017e8
Event: 64.937 Thread 0x000001c432d42000 Uncommon trap: reason=unstable_if action=reinterpret pc=0x000001c42703ee48 method=org.objectweb.asm.ClassReader.readConst(I[C)Ljava/lang/Object; @ 233 c2
Event: 64.937 Thread 0x000001c432d42000 DEOPT PACKING pc=0x000001c42703ee48 sp=0x0000000217bf9820
Event: 64.937 Thread 0x000001c432d42000 DEOPT UNPACKING pc=0x000001c41f1ba1af sp=0x0000000217bf97d0 mode 2
Event: 64.961 Thread 0x000001c432d42000 Uncommon trap: trap_request=0xffffffde fr.pc=0x000001c427149bb8 relative=0x00000000000004b8
Event: 64.961 Thread 0x000001c432d42000 Uncommon trap: reason=class_check action=maybe_recompile pc=0x000001c427149bb8 method=java.util.regex.Matcher.search(I)Z @ 121 c2
Event: 64.961 Thread 0x000001c432d42000 DEOPT PACKING pc=0x000001c427149bb8 sp=0x0000000217bfb120
Event: 64.961 Thread 0x000001c432d42000 DEOPT UNPACKING pc=0x000001c41f1ba1af sp=0x0000000217bfb078 mode 2
Event: 64.963 Thread 0x000001c432d42000 Uncommon trap: trap_request=0xffffffde fr.pc=0x000001c427149bb8 relative=0x00000000000004b8
Event: 64.963 Thread 0x000001c432d42000 Uncommon trap: reason=class_check action=maybe_recompile pc=0x000001c427149bb8 method=java.util.regex.Matcher.search(I)Z @ 121 c2
Event: 64.963 Thread 0x000001c432d42000 DEOPT PACKING pc=0x000001c427149bb8 sp=0x0000000217bfb3c0
Event: 64.963 Thread 0x000001c432d42000 DEOPT UNPACKING pc=0x000001c41f1ba1af sp=0x0000000217bfb318 mode 2
Event: 64.965 Thread 0x000001c432d42000 Uncommon trap: trap_request=0xffffffde fr.pc=0x000001c427149bb8 relative=0x00000000000004b8
Event: 64.965 Thread 0x000001c432d42000 Uncommon trap: reason=class_check action=maybe_recompile pc=0x000001c427149bb8 method=java.util.regex.Matcher.search(I)Z @ 121 c2
Event: 64.965 Thread 0x000001c432d42000 DEOPT PACKING pc=0x000001c427149bb8 sp=0x0000000217bfb110
Event: 64.965 Thread 0x000001c432d42000 DEOPT UNPACKING pc=0x000001c41f1ba1af sp=0x0000000217bfb068 mode 2

Classes redefined (0 events):
No events

Internal exceptions (20 events):
Event: 64.562 Thread 0x000001c432d42000 Exception <a 'java/lang/ClassNotFoundException'{0x00000000ed94ddb8}: org/gradle/api/internal/project/ant/BasicAntBuilderCustomizer> (0x00000000ed94ddb8) thrown at [s\src\hotspot\share\classfile\systemDictionary.cpp, line 230]
Event: 64.563 Thread 0x000001c432d42000 Exception <a 'java/lang/ClassNotFoundException'{0x00000000ed979750}: org/gradle/api/internal/project/DefaultAntBuilderCustomizer> (0x00000000ed979750) thrown at [s\src\hotspot\share\classfile\systemDictionary.cpp, line 230]
Event: 64.618 Thread 0x000001c432d42000 Exception <a 'java/lang/ClassNotFoundException'{0x00000000ed43c0e0}: org/gradle/api/internal/tasks/DefaultTaskContainer_DecoratedBeanInfo> (0x00000000ed43c0e0) thrown at [s\src\hotspot\share\classfile\systemDictionary.cpp, line 230]
Event: 64.619 Thread 0x000001c432d42000 Exception <a 'java/lang/ClassNotFoundException'{0x00000000ed454298}: org/gradle/api/internal/tasks/DefaultTaskContainerBeanInfo> (0x00000000ed454298) thrown at [s\src\hotspot\share\classfile\systemDictionary.cpp, line 230]
Event: 64.620 Thread 0x000001c432d42000 Exception <a 'java/lang/ClassNotFoundException'{0x00000000ed46cf60}: org/gradle/api/internal/tasks/DefaultTaskCollectionBeanInfo> (0x00000000ed46cf60) thrown at [s\src\hotspot\share\classfile\systemDictionary.cpp, line 230]
Event: 64.621 Thread 0x000001c432d42000 Exception <a 'java/lang/ClassNotFoundException'{0x00000000ed486170}: org/gradle/api/internal/tasks/DefaultTaskCollectionCustomizer> (0x00000000ed486170) thrown at [s\src\hotspot\share\classfile\systemDictionary.cpp, line 230]
Event: 64.623 Thread 0x000001c432d42000 Exception <a 'java/lang/ClassNotFoundException'{0x00000000ed4c77a8}: org/gradle/api/internal/tasks/DefaultTaskContainerCustomizer> (0x00000000ed4c77a8) thrown at [s\src\hotspot\share\classfile\systemDictionary.cpp, line 230]
Event: 64.637 Thread 0x000001c432d42000 Exception <a 'java/lang/ClassNotFoundException'{0x00000000eff2ca50}: org/gradle/api/internal/tasks/DefaultTaskContainer_DecoratedCustomizer> (0x00000000eff2ca50) thrown at [s\src\hotspot\share\classfile\systemDictionary.cpp, line 230]
Event: 64.649 Thread 0x000001c432d42000 Exception <a 'java/lang/ClassNotFoundException'{0x00000000efea8e80}: java/util/ArrayListBeanInfo> (0x00000000efea8e80) thrown at [s\src\hotspot\share\classfile\systemDictionary.cpp, line 230]
Event: 64.650 Thread 0x000001c432d42000 Exception <a 'java/lang/ClassNotFoundException'{0x00000000efeb2b50}: java/util/ArrayListCustomizer> (0x00000000efeb2b50) thrown at [s\src\hotspot\share\classfile\systemDictionary.cpp, line 230]
Event: 64.662 Thread 0x000001c432d42000 Exception <a 'java/lang/ClassNotFoundException'{0x00000000efd4d570}: java/util/CollectionBeanInfo> (0x00000000efd4d570) thrown at [s\src\hotspot\share\classfile\systemDictionary.cpp, line 230]
Event: 64.663 Thread 0x000001c432d42000 Exception <a 'java/lang/ClassNotFoundException'{0x00000000efd572e0}: java/util/CollectionCustomizer> (0x00000000efd572e0) thrown at [s\src\hotspot\share\classfile\systemDictionary.cpp, line 230]
Event: 64.675 Thread 0x000001c432d42000 Exception <a 'java/lang/ClassNotFoundException'{0x00000000efde2058}: org/gradle/api/tasks/SourceSetBeanInfo> (0x00000000efde2058) thrown at [s\src\hotspot\share\classfile\systemDictionary.cpp, line 230]
Event: 64.676 Thread 0x000001c432d42000 Exception <a 'java/lang/ClassNotFoundException'{0x00000000efc01f08}: org/gradle/api/tasks/SourceSetCustomizer> (0x00000000efc01f08) thrown at [s\src\hotspot\share\classfile\systemDictionary.cpp, line 230]
Event: 64.680 Thread 0x000001c432d42000 Exception <a 'java/lang/ClassNotFoundException'{0x00000000efc7ff40}: java/util/LinkedHashMapBeanInfo> (0x00000000efc7ff40) thrown at [s\src\hotspot\share\classfile\systemDictionary.cpp, line 230]
Event: 64.681 Thread 0x000001c432d42000 Exception <a 'java/lang/ClassNotFoundException'{0x00000000efc895e0}: java/util/HashMapBeanInfo> (0x00000000efc895e0) thrown at [s\src\hotspot\share\classfile\systemDictionary.cpp, line 230]
Event: 64.682 Thread 0x000001c432d42000 Exception <a 'java/lang/ClassNotFoundException'{0x00000000efc93828}: java/util/AbstractMapBeanInfo> (0x00000000efc93828) thrown at [s\src\hotspot\share\classfile\systemDictionary.cpp, line 230]
Event: 64.682 Thread 0x000001c432d42000 Exception <a 'java/lang/ClassNotFoundException'{0x00000000efc9d5d8}: java/util/AbstractMapCustomizer> (0x00000000efc9d5d8) thrown at [s\src\hotspot\share\classfile\systemDictionary.cpp, line 230]
Event: 64.683 Thread 0x000001c432d42000 Exception <a 'java/lang/ClassNotFoundException'{0x00000000efcb0eb8}: java/util/HashMapCustomizer> (0x00000000efcb0eb8) thrown at [s\src\hotspot\share\classfile\systemDictionary.cpp, line 230]
Event: 64.684 Thread 0x000001c432d42000 Exception <a 'java/lang/ClassNotFoundException'{0x00000000efcd15b0}: java/util/LinkedHashMapCustomizer> (0x00000000efcd15b0) thrown at [s\src\hotspot\share\classfile\systemDictionary.cpp, line 230]

Events (20 events):
Event: 65.108 loading class kotlin/coroutines/Continuation
Event: 65.108 loading class kotlin/coroutines/Continuation done
Event: 65.108 loading class kotlin/coroutines/jvm/internal/CoroutineStackFrame
Event: 65.108 loading class kotlin/coroutines/jvm/internal/CoroutineStackFrame done
Event: 65.108 loading class com/amazon/ion/impl/bin/IonManagedBinaryWriter$ImportedSymbolResolverMode$1$1$1
Event: 65.108 loading class com/amazon/ion/impl/bin/IonManagedBinaryWriter$ImportedSymbolResolverMode$1$1$1 done
Event: 65.110 loading class com/amazon/ion/impl/bin/IonRawBinaryWriter$PreallocationMode
Event: 65.110 loading class com/amazon/ion/impl/bin/IonRawBinaryWriter$PreallocationMode done
Event: 65.110 loading class kotlin/sequences/SequencesKt
Event: 65.110 loading class kotlin/sequences/SequencesKt done
Event: 65.111 loading class kotlin/sequences/SequencesKt___SequencesKt
Event: 65.111 loading class kotlin/sequences/SequencesKt___SequencesKt done
Event: 65.111 loading class com/amazon/ion/impl/bin/IonRawBinaryWriter$PreallocationMode$1
Event: 65.111 loading class com/amazon/ion/impl/bin/IonRawBinaryWriter$PreallocationMode$1 done
Event: 65.112 loading class com/amazon/ion/impl/bin/IonRawBinaryWriter$PreallocationMode$2
Event: 65.112 loading class com/amazon/ion/impl/bin/IonRawBinaryWriter$PreallocationMode$2 done
Event: 65.113 loading class com/amazon/ion/impl/bin/IonRawBinaryWriter$PreallocationMode$3
Event: 65.113 loading class com/amazon/ion/impl/bin/IonRawBinaryWriter$PreallocationMode$3 done
Event: 65.115 loading class com/amazon/ion/impl/bin/IonRawBinaryWriter
Event: 65.115 loading class com/amazon/ion/impl/bin/IonRawBinaryWriter done


Dynamic libraries:
0x00007ff7a4780000 - 0x00007ff7a478d000 	C:\Users\CCI\.jdks\corretto-11.0.19\bin\java.exe
0x00007ffb74570000 - 0x00007ffb74768000 	C:\Windows\SYSTEM32\ntdll.dll
0x00007ffb72770000 - 0x00007ffb7282f000 	C:\Windows\System32\KERNEL32.DLL
0x00007ffb71c50000 - 0x00007ffb71f46000 	C:\Windows\System32\KERNELBASE.dll
0x00007ffb722f0000 - 0x00007ffb723f0000 	C:\Windows\System32\ucrtbase.dll
0x00007ffb69060000 - 0x00007ffb69079000 	C:\Users\CCI\.jdks\corretto-11.0.19\bin\VCRUNTIME140.dll
0x00007ffb69040000 - 0x00007ffb69057000 	C:\Users\CCI\.jdks\corretto-11.0.19\bin\jli.dll
0x00007ffb742f0000 - 0x00007ffb7448d000 	C:\Windows\System32\USER32.dll
0x00007ffb71f50000 - 0x00007ffb71f72000 	C:\Windows\System32\win32u.dll
0x00007ffb728a0000 - 0x00007ffb728cc000 	C:\Windows\System32\GDI32.dll
0x00007ffb71f80000 - 0x00007ffb72095000 	C:\Windows\System32\gdi32full.dll
0x00007ffb72250000 - 0x00007ffb722ed000 	C:\Windows\System32\msvcp_win.dll
0x00007ffb67000000 - 0x00007ffb6729a000 	C:\Windows\WinSxS\amd64_microsoft.windows.common-controls_6595b64144ccf1df_6.0.19041.1110_none_60b5254171f9507e\COMCTL32.dll
0x00007ffb74490000 - 0x00007ffb7452e000 	C:\Windows\System32\msvcrt.dll
0x00007ffb73ff0000 - 0x00007ffb74020000 	C:\Windows\System32\IMM32.DLL
0x00007ffb4a5e0000 - 0x00007ffb4a67b000 	C:\Users\CCI\.jdks\corretto-11.0.19\bin\msvcp140.dll
0x00007ffb35650000 - 0x00007ffb361da000 	C:\Users\CCI\.jdks\corretto-11.0.19\bin\server\jvm.dll
0x00007ffb72c30000 - 0x00007ffb72cdf000 	C:\Windows\System32\ADVAPI32.dll
0x00007ffb741d0000 - 0x00007ffb7426c000 	C:\Windows\System32\sechost.dll
0x00007ffb731c0000 - 0x00007ffb732e6000 	C:\Windows\System32\RPCRT4.dll
0x00007ffb732f0000 - 0x00007ffb732f8000 	C:\Windows\System32\PSAPI.DLL
0x00007ffb6c940000 - 0x00007ffb6c949000 	C:\Windows\SYSTEM32\WSOCK32.dll
0x00007ffb72830000 - 0x00007ffb7289b000 	C:\Windows\System32\WS2_32.dll
0x00007ffb67bf0000 - 0x00007ffb67c17000 	C:\Windows\SYSTEM32\WINMM.dll
0x00007ffb68a30000 - 0x00007ffb68a3a000 	C:\Windows\SYSTEM32\VERSION.dll
0x00007ffb6fb20000 - 0x00007ffb6fb32000 	C:\Windows\SYSTEM32\kernel.appcore.dll
0x00007ffb6a040000 - 0x00007ffb6a050000 	C:\Users\CCI\.jdks\corretto-11.0.19\bin\verify.dll
0x00007ffb6a650000 - 0x00007ffb6a834000 	C:\Windows\SYSTEM32\DBGHELP.DLL
0x00007ffb6a2b0000 - 0x00007ffb6a2e4000 	C:\Windows\SYSTEM32\dbgcore.DLL
0x00007ffb720a0000 - 0x00007ffb72122000 	C:\Windows\System32\bcryptPrimitives.dll
0x00007ffb5a230000 - 0x00007ffb5a258000 	C:\Users\CCI\.jdks\corretto-11.0.19\bin\java.dll
0x00007ffb68fd0000 - 0x00007ffb68fda000 	C:\Users\CCI\.jdks\corretto-11.0.19\bin\jimage.dll
0x00007ffb63f50000 - 0x00007ffb63f68000 	C:\Users\CCI\.jdks\corretto-11.0.19\bin\zip.dll
0x00007ffb736a0000 - 0x00007ffb73de4000 	C:\Windows\System32\SHELL32.dll
0x00007ffb6fcd0000 - 0x00007ffb70463000 	C:\Windows\SYSTEM32\windows.storage.dll
0x00007ffb728d0000 - 0x00007ffb72c24000 	C:\Windows\System32\combase.dll
0x00007ffb714f0000 - 0x00007ffb7151e000 	C:\Windows\SYSTEM32\Wldp.dll
0x00007ffb73560000 - 0x00007ffb7360d000 	C:\Windows\System32\SHCORE.dll
0x00007ffb73500000 - 0x00007ffb73555000 	C:\Windows\System32\shlwapi.dll
0x00007ffb71b90000 - 0x00007ffb71baf000 	C:\Windows\SYSTEM32\profapi.dll
0x00007ffb5a210000 - 0x00007ffb5a229000 	C:\Users\CCI\.jdks\corretto-11.0.19\bin\net.dll
0x00007ffb69b30000 - 0x00007ffb69c3a000 	C:\Windows\SYSTEM32\WINHTTP.dll
0x00007ffb712d0000 - 0x00007ffb7133a000 	C:\Windows\system32\mswsock.dll
0x00007ffb59fd0000 - 0x00007ffb59fe3000 	C:\Users\CCI\.jdks\corretto-11.0.19\bin\nio.dll
0x00007ffb61810000 - 0x00007ffb61837000 	C:\Users\CCI\.gradle\native\e1d6ef7f7dcc3fd88c89a11ec53ec762bb8ba0a96d01ffa2cd45eb1d1d8dd5c5\windows-amd64\native-platform.dll
0x00007ffb43ff0000 - 0x00007ffb44134000 	C:\Users\CCI\.gradle\native\0d407fdbe67a94daf76414ababcb853783967236a71b16ec16e742cd7a986fd3\windows-amd64\native-platform-file-events.dll
0x00007ffb64da0000 - 0x00007ffb64da9000 	C:\Users\CCI\.jdks\corretto-11.0.19\bin\management.dll
0x00007ffb63e60000 - 0x00007ffb63e6b000 	C:\Users\CCI\.jdks\corretto-11.0.19\bin\management_ext.dll
0x00007ffb71870000 - 0x00007ffb71888000 	C:\Windows\SYSTEM32\CRYPTSP.dll
0x00007ffb70c10000 - 0x00007ffb70c44000 	C:\Windows\system32\rsaenh.dll
0x00007ffb723f0000 - 0x00007ffb72417000 	C:\Windows\System32\bcrypt.dll
0x00007ffb71b50000 - 0x00007ffb71b7e000 	C:\Windows\SYSTEM32\USERENV.dll
0x00007ffb71460000 - 0x00007ffb7146c000 	C:\Windows\SYSTEM32\CRYPTBASE.dll
0x00007ffb70fe0000 - 0x00007ffb7101c000 	C:\Windows\SYSTEM32\IPHLPAPI.DLL
0x00007ffb72760000 - 0x00007ffb72768000 	C:\Windows\System32\NSI.dll
0x00007ffb6a390000 - 0x00007ffb6a3a7000 	C:\Windows\SYSTEM32\dhcpcsvc6.DLL
0x00007ffb6aaa0000 - 0x00007ffb6aabd000 	C:\Windows\SYSTEM32\dhcpcsvc.DLL
0x00007ffb71020000 - 0x00007ffb710eb000 	C:\Windows\SYSTEM32\DNSAPI.dll
0x00007ffb70d30000 - 0x00007ffb70d63000 	C:\Windows\SYSTEM32\ntmarta.dll

dbghelp: loaded successfully - version: 4.0.5 - missing functions: none
symbol engine: initialized successfully - sym options: 0x614 - pdb path: .;C:\Users\CCI\.jdks\corretto-11.0.19\bin;C:\Windows\SYSTEM32;C:\Windows\WinSxS\amd64_microsoft.windows.common-controls_6595b64144ccf1df_6.0.19041.1110_none_60b5254171f9507e;C:\Users\CCI\.jdks\corretto-11.0.19\bin\server;C:\Users\CCI\.gradle\native\e1d6ef7f7dcc3fd88c89a11ec53ec762bb8ba0a96d01ffa2cd45eb1d1d8dd5c5\windows-amd64;C:\Users\CCI\.gradle\native\0d407fdbe67a94daf76414ababcb853783967236a71b16ec16e742cd7a986fd3\windows-amd64

VM Arguments:
jvm_args: -XX:MaxMetaspaceSize=256m -XX:+HeapDumpOnOutOfMemoryError --add-opens=java.base/java.util=ALL-UNNAMED --add-opens=java.base/java.lang=ALL-UNNAMED --add-opens=java.base/java.lang.invoke=ALL-UNNAMED --add-opens=java.base/java.util=ALL-UNNAMED --add-opens=java.prefs/java.util.prefs=ALL-UNNAMED --add-opens=java.prefs/java.util.prefs=ALL-UNNAMED --add-opens=java.base/java.nio.charset=ALL-UNNAMED --add-opens=java.base/java.net=ALL-UNNAMED --add-opens=java.base/java.util.concurrent.atomic=ALL-UNNAMED -Xms256m -Xmx512m -Dfile.encoding=windows-1252 -Duser.country=US -Duser.language=en -Duser.variant 
java_command: org.gradle.launcher.daemon.bootstrap.GradleDaemon 7.5
java_class_path (initial): C:\Users\CCI\.gradle\wrapper\dists\gradle-7.5-all\6qsw290k5lz422uaf8jf6m7co\gradle-7.5\lib\gradle-launcher-7.5.jar
Launcher Type: SUN_STANDARD

[Global flags]
     intx CICompilerCount                          = 3                                         {product} {ergonomic}
   size_t CompressedClassSpaceSize                 = 260046848                                 {product} {ergonomic}
     uint ConcGCThreads                            = 1                                         {product} {ergonomic}
     uint G1ConcRefinementThreads                  = 4                                         {product} {ergonomic}
   size_t G1HeapRegionSize                         = 1048576                                   {product} {ergonomic}
    uintx GCDrainStackTargetSize                   = 64                                        {product} {ergonomic}
     bool HeapDumpOnOutOfMemoryError               = true                                   {manageable} {command line}
   size_t InitialHeapSize                          = 268435456                                 {product} {command line}
   size_t MarkStackSize                            = 4194304                                   {product} {ergonomic}
   size_t MaxHeapSize                              = 536870912                                 {product} {command line}
   size_t MaxMetaspaceSize                         = 268435456                                 {product} {command line}
   size_t MaxNewSize                               = 321912832                                 {product} {ergonomic}
   size_t MinHeapDeltaBytes                        = 1048576                                   {product} {ergonomic}
    uintx NonNMethodCodeHeapSize                   = 5830732                                {pd product} {ergonomic}
    uintx NonProfiledCodeHeapSize                  = 122913754                              {pd product} {ergonomic}
    uintx ProfiledCodeHeapSize                     = 122913754                              {pd product} {ergonomic}
    uintx ReservedCodeCacheSize                    = 251658240                              {pd product} {ergonomic}
     bool SegmentedCodeCache                       = true                                      {product} {ergonomic}
     bool UseCompressedClassPointers               = true                                 {lp64_product} {ergonomic}
     bool UseCompressedOops                        = true                                 {lp64_product} {ergonomic}
     bool UseG1GC                                  = true                                      {product} {ergonomic}
     bool UseLargePagesIndividualAllocation        = false                                  {pd product} {ergonomic}

Logging:
Log output configuration:
 #0: stdout all=warning uptime,level,tags
 #1: stderr all=off uptime,level,tags

Environment Variables:
PATH=C:\Program Files\Common Files\Oracle\Java\javapath;C:\Windows\system32;C:\Windows;C:\Windows\System32\Wbem;C:\Windows\System32\WindowsPowerShell\v1.0\;C:\Windows\System32\OpenSSH\;C:\Program Files\Git\cmd;C:\Users\CCI\AppData\Local\Microsoft\WindowsApps;C:\Program Files\Java\jdk-19\bin;
USERNAME=CCI
OS=Windows_NT
PROCESSOR_IDENTIFIER=Intel64 Family 6 Model 61 Stepping 4, GenuineIntel
TMP=C:\Users\CCI\AppData\Local\Temp
TEMP=C:\Users\CCI\AppData\Local\Temp



---------------  S Y S T E M  ---------------

OS: Windows 10 , 64 bit Build 19041 (10.0.19041.2913)
OS uptime: 4 days 2:29 hours
Hyper-V role detected

CPU:total 4 (initial active 4) (2 cores per cpu, 2 threads per core) family 6 model 61 stepping 4 microcode 0x2d, cmov, cx8, fxsr, mmx, sse, sse2, sse3, ssse3, sse4.1, sse4.2, popcnt, avx, avx2, aes, clmul, erms, rtm, 3dnowpref, lzcnt, ht, tsc, tscinvbit, bmi1, bmi2, adx, fma

Memory: 4k page, system-wide physical 8067M (283M free)
TotalPageFile size 12163M (AvailPageFile size 5M)
current process WorkingSet (physical memory assigned to process): 451M, peak: 479M
current process commit charge ("private bytes"): 528M, peak: 528M

vm_info: OpenJDK 64-Bit Server VM (11.0.19+7-LTS) for windows-amd64 JRE (11.0.19+7-LTS), built on Apr 13 2023 22:56:25 by "Administrator" with MS VC++ 15.9 (VS2017)

END.
